-------- Accumulated canonicals[order=0] : count = 0, min_theta = 100000000/1 --------
-------- Accumulated canonicals[order=1] : count = 0, min_theta = 100000000/1 --------
-------- Accumulated canonicals[order=2] : count = 0, min_theta = 100000000/1 --------
-------- Accumulated canonicals[order=3] : count = 1, min_theta = 100000000/1 --------
  [0] {}
-------- Accumulated canonicals[order=4] : count = 2, min_theta = 15/1 --------
  [0] {0123  }
  [1] {0123>0}
-------- Accumulated canonicals[order=5] : count = 21, min_theta = 15/4 --------
  [0] {0123  }
  [1] {0123>0}
  [2] {0123  , 0124  }
  [3] {0123  , 0124>0}
  [4] {0123  , 0124>4}
  [5] {0123>0, 0124>0}
  [6] {0123>0, 0124>1}
  [7] {0123>1, 0234>0}
  [8] {0234>0, 1234>1}
  [9] {0123  , 0124  , 0134  }
  [10] {0123  , 0124  , 0134>0}
  [11] {0123  , 0124>0, 0134>0}
  [12] {0123  , 0124>1, 0134>0}
  [13] {0123>0, 0124>0, 0134>0}
  [14] {0123>0, 0124>1, 0134>0}
  [15] {0123  , 0124  , 0134  , 0234  }
  [16] {0123  , 0124  , 0134  , 0234>0}
  [17] {0123  , 0124  , 0134>0, 0234>0}
  [18] {0123  , 0124>0, 0134>0, 0234>0}
  [19] {0123>0, 0124>0, 0134>0, 0234>0}
  [20] {0123  , 0124  , 0134  , 0234  , 1234  }
