-------- Accumulated canonicals[order=0] : count = 0, min_theta = 100000000/1 --------
-------- Accumulated canonicals[order=1] : count = 0, min_theta = 100000000/1 --------
-------- Accumulated canonicals[order=2] : count = 1, min_theta = 100000000/1 --------
  [0] {}
-------- Accumulated canonicals[order=3] : count = 2, min_theta = 10/1 --------
  [0] {012  }
  [1] {012>0}
-------- Accumulated canonicals[order=4] : count = 14, min_theta = 10/3 --------
  [0] {012  }
  [1] {012>0}
  [2] {012  , 013  }
  [3] {012  , 013>0}
  [4] {012  , 013>3}
  [5] {012>0, 013>0}
  [6] {012>0, 013>1}
  [7] {012>1, 023>0}
  [8] {023>0, 123>1}
  [9] {012  , 013  , 023  }
  [10] {012  , 013  , 023>0}
  [11] {012  , 013>0, 023>0}
  [12] {012>0, 013>0, 023>0}
  [13] {012  , 013  , 023  , 123  }
