kPDG run arguments: K=3, N=5, TOTAL_EDGES=10, THREADS=6, idx_range=[0, 0]
Searching graphs with theta 5/3

Searching for all T_k-free k-PDGs
    K= 3 (number of vertices in each edge)
    N= 5 (maximum possible number of edges in each graph)

--------Wall clock time:  3ms
    Current minimum theta = 10 / 3
    Produced by graph: {012>0, 013>0, 023>0}
    Accumulated canonicals	= 15
    Ops (vertex sig, copies, canonicalize, permute, T_k)= (46, 140, 46, 0, 140)
    Isomorphic tests (total, true, expensive, false w/ =hash, identical, codeg_diff)= 
                     (31, 31, 0, 0, 31, 0)
    Growth stats(vertices, total in step, processed in step, accumulated in step)= (4, 2, 2, 12)

---------------------------------
Growth phase completed. State:
    order=0 : collected= 0, all_edge_directed= 0
    order=1 : collected= 0, all_edge_directed= 0
    order=2 : collected= 1, all_edge_directed= 1
    order=3 : collected= 2, all_edge_directed= 1
    order=4 : collected= 14, all_edge_directed= 6
---------------------------------

Starting final enumeration phase...


***************************
ALL DONE. Final result:

--------Wall clock time:  10ms
    Current minimum theta = 5 / 3
    Produced by graph: {012>0, 013>0, 023>0, 124>4, 134>4, 234>4}
    Base graphs processed / total = 14 / 14. Ops (copies, T_k, free)= (31727, 30348, 15)
    EdgeGen stats (tk-skip, bits, theta_edge_skip, theta_dir_skip, sets)= (5754, 7836, 6079, 6107, 5757)
