-------- Accumulated canonicals[order=0] : count = 0, min_theta = 100000000/1 --------
-------- Accumulated canonicals[order=1] : count = 0, min_theta = 100000000/1 --------
-------- Accumulated canonicals[order=2] : count = 1, min_theta = 100000000/1 --------
  [0] {}
-------- Accumulated canonicals[order=3] : count = 2, min_theta = 20/1 --------
  [0] {012  }
  [1] {012>0}
-------- Accumulated canonicals[order=4] : count = 14, min_theta = 20/3 --------
  [0] {012  }
  [1] {012>0}
  [2] {012  , 013  }
  [3] {012  , 013>0}
  [4] {012  , 013>3}
  [5] {012>0, 013>0}
  [6] {012>0, 013>1}
  [7] {012>1, 023>0}
  [8] {023>0, 123>1}
  [9] {012  , 013  , 023  }
  [10] {012  , 013  , 023>0}
  [11] {012  , 013>0, 023>0}
  [12] {012>0, 013>0, 023>0}
  [13] {012  , 013  , 023  , 123  }
-------- Accumulated canonicals[order=5] : count = 752, min_theta = 10/3 --------
  [0] {012  }
  [1] {012>0}
  [2] {012  , 013  }
  [3] {012  , 013>0}
  [4] {012  , 013>3}
  [5] {012  , 034  }
  [6] {012  , 034>0}
  [7] {012  , 034>3}
  [8] {012>0, 013>0}
  [9] {012>0, 013>1}
  [10] {012>0, 034>0}
  [11] {012>1, 023>0}
  [12] {023>0, 123>1}
  [13] {023>0, 014>1}
  [14] {023>0, 124>1}
  [15] {012  , 013  , 023  }
  [16] {012  , 013  , 023>0}
  [17] {012  , 013  , 014  }
  [18] {012  , 013  , 014>0}
  [19] {012  , 013  , 014>4}
  [20] {012  , 013  , 024  }
  [21] {012  , 013  , 024>0}
  [22] {012  , 013  , 024>2}
  [23] {012  , 013  , 024>4}
  [24] {012  , 013  , 234>2}
  [25] {012  , 013  , 234>4}
  [26] {012  , 013>0, 023>0}
  [27] {012  , 013>0, 014>0}
  [28] {012  , 013>0, 014>1}
  [29] {012  , 013>0, 024>0}
  [30] {012  , 013>0, 034>0}
  [31] {012  , 013>0, 034>3}
  [32] {012  , 013>0, 134>3}
  [33] {012  , 013>1, 034>0}
  [34] {012  , 013>3, 014>0}
  [35] {012  , 013>3, 014>4}
  [36] {012  , 013>3, 024>4}
  [37] {012  , 013>3, 034>0}
  [38] {012  , 013>3, 034>3}
  [39] {012  , 013>3, 034>4}
  [40] {012  , 023>0, 014>1}
  [41] {012  , 023>0, 124>1}
  [42] {012  , 023>0, 134>3}
  [43] {012  , 023>3, 014>0}
  [44] {012  , 123  , 034  }
  [45] {012  , 123>1, 034  }
  [46] {012  , 123>1, 034>0}
  [47] {012  , 123>3, 014>0}
  [48] {012  , 123>3, 034>0}
  [49] {012  , 123>3, 034>3}
  [50] {012  , 123>3, 034>4}
  [51] {012  , 014>0, 034>3}
  [52] {012  , 014>0, 134>3}
  [53] {012  , 024>0, 134>3}
  [54] {012  , 034>0, 134>1}
  [55] {012  , 034>0, 134>3}
  [56] {012  , 034>3, 134>3}
  [57] {012  , 034>4, 134>3}
  [58] {012>0, 013  , 024  }
  [59] {012>0, 013>0, 023>0}
  [60] {012>0, 013>0, 014>0}
  [61] {012>0, 013>0, 014>1}
  [62] {012>0, 013>0, 024>0}
  [63] {012>0, 013>1, 024>2}
  [64] {012>0, 023>0, 014>1}
  [65] {012>0, 023>0, 124>1}
  [66] {012>0, 023>0, 134>1}
  [67] {012>0, 023>2, 134>1}
  [68] {012>0, 123>1, 014>0}
  [69] {012>0, 123>1, 034>0}
  [70] {012>1, 013  , 024  }
  [71] {012>1, 013>0, 024>0}
  [72] {012>1, 013>0, 024>2}
  [73] {012>1, 023>0, 024>0}
  [74] {012>2, 013>0, 014>1}
  [75] {012>2, 013>1, 034>0}
  [76] {012>2, 034>0, 134>1}
  [77] {013>0, 023>2, 014>1}
  [78] {013>0, 123>1, 024>2}
  [79] {013>0, 014>1, 234>2}
  [80] {013>0, 024>2, 134>1}
  [81] {013>1, 023>0, 024>0}
  [82] {013>1, 023>2, 014>0}
  [83] {013>1, 023>2, 034>0}
  [84] {013>1, 123>2, 034>0}
  [85] {013>1, 024>2, 034>0}
  [86] {013>1, 034>0, 234>2}
  [87] {023  , 123>1, 014  }
  [88] {023>0, 123>1, 014>0}
  [89] {023>0, 123>1, 024>0}
  [90] {023>0, 124>1, 034>0}
  [91] {034>0, 134>1, 234>2}
  [92] {012  , 013  , 023  , 123  }
  [93] {012  , 013  , 023  , 014  }
  [94] {012  , 013  , 023  , 014>0}
  [95] {012  , 013  , 023  , 014>1}
  [96] {012  , 013  , 023  , 014>4}
  [97] {012  , 013  , 023  , 124>1}
  [98] {012  , 013  , 023  , 124>4}
  [99] {012  , 013  , 023>0, 014  }
  [100] {012  , 013  , 023>0, 014>0}
  [101] {012  , 013  , 023>0, 014>1}
  [102] {012  , 013  , 023>0, 014>4}
  [103] {012  , 013  , 023>0, 024>0}
  [104] {012  , 013  , 023>0, 024>2}
  [105] {012  , 013  , 023>0, 024>4}
  [106] {012  , 013  , 023>0, 124>2}
  [107] {012  , 013  , 023>0, 124>4}
  [108] {012  , 013  , 023>0, 234>2}
  [109] {012  , 013  , 023>0, 234>4}
  [110] {012  , 013  , 123  , 024  }
  [111] {012  , 013  , 123>1, 024  }
  [112] {012  , 013  , 123>1, 024>0}
  [113] {012  , 013  , 014  , 234  }
  [114] {012  , 013  , 014  , 234>2}
  [115] {012  , 013  , 014>0, 024>0}
  [116] {012  , 013  , 014>0, 234  }
  [117] {012  , 013  , 014>0, 234>2}
  [118] {012  , 013  , 014>0, 234>4}
  [119] {012  , 013  , 014>4, 234  }
  [120] {012  , 013  , 014>4, 234>2}
  [121] {012  , 013  , 014>4, 234>4}
  [122] {012  , 013  , 024  , 034  }
  [123] {012  , 013  , 024  , 034>0}
  [124] {012  , 013  , 024  , 034>3}
  [125] {012  , 013  , 024  , 134>3}
  [126] {012  , 013  , 024>0, 034>0}
  [127] {012  , 013  , 024>0, 134>1}
  [128] {012  , 013  , 024>0, 234>2}
  [129] {012  , 013  , 024>0, 234>4}
  [130] {012  , 013  , 024>2, 124>2}
  [131] {012  , 013  , 024>2, 034>0}
  [132] {012  , 013  , 024>2, 034>3}
  [133] {012  , 013  , 024>2, 034>4}
  [134] {012  , 013  , 024>2, 134>3}
  [135] {012  , 013  , 024>2, 234>2}
  [136] {012  , 013  , 024>2, 234>3}
  [137] {012  , 013  , 024>2, 234>4}
  [138] {012  , 013  , 024>4, 034>0}
  [139] {012  , 013  , 024>4, 034>4}
  [140] {012  , 013  , 024>4, 134>4}
  [141] {012  , 013  , 024>4, 234>2}
  [142] {012  , 013  , 024>4, 234>4}
  [143] {012  , 013  , 124>2, 034>0}
  [144] {012  , 013  , 124>2, 034>4}
  [145] {012  , 013  , 124>4, 034>0}
  [146] {012  , 013  , 034>0, 234>2}
  [147] {012  , 013  , 034>4, 234>2}
  [148] {012  , 013>0, 023  , 014  }
  [149] {012  , 013>0, 023>0, 014>0}
  [150] {012  , 013>0, 023>0, 014>1}
  [151] {012  , 013>0, 023>0, 124>1}
  [152] {012  , 013>0, 023>0, 034>0}
  [153] {012  , 013>0, 023>0, 034>3}
  [154] {012  , 013>0, 023>0, 134>1}
  [155] {012  , 013>0, 023>0, 134>3}
  [156] {012  , 013>0, 014>0, 034>0}
  [157] {012  , 013>0, 014>0, 234>3}
  [158] {012  , 013>0, 014>4, 234>3}
  [159] {012  , 013>0, 024>0, 034  }
  [160] {012  , 013>0, 024>0, 034>0}
  [161] {012  , 013>0, 024>0, 034>3}
  [162] {012  , 013>0, 024>0, 134>3}
  [163] {012  , 013>0, 024>4, 034>3}
  [164] {012  , 013>0, 124>4, 134>3}
  [165] {012  , 013>0, 134>3, 234>3}
  [166] {012  , 013>0, 134>3, 234>4}
  [167] {012  , 013>0, 134>4, 234>3}
  [168] {012  , 013>1, 014>0, 234>2}
  [169] {012  , 013>1, 014>0, 234>3}
  [170] {012  , 013>1, 024>0, 034>3}
  [171] {012  , 013>1, 024>0, 134>3}
  [172] {012  , 013>1, 024>0, 234>3}
  [173] {012  , 013>1, 024>2, 034  }
  [174] {012  , 013>1, 024>2, 034>0}
  [175] {012  , 013>1, 034>0, 234>3}
  [176] {012  , 013>3, 014>0, 024>0}
  [177] {012  , 013>3, 014>0, 234>3}
  [178] {012  , 013>3, 014>4, 234>3}
  [179] {012  , 013>3, 024>0, 134>3}
  [180] {012  , 013>3, 024>4, 034>0}
  [181] {012  , 013>3, 024>4, 034>3}
  [182] {012  , 013>3, 024>4, 134>3}
  [183] {012  , 013>3, 124>1, 034>0}
  [184] {012  , 013>3, 034>3, 134>3}
  [185] {012  , 023  , 014  , 134>1}
  [186] {012  , 023  , 014  , 134>3}
  [187] {012  , 023>0, 014>0, 134>1}
  [188] {012  , 023>0, 014>0, 134>3}
  [189] {012  , 023>0, 014>1, 034  }
  [190] {012  , 023>0, 014>1, 034>0}
  [191] {012  , 023>0, 014>1, 034>3}
  [192] {012  , 023>0, 014>1, 234>3}
  [193] {012  , 023>0, 014>4, 134>3}
  [194] {012  , 023>0, 024>0, 134>1}
  [195] {012  , 023>0, 124>1, 034>3}
  [196] {012  , 023>0, 124>1, 234>3}
  [197] {012  , 023>0, 124>4, 134>3}
  [198] {012  , 023>0, 034>0, 134>1}
  [199] {012  , 023>0, 034>0, 134>3}
  [200] {012  , 023>0, 034>3, 134>1}
  [201] {012  , 023>0, 034>3, 134>3}
  [202] {012  , 023>0, 034>3, 134>4}
  [203] {012  , 023>0, 034>4, 134>3}
  [204] {012  , 023>2, 034  , 134>1}
  [205] {012  , 023>2, 034>0, 134>1}
  [206] {012  , 023>3, 014>0, 034>0}
  [207] {012  , 023>3, 014>0, 034>3}
  [208] {012  , 023>3, 014>0, 134>3}
  [209] {012  , 023>3, 014>0, 134>4}
  [210] {012  , 023>3, 014>1, 034>0}
  [211] {012  , 023>3, 024>0, 134>1}
  [212] {012  , 023>3, 124>1, 034>0}
  [213] {012  , 023>3, 034>0, 134>1}
  [214] {012  , 023>3, 034>0, 134>3}
  [215] {012  , 023>3, 034>0, 134>4}
  [216] {012  , 023>3, 034>3, 134>3}
  [217] {012  , 023>3, 034>3, 134>4}
  [218] {012  , 023>3, 034>4, 134>3}
  [219] {012  , 123>1, 014>0, 034>0}
  [220] {012  , 123>1, 014>0, 034>3}
  [221] {012  , 123>1, 024>0, 034  }
  [222] {012  , 123>1, 024>0, 034>0}
  [223] {012  , 123>1, 024>0, 034>3}
  [224] {012  , 123>1, 124>1, 034  }
  [225] {012  , 123>1, 034>0, 234>3}
  [226] {012  , 123>2, 014>1, 034  }
  [227] {012  , 123>2, 014>1, 034>0}
  [228] {012  , 123>2, 124>1, 034  }
  [229] {012  , 123>2, 034  , 134>1}
  [230] {012  , 123>3, 014>0, 024>0}
  [231] {012  , 123>3, 014>0, 034>0}
  [232] {012  , 123>3, 014>0, 034>3}
  [233] {012  , 123>3, 014>0, 034>4}
  [234] {012  , 123>3, 014>0, 134>3}
  [235] {012  , 123>3, 014>1, 034>0}
  [236] {012  , 123>3, 014>4, 034>0}
  [237] {012  , 123>3, 014>4, 034>3}
  [238] {012  , 123>3, 024>0, 134>3}
  [239] {012  , 123>3, 124>4, 034>0}
  [240] {012  , 123>3, 034>0, 134>3}
  [241] {012  , 123>3, 034>0, 134>4}
  [242] {012  , 014>0, 024>0, 034>3}
  [243] {012  , 014>0, 024>0, 134>3}
  [244] {012  , 014>0, 134>3, 234>3}
  [245] {012  , 014>1, 034>0, 234>3}
  [246] {012  , 024>0, 034>0, 134>3}
  [247] {012  , 024>0, 034>3, 134>1}
  [248] {012  , 024>0, 034>3, 134>3}
  [249] {012  , 024>4, 034>3, 134>3}
  [250] {012  , 124>1, 034>0, 234>3}
  [251] {012  , 034  , 134>1, 234>2}
  [252] {012  , 034>0, 134>1, 234>2}
  [253] {012  , 034>0, 134>1, 234>3}
  [254] {012  , 034>0, 134>3, 234>3}
  [255] {012  , 034>0, 134>4, 234>3}
  [256] {012  , 034>3, 134>3, 234>3}
  [257] {012  , 034>4, 134>3, 234>3}
  [258] {012>0, 013  , 023  , 124  }
  [259] {012>0, 013>0, 023  , 014  }
  [260] {012>0, 013>0, 023>0, 014>0}
  [261] {012>0, 013>0, 023>0, 014>1}
  [262] {012>0, 013>0, 023>0, 124>1}
  [263] {012>0, 013>0, 024>0, 034>0}
  [264] {012>0, 013>0, 124>2, 134>1}
  [265] {012>0, 013>0, 134>1, 234>2}
  [266] {012>0, 013>1, 014>0, 234>2}
  [267] {012>0, 013>1, 024>2, 034>0}
  [268] {012>0, 013>1, 024>2, 034>3}
  [269] {012>0, 013>1, 024>2, 134>3}
  [270] {012>0, 023>0, 014>1, 034>0}
  [271] {012>0, 023>0, 024>0, 134>1}
  [272] {012>0, 023>0, 124>2, 134>1}
  [273] {012>0, 023>2, 014>0, 134>1}
  [274] {012>0, 023>2, 034>0, 134>1}
  [275] {012>0, 123>1, 024>0, 034>0}
  [276] {012>0, 123>2, 014>1, 034>0}
  [277] {012>0, 123>2, 124>1, 034>0}
  [278] {012>0, 123>2, 034>0, 134>1}
  [279] {012>0, 024>2, 034>3, 134>1}
  [280] {012>0, 034>0, 134>1, 234>2}
  [281] {012>1, 013  , 123>1, 024  }
  [282] {012>1, 013>0, 014>0, 234>2}
  [283] {012>1, 013>0, 024>2, 034>0}
  [284] {012>1, 013>0, 024>2, 134>3}
  [285] {012>1, 013>3, 014>0, 234>2}
  [286] {012>1, 023>0, 024>0, 034>0}
  [287] {012>1, 023>0, 024>0, 134>1}
  [288] {012>1, 023>2, 014>0, 034>3}
  [289] {012>1, 123>1, 024>0, 034>0}
  [290] {012>1, 123>2, 014>0, 034>0}
  [291] {012>1, 024>2, 034>0, 134>3}
  [292] {012>2, 013>1, 024>0, 134>3}
  [293] {012>2, 013>3, 024>0, 134>1}
  [294] {012>2, 023  , 014  , 134>1}
  [295] {012>2, 023>0, 014>0, 134>1}
  [296] {012>2, 023>0, 034>0, 134>1}
  [297] {012>2, 123>1, 014>0, 034>0}
  [298] {013  , 023  , 014  , 124  }
  [299] {013  , 023  , 014>0, 124  }
  [300] {013  , 023>0, 024  , 124>1}
  [301] {013  , 023>2, 014>1, 024  }
  [302] {013  , 123  , 014>0, 024  }
  [303] {013  , 123  , 014>4, 024  }
  [304] {013  , 123>1, 024  , 124>1}
  [305] {013  , 123>1, 024  , 124>2}
  [306] {013  , 123>2, 024  , 124>1}
  [307] {013  , 123>2, 024  , 134>1}
  [308] {013  , 024  , 134>1, 234>2}
  [309] {013>0, 023  , 014  , 124>1}
  [310] {013>0, 023>0, 014>0, 124>1}
  [311] {013>0, 023>0, 014>1, 024>2}
  [312] {013>0, 023>0, 014>1, 124>1}
  [313] {013>0, 023>0, 014>1, 124>2}
  [314] {013>0, 023>0, 014>1, 234>2}
  [315] {013>0, 023>0, 024>0, 124>1}
  [316] {013>0, 023>0, 124>2, 134>1}
  [317] {013>0, 023>0, 134>1, 234>2}
  [318] {013>0, 023>2, 014>1, 024>0}
  [319] {013>0, 023>2, 124>1, 034>0}
  [320] {013>0, 123>1, 014>0, 024>2}
  [321] {013>0, 123>1, 014>0, 234>2}
  [322] {013>0, 123>1, 024>0, 124>2}
  [323] {013>0, 123>1, 124>2, 034>0}
  [324] {013>0, 123>1, 034>0, 234>2}
  [325] {013>0, 123>2, 014>0, 124>1}
  [326] {013>0, 123>2, 024>0, 124>1}
  [327] {013>0, 123>2, 024>0, 134>1}
  [328] {013>0, 123>2, 124>1, 034>0}
  [329] {013>0, 123>3, 014>1, 024>2}
  [330] {013>0, 024>0, 134>1, 234>2}
  [331] {013>1, 023  , 014  , 124>1}
  [332] {013>1, 023  , 014  , 124>2}
  [333] {013>1, 023  , 014  , 234>2}
  [334] {013>1, 023>0, 014>0, 124>1}
  [335] {013>1, 023>0, 014>0, 124>2}
  [336] {013>1, 023>0, 014>0, 234>2}
  [337] {013>1, 023>0, 014>1, 024>0}
  [338] {013>1, 023>0, 024>0, 124>1}
  [339] {013>1, 123>3, 014>0, 024>2}
  [340] {013>3, 023>0, 014>1, 124>2}
  [341] {013>3, 123>2, 014>1, 024>0}
  [342] {013>3, 024>2, 124>1, 034>0}
  [343] {023  , 123>2, 014  , 134>1}
  [344] {023>0, 123>1, 024>0, 124>1}
  [345] {023>0, 123>1, 024>0, 034>0}
  [346] {023>0, 123>1, 024>0, 134>1}
  [347] {023>0, 123>2, 014>0, 134>1}
  [348] {023>0, 123>2, 014>1, 034>0}
  [349] {023>2, 123>1, 014>0, 034>0}
  [350] {123>1, 014>0, 024>2, 034>3}
  [351] {123>1, 014>0, 034>0, 234>2}
  [352] {014>1, 024>0, 134>3, 234>2}
  [353] {012  , 013  , 023  , 123  , 014  }
  [354] {012  , 013  , 023  , 123  , 014>0}
  [355] {012  , 013  , 023  , 123  , 014>4}
  [356] {012  , 013  , 023  , 014  , 024  }
  [357] {012  , 013  , 023  , 014  , 024>0}
  [358] {012  , 013  , 023  , 014  , 124  }
  [359] {012  , 013  , 023  , 014  , 124>1}
  [360] {012  , 013  , 023  , 014  , 234>2}
  [361] {012  , 013  , 023  , 014  , 234>4}
  [362] {012  , 013  , 023  , 014>0, 024>0}
  [363] {012  , 013  , 023  , 014>1, 124>1}
  [364] {012  , 013  , 023  , 014>1, 234>4}
  [365] {012  , 013  , 023  , 024>2, 134>1}
  [366] {012  , 013  , 023  , 124  , 034  }
  [367] {012  , 013  , 023  , 124  , 034>0}
  [368] {012  , 013  , 023  , 124  , 034>3}
  [369] {012  , 013  , 023  , 124  , 034>4}
  [370] {012  , 013  , 023  , 124>1, 034>0}
  [371] {012  , 013  , 023  , 124>1, 034>4}
  [372] {012  , 013  , 023  , 124>1, 134>1}
  [373] {012  , 013  , 023  , 124>1, 134>4}
  [374] {012  , 013  , 023  , 124>1, 234>4}
  [375] {012  , 013  , 023  , 124>2, 134>1}
  [376] {012  , 013  , 023  , 124>4, 034>0}
  [377] {012  , 013  , 023  , 124>4, 034>4}
  [378] {012  , 013  , 023  , 124>4, 134>4}
  [379] {012  , 013  , 023  , 134>1, 234>2}
  [380] {012  , 013  , 023>0, 014  , 024>0}
  [381] {012  , 013  , 023>0, 014  , 124>1}
  [382] {012  , 013  , 023>0, 014  , 234  }
  [383] {012  , 013  , 023>0, 014  , 234>2}
  [384] {012  , 013  , 023>0, 014>0, 024  }
  [385] {012  , 013  , 023>0, 014>0, 024>0}
  [386] {012  , 013  , 023>0, 014>0, 234>2}
  [387] {012  , 013  , 023>0, 014>0, 234>4}
  [388] {012  , 013  , 023>0, 014>1, 234  }
  [389] {012  , 013  , 023>0, 014>1, 234>2}
  [390] {012  , 013  , 023>0, 014>1, 234>4}
  [391] {012  , 013  , 023>0, 014>4, 234>2}
  [392] {012  , 013  , 023>0, 014>4, 234>4}
  [393] {012  , 013  , 023>0, 024  , 134>1}
  [394] {012  , 013  , 023>0, 024  , 134>3}
  [395] {012  , 013  , 023>0, 024>0, 034>0}
  [396] {012  , 013  , 023>0, 024>2, 124>2}
  [397] {012  , 013  , 023>0, 024>2, 134>1}
  [398] {012  , 013  , 023>0, 024>2, 134>4}
  [399] {012  , 013  , 023>0, 124  , 034  }
  [400] {012  , 013  , 023>0, 124>1, 034>0}
  [401] {012  , 013  , 023>0, 124>1, 034>4}
  [402] {012  , 013  , 023>0, 124>2, 034>0}
  [403] {012  , 013  , 023>0, 124>2, 034>3}
  [404] {012  , 013  , 023>0, 124>2, 034>4}
  [405] {012  , 013  , 023>0, 124>2, 134>3}
  [406] {012  , 013  , 023>0, 124>2, 134>4}
  [407] {012  , 013  , 023>0, 124>2, 234>2}
  [408] {012  , 013  , 023>0, 124>2, 234>3}
  [409] {012  , 013  , 023>0, 124>2, 234>4}
  [410] {012  , 013  , 023>0, 124>4, 034>0}
  [411] {012  , 013  , 023>0, 124>4, 034>4}
  [412] {012  , 013  , 023>0, 124>4, 134>4}
  [413] {012  , 013  , 023>0, 124>4, 234>2}
  [414] {012  , 013  , 023>0, 124>4, 234>4}
  [415] {012  , 013  , 023>0, 134>4, 234>2}
  [416] {012  , 013  , 123  , 014>0, 024  }
  [417] {012  , 013  , 123>1, 014>0, 024>0}
  [418] {012  , 013  , 123>1, 024  , 124>2}
  [419] {012  , 013  , 123>1, 024  , 034  }
  [420] {012  , 013  , 123>1, 024  , 034>0}
  [421] {012  , 013  , 123>1, 024  , 034>3}
  [422] {012  , 013  , 123>1, 024  , 134>1}
  [423] {012  , 013  , 123>1, 024  , 134>3}
  [424] {012  , 013  , 123>1, 024  , 234>3}
  [425] {012  , 013  , 123>1, 024>0, 034>0}
  [426] {012  , 013  , 123>1, 024>0, 034>4}
  [427] {012  , 013  , 123>1, 024>0, 234  }
  [428] {012  , 013  , 123>1, 024>0, 234>2}
  [429] {012  , 013  , 123>1, 024>0, 234>4}
  [430] {012  , 013  , 123>1, 024>2, 034>0}
  [431] {012  , 013  , 123>1, 034>0, 234>2}
  [432] {012  , 013  , 014  , 034>0, 234>2}
  [433] {012  , 013  , 014>0, 024>0, 034>0}
  [434] {012  , 013  , 014>0, 024>0, 234>2}
  [435] {012  , 013  , 014>0, 024>0, 234>4}
  [436] {012  , 013  , 014>0, 034>0, 234>2}
  [437] {012  , 013  , 024  , 034>3, 134>3}
  [438] {012  , 013  , 024  , 134>1, 234>2}
  [439] {012  , 013  , 024  , 134>1, 234>3}
  [440] {012  , 013  , 024  , 134>3, 234>3}
  [441] {012  , 013  , 024  , 134>3, 234>4}
  [442] {012  , 013  , 024  , 134>4, 234>3}
  [443] {012  , 013  , 024>0, 134>3, 234>2}
  [444] {012  , 013  , 024>0, 134>4, 234>2}
  [445] {012  , 013  , 024>2, 124>2, 034>0}
  [446] {012  , 013  , 024>2, 124>2, 034>3}
  [447] {012  , 013  , 024>2, 124>2, 034>4}
  [448] {012  , 013  , 024>2, 124>2, 234>2}
  [449] {012  , 013  , 024>2, 124>2, 234>3}
  [450] {012  , 013  , 024>2, 124>2, 234>4}
  [451] {012  , 013  , 024>2, 134>4, 234>4}
  [452] {012  , 013  , 024>4, 034>4, 234>4}
  [453] {012  , 013  , 124  , 034  , 234  }
  [454] {012  , 013  , 124>1, 034>0, 234  }
  [455] {012  , 013  , 124>1, 034>0, 234>2}
  [456] {012  , 013  , 124>1, 034>0, 234>4}
  [457] {012  , 013  , 124>2, 034>0, 234>2}
  [458] {012  , 013  , 124>2, 034>0, 234>4}
  [459] {012  , 013  , 124>2, 034>3, 234>2}
  [460] {012  , 013  , 124>2, 034>3, 234>4}
  [461] {012  , 013  , 124>2, 034>4, 234>2}
  [462] {012  , 013  , 124>4, 034>0, 234  }
  [463] {012  , 013  , 124>4, 034>0, 234>2}
  [464] {012  , 013  , 124>4, 034>0, 234>4}
  [465] {012  , 013  , 124>4, 034>3, 234>2}
  [466] {012  , 013  , 124>4, 034>4, 234  }
  [467] {012  , 013  , 124>4, 034>4, 234>2}
  [468] {012  , 013  , 124>4, 034>4, 234>4}
  [469] {012  , 013>0, 023  , 014  , 124>1}
  [470] {012  , 013>0, 023  , 014  , 034>0}
  [471] {012  , 013>0, 023  , 124>4, 134  }
  [472] {012  , 013>0, 023>0, 014>0, 024>0}
  [473] {012  , 013>0, 023>0, 014>0, 034>0}
  [474] {012  , 013>0, 023>0, 014>1, 124>1}
  [475] {012  , 013>0, 023>0, 014>1, 234>3}
  [476] {012  , 013>0, 023>0, 024>0, 134>1}
  [477] {012  , 013>0, 023>0, 024>0, 134>3}
  [478] {012  , 013>0, 023>0, 024>2, 134>1}
  [479] {012  , 013>0, 023>0, 024>4, 134>3}
  [480] {012  , 013>0, 023>0, 124>1, 034  }
  [481] {012  , 013>0, 023>0, 124>1, 034>0}
  [482] {012  , 013>0, 023>0, 124>1, 034>3}
  [483] {012  , 013>0, 023>0, 124>1, 134>3}
  [484] {012  , 013>0, 023>0, 124>1, 234>3}
  [485] {012  , 013>0, 023>0, 124>2, 134>1}
  [486] {012  , 013>0, 023>0, 124>4, 034>3}
  [487] {012  , 013>0, 023>0, 124>4, 134>3}
  [488] {012  , 013>0, 023>0, 134>1, 234>2}
  [489] {012  , 013>0, 023>0, 134>1, 234>3}
  [490] {012  , 013>0, 023>0, 134>3, 234>3}
  [491] {012  , 013>0, 023>0, 134>3, 234>4}
  [492] {012  , 013>0, 014>0, 034>0, 234>3}
  [493] {012  , 013>0, 024>0, 134>1, 234>2}
  [494] {012  , 013>0, 024>0, 134>1, 234>3}
  [495] {012  , 013>0, 024>0, 134>3, 234>3}
  [496] {012  , 013>0, 024>0, 134>3, 234>4}
  [497] {012  , 013>0, 024>0, 134>4, 234>3}
  [498] {012  , 013>0, 024>4, 134>1, 234>3}
  [499] {012  , 013>0, 024>4, 134>3, 234>3}
  [500] {012  , 013>0, 124>1, 034>0, 234>2}
  [501] {012  , 013>0, 124>1, 034>0, 234>3}
  [502] {012  , 013>0, 124>1, 034>3, 234>2}
  [503] {012  , 013>0, 124>1, 034>3, 234>3}
  [504] {012  , 013>0, 124>1, 034>3, 234>4}
  [505] {012  , 013>0, 124>1, 034>4, 234>3}
  [506] {012  , 013>0, 124>4, 034>0, 234>3}
  [507] {012  , 013>0, 124>4, 034>3, 234>3}
  [508] {012  , 013>1, 123  , 024>0, 034  }
  [509] {012  , 013>1, 123>1, 024>0, 034  }
  [510] {012  , 013>1, 123>1, 024>0, 034>0}
  [511] {012  , 013>1, 123>1, 024>2, 034  }
  [512] {012  , 013>1, 123>1, 124>2, 034  }
  [513] {012  , 013>1, 123>1, 034  , 234>2}
  [514] {012  , 013>1, 014>0, 024>0, 234>3}
  [515] {012  , 013>3, 024>0, 034>3, 134>3}
  [516] {012  , 013>3, 024>0, 134>1, 234>3}
  [517] {012  , 013>3, 024>4, 034>3, 134>3}
  [518] {012  , 013>3, 124>1, 034  , 234>2}
  [519] {012  , 013>3, 124>4, 034>3, 234>3}
  [520] {012  , 013>3, 124>4, 034>3, 234>4}
  [521] {012  , 013>3, 124>4, 034>4, 234>3}
  [522] {012  , 013>3, 034>3, 134>3, 234>3}
  [523] {012  , 013>3, 034>3, 134>3, 234>4}
  [524] {012  , 023  , 123  , 014  , 034>0}
  [525] {012  , 023  , 123  , 014  , 034>3}
  [526] {012  , 023  , 123  , 014  , 034>4}
  [527] {012  , 023  , 123>2, 014  , 134>1}
  [528] {012  , 023  , 014  , 024>0, 134>3}
  [529] {012  , 023  , 014  , 124>1, 034>3}
  [530] {012  , 023  , 014  , 124>1, 134>3}
  [531] {012  , 023  , 014  , 124>1, 234>3}
  [532] {012  , 023  , 014  , 134  , 234>2}
  [533] {012  , 023  , 014  , 134>1, 234>3}
  [534] {012  , 023  , 014>0, 024>0, 134  }
  [535] {012  , 023  , 124>1, 034>0, 134  }
  [536] {012  , 023>0, 014>0, 024>0, 134>3}
  [537] {012  , 023>0, 014>0, 134>1, 234>3}
  [538] {012  , 023>0, 014>1, 134>3, 234>3}
  [539] {012  , 023>0, 014>4, 134>1, 234>3}
  [540] {012  , 023>0, 024>0, 034>0, 134>1}
  [541] {012  , 023>0, 124>1, 034>0, 134>1}
  [542] {012  , 023>0, 124>1, 034>0, 134>3}
  [543] {012  , 023>0, 124>1, 034>3, 134>3}
  [544] {012  , 023>0, 124>1, 034>3, 134>4}
  [545] {012  , 023>0, 124>1, 034>4, 134>3}
  [546] {012  , 023>0, 124>4, 034>3, 134>1}
  [547] {012  , 023>2, 123  , 014  , 034  }
  [548] {012  , 023>2, 124>1, 034  , 134>3}
  [549] {012  , 023>3, 014>0, 024>0, 134>1}
  [550] {012  , 023>3, 014>0, 024>0, 134>3}
  [551] {012  , 023>3, 014>0, 134>1, 234>2}
  [552] {012  , 023>3, 014>0, 134>1, 234>3}
  [553] {012  , 023>3, 014>0, 134>3, 234>3}
  [554] {012  , 023>3, 014>0, 134>3, 234>4}
  [555] {012  , 023>3, 014>0, 134>4, 234>3}
  [556] {012  , 023>3, 124>4, 034>0, 134>1}
  [557] {012  , 023>3, 124>4, 034>0, 134>3}
  [558] {012  , 123  , 014>0, 024>0, 034  }
  [559] {012  , 123  , 014>0, 034  , 234>4}
  [560] {012  , 123>1, 014>0, 024>0, 034>3}
  [561] {012  , 123>1, 014>0, 024>0, 134>3}
  [562] {012  , 123>1, 014>0, 024>0, 234>3}
  [563] {012  , 123>1, 014>0, 034  , 234>2}
  [564] {012  , 123>1, 014>0, 034>0, 234>3}
  [565] {012  , 123>1, 014>0, 034>3, 234>2}
  [566] {012  , 123>1, 014>1, 034  , 234>2}
  [567] {012  , 123>1, 024>0, 034  , 134>1}
  [568] {012  , 123>1, 024>0, 034>0, 134>3}
  [569] {012  , 123>1, 024>2, 034  , 134>1}
  [570] {012  , 123>1, 024>2, 034  , 134>3}
  [571] {012  , 123>3, 014>0, 024>0, 034>0}
  [572] {012  , 123>3, 014>0, 024>0, 034>3}
  [573] {012  , 123>3, 014>0, 024>0, 134>1}
  [574] {012  , 123>3, 014>0, 024>0, 134>3}
  [575] {012  , 123>3, 014>0, 034>0, 234>3}
  [576] {012  , 123>3, 014>0, 034>3, 234>3}
  [577] {012  , 123>3, 014>0, 034>3, 234>4}
  [578] {012  , 123>3, 014>0, 034>4, 234>3}
  [579] {012  , 123>3, 014>0, 134>3, 234>3}
  [580] {012  , 123>3, 014>1, 034  , 234>2}
  [581] {012  , 123>3, 024>0, 034>0, 134>1}
  [582] {012  , 123>3, 024>0, 034>3, 134>1}
  [583] {012  , 123>3, 024>4, 034>0, 134>3}
  [584] {012  , 123>3, 034>0, 134>3, 234>3}
  [585] {012  , 014>0, 024>0, 134>1, 234>3}
  [586] {012  , 014>0, 024>0, 134>3, 234>3}
  [587] {012>0, 013  , 023  , 014  , 024  }
  [588] {012>0, 013  , 023  , 124  , 034>0}
  [589] {012>0, 013  , 023  , 124  , 034>4}
  [590] {012>0, 013  , 023>0, 014>0, 024  }
  [591] {012>0, 013  , 024  , 134>1, 234>2}
  [592] {012>0, 013>0, 023>0, 014>0, 024>0}
  [593] {012>0, 013>0, 023>0, 024>2, 134>1}
  [594] {012>0, 013>0, 023>0, 124>1, 034>0}
  [595] {012>0, 013>0, 023>0, 124>1, 134>1}
  [596] {012>0, 013>0, 023>0, 124>2, 134>1}
  [597] {012>0, 013>0, 023>0, 134>1, 234>2}
  [598] {012>0, 013>0, 024>0, 134>1, 234>2}
  [599] {012>0, 013>0, 124>1, 034>0, 234>2}
  [600] {012>0, 013>0, 124>1, 034>3, 234>2}
  [601] {012>0, 013>1, 024>2, 134>3, 234>4}
  [602] {012>0, 013>1, 024>4, 134>3, 234>2}
  [603] {012>0, 013>1, 124>1, 034>0, 234>2}
  [604] {012>0, 013>1, 124>4, 034>3, 234>2}
  [605] {012>0, 023>0, 014>1, 134>1, 234>2}
  [606] {012>0, 023>0, 124>1, 034>0, 134>1}
  [607] {012>0, 023>2, 014>0, 134>1, 234>3}
  [608] {012>0, 023>3, 014>0, 134>1, 234>2}
  [609] {012>0, 123>1, 014>0, 034>3, 234>2}
  [610] {012>0, 123>3, 014>1, 034>0, 234>2}
  [611] {012>1, 013  , 123>1, 024  , 134>1}
  [612] {012>1, 013  , 123>1, 024  , 234>2}
  [613] {012>1, 013  , 024  , 134>1, 234>2}
  [614] {012>1, 013>0, 014>0, 034>0, 234>2}
  [615] {012>1, 013>0, 024>0, 134>3, 234>2}
  [616] {012>1, 023>0, 014>0, 134>3, 234>2}
  [617] {012>1, 023>0, 014>4, 134>3, 234>2}
  [618] {012>1, 023>0, 124>2, 034>0, 134>1}
  [619] {012>2, 023>0, 124>1, 034>0, 134>1}
  [620] {013  , 023  , 123  , 014  , 024  }
  [621] {013  , 023  , 014  , 124  , 234>2}
  [622] {013  , 023  , 014>4, 024>4, 124  }
  [623] {013  , 023>0, 024  , 124>2, 134>1}
  [624] {013  , 023>2, 014>1, 024  , 134>1}
  [625] {013  , 023>2, 024  , 124>1, 134>1}
  [626] {013  , 123>1, 024  , 124>2, 034>0}
  [627] {013  , 123>2, 024  , 124>1, 034>0}
  [628] {013>0, 023>0, 014>0, 124>1, 234>2}
  [629] {013>0, 023>0, 014>1, 124>1, 234>2}
  [630] {013>0, 023>0, 024>2, 124>1, 134>1}
  [631] {013>0, 123>1, 014>0, 024>2, 034>0}
  [632] {013>0, 123>1, 014>0, 124>2, 034>0}
  [633] {013>0, 123>1, 014>0, 034>0, 234>2}
  [634] {013>0, 123>1, 014>1, 024>0, 234>2}
  [635] {013>0, 123>1, 024>0, 124>2, 034>0}
  [636] {013>0, 123>1, 024>0, 124>2, 034>3}
  [637] {013>0, 123>1, 024>2, 124>1, 034>0}
  [638] {013>0, 123>2, 024>0, 124>1, 034>0}
  [639] {013>1, 023  , 014  , 124>1, 234>2}
  [640] {013>1, 023  , 014  , 124>2, 134>1}
  [641] {013>1, 023  , 014  , 134>1, 234>2}
  [642] {013>3, 123>1, 014>0, 024>0, 234>2}
  [643] {023  , 123  , 014  , 124>1, 034>0}
  [644] {023  , 123>1, 014  , 024>0, 034>0}
  [645] {023  , 123>1, 014  , 124>1, 134>1}
  [646] {023>0, 123>1, 014>0, 024>0, 034>0}
  [647] {023>0, 123>1, 014>1, 024>0, 034>0}
  [648] {023>0, 123>1, 014>1, 124>2, 034>0}
  [649] {023>0, 123>1, 024>0, 124>1, 034>0}
  [650] {023>2, 123>1, 014>0, 024>0, 134>3}
  [651] {023>2, 123>3, 014>0, 024>0, 134>1}
  [652] {012  , 013  , 023  , 123  , 014  , 024  }
  [653] {012  , 013  , 023  , 123  , 014  , 024>0}
  [654] {012  , 013  , 023  , 123  , 014  , 234  }
  [655] {012  , 013  , 023  , 123  , 014  , 234>2}
  [656] {012  , 013  , 023  , 123  , 014  , 234>4}
  [657] {012  , 013  , 023  , 123  , 014>0, 024>0}
  [658] {012  , 013  , 023  , 123  , 014>0, 234>4}
  [659] {012  , 013  , 023  , 123  , 014>4, 234>4}
  [660] {012  , 013  , 023  , 123  , 024>0, 134>1}
  [661] {012  , 013  , 023  , 014  , 024  , 034  }
  [662] {012  , 013  , 023  , 014  , 024  , 034>0}
  [663] {012  , 013  , 023  , 014  , 024  , 134>1}
  [664] {012  , 013  , 023  , 014  , 024>0, 034>0}
  [665] {012  , 013  , 023  , 014  , 124>1, 034>0}
  [666] {012  , 013  , 023  , 014  , 124>1, 134>1}
  [667] {012  , 013  , 023  , 014  , 124>1, 234  }
  [668] {012  , 013  , 023  , 014  , 124>1, 234>2}
  [669] {012  , 013  , 023  , 014  , 124>1, 234>4}
  [670] {012  , 013  , 023  , 014  , 134>1, 234>2}
  [671] {012  , 013  , 023  , 014>0, 024>0, 034>0}
  [672] {012  , 013  , 023  , 014>1, 124>1, 134>1}
  [673] {012  , 013  , 023  , 014>1, 124>1, 234>2}
  [674] {012  , 013  , 023  , 014>1, 124>1, 234>4}
  [675] {012  , 013  , 023  , 014>1, 134>1, 234>2}
  [676] {012  , 013  , 023  , 124>4, 134>4, 234>4}
  [677] {012  , 013  , 023>0, 014  , 024>0, 034>0}
  [678] {012  , 013  , 023>0, 014>0, 024  , 034  }
  [679] {012  , 013  , 023>0, 014>0, 024  , 034>0}
  [680] {012  , 013  , 023>0, 014>0, 024>0, 034>0}
  [681] {012  , 013  , 023>0, 024  , 124>2, 134  }
  [682] {012  , 013  , 023>0, 024  , 124>2, 134>1}
  [683] {012  , 013  , 023>0, 024>2, 124>2, 134>3}
  [684] {012  , 013  , 023>0, 024>2, 124>2, 134>4}
  [685] {012  , 013  , 023>0, 124>4, 134>4, 234>4}
  [686] {012  , 013  , 123  , 014  , 024  , 034  }
  [687] {012  , 013  , 123  , 014  , 024  , 034>0}
  [688] {012  , 013  , 123  , 014  , 024  , 234  }
  [689] {012  , 013  , 123  , 014  , 024  , 234>2}
  [690] {012  , 013  , 123  , 014  , 024  , 234>3}
  [691] {012  , 013  , 123  , 014>0, 024  , 034  }
  [692] {012  , 013  , 123  , 014>0, 024  , 034>0}
  [693] {012  , 013  , 123  , 014>0, 024  , 234>3}
  [694] {012  , 013  , 123  , 024  , 034>3, 134>3}
  [695] {012  , 013  , 123>1, 014  , 024>0, 034>0}
  [696] {012  , 013  , 123>1, 014  , 024>0, 234  }
  [697] {012  , 013  , 123>1, 014  , 024>0, 234>2}
  [698] {012  , 013  , 123>1, 014  , 034>0, 234>2}
  [699] {012  , 013  , 123>1, 014>0, 024  , 034  }
  [700] {012  , 013  , 123>1, 014>0, 024  , 034>0}
  [701] {012  , 013  , 123>1, 014>0, 024  , 234>3}
  [702] {012  , 013  , 123>1, 014>0, 024>0, 034>0}
  [703] {012  , 013  , 123>1, 014>0, 024>0, 234  }
  [704] {012  , 013  , 123>1, 014>0, 024>0, 234>2}
  [705] {012  , 013  , 123>1, 014>0, 024>0, 234>4}
  [706] {012  , 013  , 123>1, 014>0, 034>0, 234>2}
  [707] {012  , 013  , 123>1, 024  , 124>2, 034  }
  [708] {012  , 013  , 123>1, 024  , 124>2, 034>0}
  [709] {012  , 013  , 123>1, 024  , 124>2, 034>3}
  [710] {012  , 013  , 123>1, 024  , 034>3, 134>3}
  [711] {012  , 013  , 123>1, 024>2, 124>2, 034>0}
  [712] {012  , 013  , 024  , 124>2, 034>3, 134  }
  [713] {012  , 013  , 024>2, 124>2, 034>3, 134>3}
  [714] {012  , 013>0, 023  , 014  , 124>1, 234>3}
  [715] {012  , 013>0, 023>0, 014>0, 024>0, 034  }
  [716] {012  , 013>0, 023>0, 014>0, 024>0, 034>0}
  [717] {012  , 013>0, 023>0, 014>1, 124>1, 234>2}
  [718] {012  , 013>0, 023>0, 014>1, 124>1, 234>3}
  [719] {012  , 013>1, 123>1, 024>2, 124>2, 034  }
  [720] {012  , 023  , 123  , 014  , 024>0, 134>4}
  [721] {012  , 023  , 123  , 014  , 124>1, 034  }
  [722] {012  , 023  , 123  , 014  , 124>1, 034>0}
  [723] {012  , 023  , 123  , 014  , 034>4, 134>4}
  [724] {012  , 023  , 014  , 124>1, 034>3, 234>3}
  [725] {012  , 123>3, 014>0, 024>0, 134>3, 234>3}
  [726] {012>0, 013  , 023  , 124  , 134>4, 234>4}
  [727] {012>0, 013>0, 023>0, 014>0, 024>0, 034>0}
  [728] {013  , 023  , 123  , 014  , 024  , 124  }
  [729] {013  , 023  , 123  , 014  , 024  , 124>4}
  [730] {013  , 023  , 014  , 024  , 134>1, 234>2}
  [731] {013  , 023>2, 014>1, 024  , 134>1, 234>2}
  [732] {023>0, 123>1, 024>0, 124>1, 034>0, 134>1}
  [733] {012  , 013  , 023  , 123  , 014  , 024  , 124  }
  [734] {012  , 013  , 023  , 123  , 014  , 024  , 034  }
  [735] {012  , 013  , 023  , 123  , 014  , 024  , 034>0}
  [736] {012  , 013  , 023  , 123  , 014  , 024  , 134  }
  [737] {012  , 013  , 023  , 123  , 014  , 024  , 134>1}
  [738] {012  , 013  , 023  , 123  , 014  , 024>0, 034>0}
  [739] {012  , 013  , 023  , 123  , 014  , 024>0, 134>1}
  [740] {012  , 013  , 023  , 123  , 014>0, 024>0, 034>0}
  [741] {012  , 013  , 023  , 014  , 024  , 134  , 234>2}
  [742] {012  , 013  , 023  , 014  , 024  , 134>1, 234>2}
  [743] {012>0, 013  , 023  , 014  , 024  , 134>1, 234>2}
  [744] {013  , 023  , 123  , 014  , 024  , 124  , 034  }
  [745] {013  , 023  , 123  , 014  , 024  , 124  , 034>0}
  [746] {013  , 023  , 123  , 014  , 024  , 124>4, 034>0}
  [747] {012  , 013  , 023  , 123  , 014  , 024  , 124  , 034  }
  [748] {012  , 013  , 023  , 123  , 014  , 024  , 124  , 034>0}
  [749] {012  , 013  , 023  , 123  , 014  , 024  , 134  , 234  }
  [750] {012  , 013  , 023  , 123  , 014  , 024  , 124  , 034  , 134  }
  [751] {012  , 013  , 023  , 123  , 014  , 024  , 124  , 034  , 134  , 234  }
