-------- Accumulated canonicals[order=0] : count = 0, min_theta = 100000000/1 --------
-------- Accumulated canonicals[order=1] : count = 0, min_theta = 100000000/1 --------
-------- Accumulated canonicals[order=2] : count = 0, min_theta = 100000000/1 --------
-------- Accumulated canonicals[order=3] : count = 0, min_theta = 100000000/1 --------
-------- Accumulated canonicals[order=4] : count = 1, min_theta = 100000000/1 --------
  [0] {}
-------- Accumulated canonicals[order=5] : count = 2, min_theta = 21/1 --------
  [0] {01234  }
  [1] {01234>0}
-------- Accumulated canonicals[order=6] : count = 32, min_theta = 21/5 --------
  [0] {01234  }
  [1] {01234>0}
  [2] {01234  , 01235  }
  [3] {01234  , 01235>0}
  [4] {01234  , 01235>5}
  [5] {01234>0, 01235>0}
  [6] {01234>0, 01235>1}
  [7] {01234>1, 02345>0}
  [8] {02345>0, 12345>1}
  [9] {01234  , 01235  , 01245  }
  [10] {01234  , 01235  , 01245>0}
  [11] {01234  , 01235>0, 01245>0}
  [12] {01234  , 01235>1, 01245>0}
  [13] {01234>0, 01235>0, 01245>0}
  [14] {01234>0, 01235>1, 01245>0}
  [15] {01234>0, 01235>2, 01245>1}
  [16] {01234  , 01235  , 01245  , 01345  }
  [17] {01234  , 01235  , 01245  , 01345>0}
  [18] {01234  , 01235  , 01245>0, 01345>0}
  [19] {01234  , 01235  , 01245>1, 01345>0}
  [20] {01234  , 01235>0, 01245>0, 01345>0}
  [21] {01234  , 01235>1, 01245>0, 01345>0}
  [22] {01234>0, 01235>0, 01245>0, 01345>0}
  [23] {01234>0, 01235>1, 01245>0, 01345>0}
  [24] {01234>0, 01235>1, 01245>1, 01345>0}
  [25] {01234  , 01235  , 01245  , 01345  , 02345  }
  [26] {01234  , 01235  , 01245  , 01345  , 02345>0}
  [27] {01234  , 01235  , 01245  , 01345>0, 02345>0}
  [28] {01234  , 01235  , 01245>0, 01345>0, 02345>0}
  [29] {01234  , 01235>0, 01245>0, 01345>0, 02345>0}
  [30] {01234>0, 01235>0, 01245>0, 01345>0, 02345>0}
  [31] {01234  , 01235  , 01245  , 01345  , 02345  , 12345  }
