-------- Accumulated canonicals[order=0] : count = 0, min_theta = 100000000/1 --------
-------- Accumulated canonicals[order=1] : count = 0, min_theta = 100000000/1 --------
-------- Accumulated canonicals[order=2] : count = 0, min_theta = 100000000/1 --------
-------- Accumulated canonicals[order=3] : count = 0, min_theta = 100000000/1 --------
-------- Accumulated canonicals[order=4] : count = 0, min_theta = 100000000/1 --------
-------- Accumulated canonicals[order=5] : count = 1, min_theta = 100000000/1 --------
  [0] {}
-------- Accumulated canonicals[order=6] : count = 2, min_theta = 28/1 --------
  [0] {012345  }
  [1] {012345>0}
-------- Accumulated canonicals[order=7] : count = 47, min_theta = 14/3 --------
  [0] {012345  }
  [1] {012345>0}
  [2] {012345  , 012346  }
  [3] {012345  , 012346>0}
  [4] {012345  , 012346>6}
  [5] {012345>0, 012346>0}
  [6] {012345>0, 012346>1}
  [7] {012345>1, 023456>0}
  [8] {023456>0, 123456>1}
  [9] {012345  , 012346  , 012356  }
  [10] {012345  , 012346  , 012356>0}
  [11] {012345  , 012346>0, 012356>0}
  [12] {012345  , 012346>1, 012356>0}
  [13] {012345>0, 012346>0, 012356>0}
  [14] {012345>0, 012346>1, 012356>0}
  [15] {012345>0, 012346>2, 012356>1}
  [16] {012345  , 012346  , 012356  , 012456  }
  [17] {012345  , 012346  , 012356  , 012456>0}
  [18] {012345  , 012346  , 012356>0, 012456>0}
  [19] {012345  , 012346  , 012356>1, 012456>0}
  [20] {012345  , 012346>0, 012356>0, 012456>0}
  [21] {012345  , 012346>1, 012356>0, 012456>0}
  [22] {012345  , 012346>2, 012356>1, 012456>0}
  [23] {012345>0, 012346>0, 012356>0, 012456>0}
  [24] {012345>0, 012346>1, 012356>0, 012456>0}
  [25] {012345>0, 012346>1, 012356>1, 012456>0}
  [26] {012345>0, 012346>2, 012356>1, 012456>0}
  [27] {012345  , 012346  , 012356  , 012456  , 013456  }
  [28] {012345  , 012346  , 012356  , 012456  , 013456>0}
  [29] {012345  , 012346  , 012356  , 012456>0, 013456>0}
  [30] {012345  , 012346  , 012356  , 012456>1, 013456>0}
  [31] {012345  , 012346  , 012356>0, 012456>0, 013456>0}
  [32] {012345  , 012346  , 012356>1, 012456>0, 013456>0}
  [33] {012345  , 012346>0, 012356>0, 012456>0, 013456>0}
  [34] {012345  , 012346>1, 012356>0, 012456>0, 013456>0}
  [35] {012345  , 012346>1, 012356>1, 012456>0, 013456>0}
  [36] {012345>0, 012346>0, 012356>0, 012456>0, 013456>0}
  [37] {012345>0, 012346>1, 012356>0, 012456>0, 013456>0}
  [38] {012345>0, 012346>1, 012356>1, 012456>0, 013456>0}
  [39] {012345  , 012346  , 012356  , 012456  , 013456  , 023456  }
  [40] {012345  , 012346  , 012356  , 012456  , 013456  , 023456>0}
  [41] {012345  , 012346  , 012356  , 012456  , 013456>0, 023456>0}
  [42] {012345  , 012346  , 012356  , 012456>0, 013456>0, 023456>0}
  [43] {012345  , 012346  , 012356>0, 012456>0, 013456>0, 023456>0}
  [44] {012345  , 012346>0, 012356>0, 012456>0, 013456>0, 023456>0}
  [45] {012345>0, 012346>0, 012356>0, 012456>0, 013456>0, 023456>0}
  [46] {012345  , 012346  , 012356  , 012456  , 013456  , 023456  , 123456  }
