-------- Accumulated canonicals[order=0] : count = 0, min_theta = 100000000/1 --------
-------- Accumulated canonicals[order=1] : count = 1, min_theta = 100000000/1 --------
  [0] {}
-------- Accumulated canonicals[order=2] : count = 2, min_theta = 10/1 --------
  [0] {01  }
  [1] {01>0}
-------- Accumulated canonicals[order=3] : count = 9, min_theta = 5/1 --------
  [0] {01  }
  [1] {01>0}
  [2] {01  , 02  }
  [3] {01  , 02>0}
  [4] {01  , 02>2}
  [5] {01>0, 02>0}
  [6] {01>1, 02>0}
  [7] {02>0, 12>1}
  [8] {01  , 02  , 12  }
-------- Accumulated canonicals[order=4] : count = 57, min_theta = 5/2 --------
  [0] {01  }
  [1] {01>0}
  [2] {01  , 02  }
  [3] {01  , 02>0}
  [4] {01  , 02>2}
  [5] {01  , 23  }
  [6] {01  , 23>2}
  [7] {01>0, 02>0}
  [8] {01>1, 02>0}
  [9] {02>0, 12>1}
  [10] {02>0, 13>1}
  [11] {01  , 02  , 12  }
  [12] {01  , 02  , 03  }
  [13] {01  , 02  , 03>0}
  [14] {01  , 02  , 03>3}
  [15] {01  , 02  , 13  }
  [16] {01  , 02  , 13>1}
  [17] {01  , 02  , 13>3}
  [18] {01  , 02>0, 03>0}
  [19] {01  , 02>0, 13>1}
  [20] {01  , 02>0, 23>2}
  [21] {01  , 02>2, 03>0}
  [22] {01  , 02>2, 03>3}
  [23] {01  , 02>2, 13>3}
  [24] {01  , 02>2, 23>2}
  [25] {01  , 02>2, 23>3}
  [26] {01  , 12>2, 03>0}
  [27] {01  , 03>0, 23>2}
  [28] {01>0, 02  , 13  }
  [29] {01>0, 02>0, 03>0}
  [30] {01>0, 02>0, 13>1}
  [31] {01>1, 02>0, 03>0}
  [32] {01>1, 02>2, 03>0}
  [33] {01>1, 12>2, 03>0}
  [34] {01>1, 03>0, 23>2}
  [35] {02>0, 12>1, 03>0}
  [36] {03>0, 13>1, 23>2}
  [37] {01  , 02  , 12  , 03  }
  [38] {01  , 02  , 12  , 03>0}
  [39] {01  , 02  , 12  , 03>3}
  [40] {01  , 02  , 13  , 23  }
  [41] {01  , 02  , 13  , 23>2}
  [42] {01  , 02  , 13>1, 23>2}
  [43] {01  , 02  , 13>1, 23>3}
  [44] {01  , 02  , 13>3, 23>3}
  [45] {01  , 02>0, 13>1, 23  }
  [46] {01  , 02>0, 13>1, 23>2}
  [47] {01  , 02>0, 13>3, 23>2}
  [48] {01  , 02>2, 13>3, 23>2}
  [49] {01  , 12>2, 03>0, 23>2}
  [50] {01>0, 02>0, 13>1, 23>2}
  [51] {01>0, 12>1, 03>0, 23>2}
  [52] {01>1, 02>0, 13>3, 23>2}
  [53] {02  , 12>1, 03>0, 13  }
  [54] {02>0, 12>1, 03>0, 13>1}
  [55] {01  , 02  , 12  , 03  , 13  }
  [56] {01  , 02  , 12  , 03  , 13  , 23  }
