-------- Accumulated canonicals[order=0] : 0 --------
-------- Accumulated canonicals[order=1] : 0 --------
-------- Accumulated canonicals[order=2] : 0 --------
-------- Accumulated canonicals[order=3] : 0 --------
-------- Accumulated canonicals[order=4] : 0 --------
-------- Accumulated canonicals[order=5] : 1 --------
  [0] {}
-------- Accumulated canonicals[order=6] : 2 --------
  [0] {012345  }
  [1] {012345>0}
-------- Accumulated canonicals[order=7] : 47 --------
  [0] {012345  }
  [1] {012345>0}
  [2] {012345  , 012346  }
  [3] {012345  , 012346>0}
  [4] {012345  , 012346>6}
  [5] {012345>0, 012346>0}
  [6] {012345>0, 012346>1}
  [7] {012345>1, 023456>0}
  [8] {023456>0, 123456>1}
  [9] {012345  , 012346  , 012356  }
  [10] {012345  , 012346  , 012356>0}
  [11] {012345  , 012346>0, 012356>0}
  [12] {012345  , 012346>1, 012356>0}
  [13] {012345>0, 012346>0, 012356>0}
  [14] {012345>0, 012346>1, 012356>0}
  [15] {012345>0, 012346>2, 012356>1}
  [16] {012345  , 012346  , 012356  , 012456  }
  [17] {012345  , 012346  , 012356  , 012456>0}
  [18] {012345  , 012346  , 012356>0, 012456>0}
  [19] {012345  , 012346  , 012356>1, 012456>0}
  [20] {012345  , 012346>0, 012356>0, 012456>0}
  [21] {012345  , 012346>1, 012356>0, 012456>0}
  [22] {012345  , 012346>2, 012356>1, 012456>0}
  [23] {012345>0, 012346>0, 012356>0, 012456>0}
  [24] {012345>0, 012346>1, 012356>0, 012456>0}
  [25] {012345>0, 012346>1, 012356>1, 012456>0}
  [26] {012345>0, 012346>2, 012356>1, 012456>0}
  [27] {012345  , 012346  , 012356  , 012456  , 013456  }
  [28] {012345  , 012346  , 012356  , 012456  , 013456>0}
  [29] {012345  , 012346  , 012356  , 012456>0, 013456>0}
  [30] {012345  , 012346  , 012356  , 012456>1, 013456>0}
  [31] {012345  , 012346  , 012356>0, 012456>0, 013456>0}
  [32] {012345  , 012346  , 012356>1, 012456>0, 013456>0}
  [33] {012345  , 012346>0, 012356>0, 012456>0, 013456>0}
  [34] {012345  , 012346>1, 012356>0, 012456>0, 013456>0}
  [35] {012345  , 012346>1, 012356>1, 012456>0, 013456>0}
  [36] {012345>0, 012346>0, 012356>0, 012456>0, 013456>0}
  [37] {012345>0, 012346>1, 012356>0, 012456>0, 013456>0}
  [38] {012345>0, 012346>1, 012356>1, 012456>0, 013456>0}
  [39] {012345  , 012346  , 012356  , 012456  , 013456  , 023456  }
  [40] {012345  , 012346  , 012356  , 012456  , 013456  , 023456>0}
  [41] {012345  , 012346  , 012356  , 012456  , 013456>0, 023456>0}
  [42] {012345  , 012346  , 012356  , 012456>0, 013456>0, 023456>0}
  [43] {012345  , 012346  , 012356>0, 012456>0, 013456>0, 023456>0}
  [44] {012345  , 012346>0, 012356>0, 012456>0, 013456>0, 023456>0}
  [45] {012345>0, 012346>0, 012356>0, 012456>0, 013456>0, 023456>0}
  [46] {012345  , 012346  , 012356  , 012456  , 013456  , 023456  , 123456  }
---- G[8] T[4]: min_theta = 20 / 13 :
  {023456>0, 123456>1}
  {023456>0, 123456>1, 012347>7, 012357>7, 012457>7, 013457>7, 023457>0, 012367>7, 012467>7, 013467>7, 023467  , 123467  , 012567>7, 013567>7, 023567  , 123567  , 014567>7, 024567  , 124567  , 034567  , 134567  }
---- G[10] T[4]: min_theta = 8 / 5 :
  {012345  , 012346  , 012356>0}
  {012345  , 012346  , 012356>0, 012347>4, 012457  , 013457>4, 023457>4, 123457>4, 012467  , 013467>4, 023467>4, 123467>4, 012567>7, 014567>7, 024567>7, 124567>7, 034567>4, 134567>4, 234567>4}
---- G[11] T[4]: min_theta = 27 / 17 :
  {012345  , 012346>0, 012356>0}
  {012345  , 012346>0, 012356>0, 012347>0, 012357>0, 012457>0, 013457>0, 023457>0, 012367>0, 012467>0, 013467>0, 023467>0, 012567>0, 013567>0, 023567>0, 014567>0, 024567>0, 034567>0}
---- G[7] T[7]: min_theta = 11 / 7 :
  {012345>1, 023456>0}
  {012345>1, 023456>0, 012357  , 012457  , 013457  , 123457>1, 012367>7, 012467>7, 013467>7, 023467>6, 123467>7, 012567>7, 013567>7, 023567  , 123567>7, 014567>7, 024567  , 124567>7, 034567  , 134567>7}
---- G[12] T[4]: min_theta = 13 / 8 :
  {012345  , 012346>1, 012356>0}
  {012345  , 012346>1, 012356>0, 012347>4, 012457>4, 013457>4, 023457  , 123457>4, 012467>4, 013467>4, 123467>4, 023567>5, 014567>4, 024567>7, 124567>4, 034567>7, 134567>4, 234567>7}
---- G[13] T[7]: min_theta = 14 / 9 :
  {012345>0, 012346>0, 012356>0}
  {012345>0, 012346>0, 012356>0, 012347>0, 012357>0, 012457>0, 013457>0, 023457>0, 012367>0, 012467>0, 013467>0, 023467>0, 012567>0, 013567>0, 023567>0, 014567>0, 024567>0, 034567>0}
---- G[14] T[4]: min_theta = 13 / 8 :
  {012345>0, 012346>1, 012356>0}
  {012345>0, 012346>1, 012356>0, 012347>0, 012357>0, 012457>0, 013457>0, 023457  , 012367>0, 012467>0, 013467>0, 012567>0, 013567>0, 023567  , 014567>0, 024567>7, 034567>7, 234567>5}
---- G[3] T[3]: min_theta = 19 / 12 :
  {012345  , 012346>0}
  {012345  , 012346>0, 012357  , 012457  , 013457  , 023457  , 123457>5, 012367  , 012467  , 013467  , 023467  , 012567>7, 013567>7, 023567>7, 123567>7, 014567>7, 024567>7, 124567>7, 034567>7, 134567>7, 234567>7}
---- G[9] T[9]: min_theta = 23 / 14 :
  {012345  , 012346  , 012356  }
  {012345  , 012346  , 012356  , 012347>4, 012457  , 013457>4, 023457>4, 123457>4, 012467  , 013467>4, 023467>4, 123467>4, 012567>7, 014567>7, 024567>7, 124567>7, 034567>4, 134567>4, 234567>4}
---- G[18] T[9]: min_theta = 26 / 17 :
  {012345  , 012346  , 012356>0, 012456>0}
  {012345  , 012346  , 012356>0, 012456>0, 012347>0, 012357>0, 012457>0, 013457>0, 023457>0, 012367>0, 012467>0, 013467>0, 023467>0, 012567>0, 013567>0, 023567>0, 014567>0, 024567>0, 034567>0}
---- G[0] T[0]: min_theta = 10 / 7 :
  {012345  }
  {012345  , 012347  , 012357  , 012457  , 013457  , 023457  , 123457  , 012367>7, 012467>7, 013467>7, 023467>7, 123467>7, 012567>7, 013567>7, 023567>7, 123567>7, 014567>7, 024567>7, 124567>7, 034567>7, 134567>7, 234567  }
---- G[5] T[5]: min_theta = 21 / 13 :
  {012345>0, 012346>0}
  {012345>0, 012346>0, 012347>0, 012457  , 013457  , 023457  , 012367  , 012467  , 013467  , 023467  , 012567>7, 013567>7, 023567>7, 123567>6, 014567>7, 024567>7, 124567>7, 034567>7, 134567>7, 234567>7}
---- G[17] T[3]: min_theta = 25 / 16 :
  {012345  , 012346  , 012356  , 012456>0}
  {012345  , 012346  , 012356  , 012456>0, 012347>0, 012357>0, 012457>0, 013457>0, 023457>0, 012367>0, 012467>0, 013467>0, 023467>0, 012567>0, 013567>0, 023567>0, 014567>0, 024567>0, 034567>0}
---- G[15] T[7]: min_theta = 13 / 8 :
  {012345>0, 012346>2, 012356>1}
  {012345>0, 012346>2, 012356>1, 013457>5, 023457>4, 012367>6, 012467>6, 023467  , 123467>6, 012567>6, 013567  , 123567>6, 014567>7, 024567>7, 124567>6, 034567>7, 134567>7, 234567>7}
---- G[20] T[0]: min_theta = 3 / 2 :
  {012345  , 012346>0, 012356>0, 012456>0}
  {012345  , 012346>0, 012356>0, 012456>0, 012347>0, 012357>0, 012457>0, 013457>0, 023457>0, 012367>0, 012467>0, 013467>0, 023467>0, 012567>0, 013567>0, 023567>0, 014567>0, 024567>0, 034567>0}
---- G[23] T[7]: min_theta = 28 / 19 :
  {012345>0, 012346>0, 012356>0, 012456>0}
  {012345>0, 012346>0, 012356>0, 012456>0, 012347>0, 012357>0, 012457>0, 013457>0, 023457>0, 012367>0, 012467>0, 013467>0, 023467>0, 012567>0, 013567>0, 023567>0, 014567>0, 024567>0, 034567>0}
---- G[19] T[9]: min_theta = 8 / 5 :
  {012345  , 012346  , 012356>1, 012456>0}
  {012345  , 012346  , 012356>1, 012456>0, 012347>3, 012357>3, 013457>3, 023457  , 123457>3, 012367>3, 013467>3, 023467  , 123467>3, 013567>3, 123567>3, 024567>4, 034567>7, 134567>3, 234567>7}
---- G[21] T[5]: min_theta = 27 / 17 :
  {012345  , 012346>1, 012356>0, 012456>0}
  {012345  , 012346>1, 012356>0, 012456>0, 012347>0, 012357>0, 012457>0, 013457>0, 023457>0, 012367>0, 012467>0, 013467>0, 012567>0, 013567>0, 023567>0, 014567>0, 024567>0, 034567>0}
---- G[24] T[0]: min_theta = 14 / 9 :
  {012345>0, 012346>1, 012356>0, 012456>0}
  {012345>0, 012346>1, 012356>0, 012456>0, 012347>0, 012357>0, 012457>0, 013457>0, 023457>0, 012367>0, 012467>0, 013467>0, 012567>0, 013567>0, 023567>0, 014567>0, 024567>0, 034567>0}
---- G[22] T[3]: min_theta = 23 / 14 :
  {012345  , 012346>2, 012356>1, 012456>0}
  {012345  , 012346>2, 012356>1, 012456>0, 012357>5, 012457>5, 013457>5, 023457  , 123457  , 023467>4, 123467>3, 012567>5, 013567>5, 123567  , 014567>5, 024567  , 034567>7, 134567>7, 234567>7}
---- G[29] T[3]: min_theta = 25 / 17 :
  {012345  , 012346  , 012356  , 012456>0, 013456>0}
  {012345  , 012346  , 012356  , 012456>0, 013456>0, 012347>0, 012357>0, 012457>0, 013457>0, 023457>0, 012367>0, 012467>0, 013467>0, 023467>0, 012567>0, 013567>0, 023567>0, 014567>0, 024567>0, 034567>0}
---- G[25] T[7]: min_theta = 13 / 8 :
  {012345>0, 012346>1, 012356>1, 012456>0}
  {012345>0, 012346>1, 012356>1, 012456>0, 012347>1, 012357>1, 012457>0, 013457>1, 012367>1, 012467>1, 013467>1, 123467  , 012567>1, 013567>1, 123567  , 014567>1, 134567>7, 234567>3}
---- G[31] T[7]: min_theta = 13 / 9 :
  {012345  , 012346  , 012356>0, 012456>0, 013456>0}
  {012345  , 012346  , 012356>0, 012456>0, 013456>0, 012347>0, 012357>0, 012457>0, 013457>0, 023457>0, 012367>0, 012467>0, 013467>0, 023467>0, 012567>0, 013567>0, 023567>0, 014567>0, 024567>0, 034567>0}
---- G[26] T[9]: min_theta = 13 / 8 :
  {012345>0, 012346>2, 012356>1, 012456>0}
  {012345>0, 012346>2, 012356>1, 012456>0, 012347>4, 012457>0, 013457  , 023457>4, 023467>4, 123467>3, 012567>5, 013567>5, 123567>6, 014567>5, 024567  , 034567>7, 134567>7, 234567>7}
---- G[28] T[0]: min_theta = 3 / 2 :
  {012345  , 012346  , 012356  , 012456  , 013456>0}
  {012345  , 012346  , 012356  , 012456  , 013456>0, 012347>0, 012357>0, 012457>0, 013457>0, 023457>0, 012367>0, 012467>0, 013467>0, 023467>0, 012567>0, 013567>0, 023567>0, 014567>0, 024567>0, 034567>0}
---- G[33] T[9]: min_theta = 27 / 19 :
  {012345  , 012346>0, 012356>0, 012456>0, 013456>0}
  {012345  , 012346>0, 012356>0, 012456>0, 013456>0, 012347>0, 012357>0, 012457>0, 013457>0, 023457>0, 012367>0, 012467>0, 013467>0, 023467>0, 012567>0, 013567>0, 023567>0, 014567>0, 024567>0, 034567>0}
---- G[34] T[0]: min_theta = 3 / 2 :
  {012345  , 012346>1, 012356>0, 012456>0, 013456>0}
  {012345  , 012346>1, 012356>0, 012456>0, 013456>0, 012347>0, 012357>0, 012457>0, 013457>0, 023457>0, 012367>0, 012467>0, 013467>0, 012567>0, 013567>0, 023567>0, 014567>0, 024567>0, 034567>0}
---- G[32] T[7]: min_theta = 26 / 17 :
  {012345  , 012346  , 012356>1, 012456>0, 013456>0}
  {012345  , 012346  , 012356>1, 012456>0, 013456>0, 012347>0, 012357>0, 012457>0, 013457>0, 023457>0, 012367>0, 012467>0, 013467>0, 023467>0, 012567>0, 013567>0, 014567>0, 024567>0, 034567>0}
---- G[36] T[0]: min_theta = 7 / 5 :
  {012345>0, 012346>0, 012356>0, 012456>0, 013456>0}
  {012345>0, 012346>0, 012356>0, 012456>0, 013456>0, 012347>0, 012357>0, 012457>0, 013457>0, 023457>0, 012367>0, 012467>0, 013467>0, 023467>0, 012567>0, 013567>0, 023567>0, 014567>0, 024567>0, 034567>0}
---- G[30] T[3]: min_theta = 25 / 16 :
  {012345  , 012346  , 012356  , 012456>1, 013456>0}
  {012345  , 012346  , 012356  , 012456>1, 013456>0, 012347>1, 012357>1, 012457>1, 013457>1, 123457>1, 012367>1, 012467>1, 013467>1, 123467>1, 012567>1, 013567>1, 123567>1, 014567>1, 124567>1}
---- G[37] T[7]: min_theta = 28 / 19 :
  {012345>0, 012346>1, 012356>0, 012456>0, 013456>0}
  {012345>0, 012346>1, 012356>0, 012456>0, 013456>0, 012347>0, 012357>0, 012457>0, 013457>0, 023457>0, 012367>0, 012467>0, 013467>0, 012567>0, 013567>0, 023567>0, 014567>0, 024567>0, 034567>0}
---- G[35] T[9]: min_theta = 27 / 17 :
  {012345  , 012346>1, 012356>1, 012456>0, 013456>0}
  {012345  , 012346>1, 012356>1, 012456>0, 013456>0, 012347>1, 012357>1, 012457>1, 013457>1, 123457>1, 012367>1, 012467>1, 013467>1, 123467>1, 012567>1, 013567>1, 123567>1, 014567>0}
---- G[38] T[0]: min_theta = 14 / 9 :
  {012345>0, 012346>1, 012356>1, 012456>0, 013456>0}
  {012345>0, 012346>1, 012356>1, 012456>0, 013456>0, 012347>0, 012357>0, 012457>0, 013457>0, 023457>0, 012367>0, 012467>0, 013467>0, 012567>0, 013567>0, 014567>0, 024567>0, 034567>0}
---- G[42] T[0]: min_theta = 25 / 18 :
  {012345  , 012346  , 012356  , 012456>0, 013456>0, 023456>0}
  {012345  , 012346  , 012356  , 012456>0, 013456>0, 023456>0, 012347>0, 012357>0, 012457>0, 013457>0, 023457>0, 012367>0, 012467>0, 013467>0, 023467>0, 012567>0, 013567>0, 023567>0, 014567>0, 024567>0, 034567>0}
---- G[43] T[0]: min_theta = 26 / 19 :
  {012345  , 012346  , 012356>0, 012456>0, 013456>0, 023456>0}
  {012345  , 012346  , 012356>0, 012456>0, 013456>0, 023456>0, 012347>0, 012357>0, 012457>0, 013457>0, 023457>0, 012367>0, 012467>0, 013467>0, 023467>0, 012567>0, 013567>0, 023567>0, 014567>0, 024567>0, 034567>0}
---- G[44] T[0]: min_theta = 27 / 20 :
  {012345  , 012346>0, 012356>0, 012456>0, 013456>0, 023456>0}
  {012345  , 012346>0, 012356>0, 012456>0, 013456>0, 023456>0, 012347>0, 012357>0, 012457>0, 013457>0, 023457>0, 012367>0, 012467>0, 013467>0, 023467>0, 012567>0, 013567>0, 023567>0, 014567>0, 024567>0, 034567>0}
---- G[45] T[0]: min_theta = 4 / 3 :
  {012345>0, 012346>0, 012356>0, 012456>0, 013456>0, 023456>0}
  {012345>0, 012346>0, 012356>0, 012456>0, 013456>0, 023456>0, 012347>0, 012357>0, 012457>0, 013457>0, 023457>0, 012367>0, 012467>0, 013467>0, 023467>0, 012567>0, 013567>0, 023567>0, 014567>0, 024567>0, 034567>0}
---- G[41] T[9]: min_theta = 24 / 17 :
  {012345  , 012346  , 012356  , 012456  , 013456>0, 023456>0}
  {012345  , 012346  , 012356  , 012456  , 013456>0, 023456>0, 012347>0, 012357>0, 012457>0, 013457>0, 023457>0, 012367>0, 012467>0, 013467>0, 023467>0, 012567>0, 013567>0, 023567>0, 014567>0, 024567>0, 034567>0}
---- G[40] T[7]: min_theta = 23 / 16 :
  {012345  , 012346  , 012356  , 012456  , 013456  , 023456>0}
  {012345  , 012346  , 012356  , 012456  , 013456  , 023456>0, 012347>0, 012357>0, 012457>0, 013457>0, 023457>0, 012367>0, 012467>0, 013467>0, 023467>0, 012567>0, 013567>0, 023567>0, 014567>0, 024567>0, 034567>0}
---- G[6] T[6]: min_theta = 11 / 7 :
  {012345>0, 012346>1}
  {012345>0, 012346>1, 012357  , 012457  , 013457  , 023457>5, 012367  , 012467  , 013467  , 123467>6, 012567>7, 013567>7, 023567>7, 123567>7, 014567>7, 024567>7, 124567>7, 034567>7, 134567>7, 234567>7}
---- G[27] T[5]: min_theta = 23 / 15 :
  {012345  , 012346  , 012356  , 012456  , 013456  }
  {012345  , 012346  , 012356  , 012456  , 013456  , 012347>0, 012357>0, 012457>0, 013457>0, 023457>0, 012367>0, 012467>0, 013467>0, 023467>0, 012567>0, 013567>0, 023567>0, 014567>0, 024567>0, 034567>0}
---- G[16] T[4]: min_theta = 8 / 5 :
  {012345  , 012346  , 012356  , 012456  }
  {012345  , 012346  , 012356  , 012456  , 012347>0, 012357>0, 012457>0, 013457>0, 023457>0, 012367>0, 012467>0, 013467>0, 023467>0, 012567>0, 013567>0, 023567>0, 014567>0, 024567>0, 034567>0}
---- G[39] T[3]: min_theta = 22 / 15 :
  {012345  , 012346  , 012356  , 012456  , 013456  , 023456  }
  {012345  , 012346  , 012356  , 012456  , 013456  , 023456  , 012347>0, 012357>0, 012457>0, 013457>0, 023457>0, 012367>0, 012467>0, 013467>0, 023467>0, 012567>0, 013567>0, 023567>0, 014567>0, 024567>0, 034567>0}
---- G[46] T[0]: min_theta = 7 / 5 :
  {012345  , 012346  , 012356  , 012456  , 013456  , 023456  , 123456  }
  {012345  , 012346  , 012356  , 012456  , 013456  , 023456  , 123456  , 012347>0, 012357>0, 012457>0, 013457>0, 023457>0, 012367>0, 012467>0, 013467>0, 023467>0, 012567>0, 013567>0, 023567>0, 014567>0, 024567>0, 034567>0}
---- G[2] T[2]: min_theta = 14 / 9 :
  {012345  , 012346  }
  {012345  , 012346  , 012347  , 012357  , 012457  , 013457  , 023457  , 123457  , 012367  , 012467  , 013467  , 023467  , 123467  , 012567>7, 013567>7, 023567>7, 123567>7, 014567>7, 024567>7, 124567>7, 034567>7, 134567>7, 234567  }
---- G[4] T[8]: min_theta = 17 / 11 :
  {012345  , 012346>6}
  {012345  , 012346>6, 012357  , 012457  , 013457  , 023457  , 123457  , 012367  , 012467  , 013467  , 023467  , 123467  , 012567>7, 013567>7, 023567>7, 123567>7, 014567>7, 024567>7, 124567>7, 034567>7, 134567>7, 234567>7}
---- G[1] T[1]: min_theta = 3 / 2 :
  {012345>0}
  {012345>0, 012357  , 012457  , 013457  , 023457  , 012367>7, 012467>7, 013467>7, 023467>7, 123467>6, 012567>7, 013567>7, 023567>7, 123567>7, 014567>7, 024567>7, 124567>7, 034567>7, 134567>7, 234567>7}
