G[29000] min_theta=28 / 13
  {0123  , 0124  , 0134  , 0234  , 1234  , 0125  , 0135  , 1235>1, 0145>0, 0245>0}
  {0123  , 0124  , 0134  , 0234  , 1234  , 0125  , 0135  , 1235>1, 0145>0, 0245>0, 0126>0, 0136>0, 0236>0, 0146>0, 0246>0, 0346>0, 0156>0, 0256>0, 0356>0, 0456>0}
G[29001] min_theta=9 / 4
  {0123  , 0124  , 0134  , 0234  , 1234  , 0125  , 0135  , 1235>1, 0245  , 1245>2}
  {0123  , 0124  , 0134  , 0234  , 1234  , 0125  , 0135  , 1235>1, 0245  , 1245>2, 0126>0, 0136>0, 0236>0, 0146>0, 0246>0, 0346>0, 0156>0, 0256>0, 0356>0, 0456>0}
G[29002] min_theta=26 / 11
  {0123  , 0124  , 0134  , 0234  , 1234  , 0125  , 0135  , 1235>1, 0245  , 0345  }
  {0123  , 0124  , 0134  , 0234  , 1234  , 0125  , 0135  , 1235>1, 0245  , 0345  , 0126>0, 0136>0, 0236>0, 0146>0, 0246>0, 0346>0, 0156>0, 0256>0, 0356>0, 0456>0}
G[29003] min_theta=9 / 4
  {0123  , 0124  , 0134  , 0234  , 1234  , 0125  , 0135  , 1235>1, 0245  , 0345>0}
  {0123  , 0124  , 0134  , 0234  , 1234  , 0125  , 0135  , 1235>1, 0245  , 0345>0, 0126>0, 0136>0, 0236>0, 0146>0, 0246>0, 0346>0, 0156>0, 0256>0, 0356>0, 0456>0}
G[29004] min_theta=13 / 6
  {0123  , 0124  , 0134  , 0234  , 1234  , 0125  , 0135  , 1235>1, 0245  , 1345>1}
  {0123  , 0124  , 0134  , 0234  , 1234  , 0125  , 0135  , 1235>1, 0245  , 1345>1, 0136>3, 0236>3, 1236>3, 0346>3, 1346  , 2346>3, 0256>5, 1356>1, 0456>5, 1456>1, 2456>5}
G[29005] min_theta=9 / 4
  {0123  , 0124  , 0134  , 0234  , 1234  , 0125  , 0135  , 1235>1, 0245  , 1345>3}
  {0123  , 0124  , 0134  , 0234  , 1234  , 0125  , 0135  , 1235>1, 0245  , 1345>3, 0126>0, 0136>0, 0236>0, 0146>0, 0246>0, 0346>0, 0156>0, 0256>0, 0356>0, 0456>0}
G[29006] min_theta=28 / 13
  {0123  , 0124  , 0134  , 0234  , 1234  , 0125  , 0135  , 1235>1, 0245>0, 0345>0}
  {0123  , 0124  , 0134  , 0234  , 1234  , 0125  , 0135  , 1235>1, 0245>0, 0345>0, 0126>0, 0136>0, 0236>0, 0146>0, 0246>0, 0346>0, 0156>0, 0256>0, 0356>0, 0456>0}
G[29007] min_theta=23 / 11
  {0123  , 0124  , 0134  , 0234  , 1234  , 0125  , 0135  , 0145>0, 0245>0, 0345>0}
  {0123  , 0124  , 0134  , 0234  , 1234  , 0125  , 0135  , 0145>0, 0245>0, 0345>0, 0136>3, 0236>3, 1236  , 1246  , 0346>3, 1346  , 2346  , 1256>6, 0356>3, 1356  , 2356>6, 1456>6, 2456>6}
G[29008] min_theta=9 / 4
  {0123  , 0124  , 0134  , 0234  , 1234  , 0125  , 0135  , 0245  , 1345>3, 2345>4}
  {0123  , 0124  , 0134  , 0234  , 1234  , 0125  , 0135  , 0245  , 1345>3, 2345>4, 0126>0, 0136>0, 0236>0, 0146>0, 0246>0, 0346>0, 0156>0, 0256>0, 0356>0, 0456>0}
G[29009] min_theta=27 / 13
  {0123  , 0124  , 0134  , 0234  , 1234  , 0125  , 0135  , 0245>2, 1245>2, 2345>2}
  {0123  , 0124  , 0134  , 0234  , 1234  , 0125  , 0135  , 0245>2, 1245>2, 2345>2, 0146>4, 0246>4, 1246>4, 0346>4, 1346>4, 2346  , 0156>5, 0356>5, 1356>5, 2356>2, 2456>2}
G[29010] min_theta=28 / 13
  {0123  , 0124  , 0134  , 0234  , 1234  , 0125  , 0135  , 0245>2, 1245>2, 2345>4}
  {0123  , 0124  , 0134  , 0234  , 1234  , 0125  , 0135  , 0245>2, 1245>2, 2345>4, 0146>4, 0246>4, 1246>4, 0346>4, 1346>4, 2346>4, 0156>5, 0356>5, 1356>5, 2456>2}
G[29011] min_theta=5 / 2
  {0123  , 0124  , 0134  , 0234  , 1234  , 0125  , 0135  , 1245  , 0345  , 2345  }
  {0123  , 0124  , 0134  , 0234  , 1234  , 0125  , 0135  , 1245  , 0345  , 2345  , 0126>0, 0136>0, 0236>0, 0146>0, 0246>0, 0346>0, 0156>0, 0256>0, 0356>0, 0456>0}
G[29012] min_theta=28 / 13
  {0123  , 0124  , 0134  , 0234  , 1234  , 0125  , 0135  , 1245>2, 0345>3, 2345>4}
  {0123  , 0124  , 0134  , 0234  , 1234  , 0125  , 0135  , 1245>2, 0345>3, 2345>4, 0236>2, 1236>3, 0146>4, 0246>0, 1346>1, 0256>6, 1356>6, 2356>6, 0456>6, 1456>6}
G[29013] min_theta=9 / 4
  {0123  , 0124  , 0134  , 0234  , 1234  , 0125  , 0135>0, 0235  , 0145  , 1245>1}
  {0123  , 0124  , 0134  , 0234  , 1234  , 0125  , 0135>0, 0235  , 0145  , 1245>1, 0126>0, 0136>0, 0236>0, 0146>0, 0246>0, 0346>0, 0156>0, 0256>0, 0356>0, 0456>0}
G[29014] min_theta=21 / 10
  {0123  , 0124  , 0134  , 0234  , 1234  , 0125  , 0135>0, 0235  , 0145  , 0345>0}
  {0123  , 0124  , 0134  , 0234  , 1234  , 0125  , 0135>0, 0235  , 0145  , 0345>0, 0126>2, 0236>2, 1236  , 0246>2, 1246  , 1346  , 2346  , 0256>2, 1256  , 1356>6, 2356  , 1456>6, 2456>6, 3456>6}
G[29015] min_theta=29 / 14
  {0123  , 0124  , 0134  , 0234  , 1234  , 0125  , 0135>0, 0235>0, 0145>0, 0245>0}
  {0123  , 0124  , 0134  , 0234  , 1234  , 0125  , 0135>0, 0235>0, 0145>0, 0245>0, 0126>0, 0136>0, 0236>0, 0146>0, 0246>0, 0346>0, 0156>0, 0256>0, 0356>0, 0456>0}
G[29016] min_theta=2 / 1
  {0123  , 0124  , 0134  , 0234  , 1234  , 0125  , 0135>0, 0235>0, 0145>0, 0345>0}
  {0123  , 0124  , 0134  , 0234  , 1234  , 0125  , 0135>0, 0235>0, 0145>0, 0345>0, 0126>2, 0236>2, 1236  , 0246>2, 1246  , 1346  , 2346  , 0256>2, 1256  , 1356>6, 1456>6, 2456>6, 3456>6}
G[29017] min_theta=28 / 13
  {0123  , 0124  , 0134  , 0234  , 1234  , 0125  , 0135>0, 0235>0, 0145>1, 1245>1}
  {0123  , 0124  , 0134  , 0234  , 1234  , 0125  , 0135>0, 0235>0, 0145>1, 1245>1, 1236>3, 0246>4, 0346>4, 1346>3, 2346  , 0156>5, 0256>5, 1256>5, 0356>0, 1456>1}
G[29018] min_theta=28 / 13
  {0123  , 0124  , 0134  , 0234  , 1234  , 0125  , 0135>0, 0235>0, 1245>1, 0345  }
  {0123  , 0124  , 0134  , 0234  , 1234  , 0125  , 0135>0, 0235>0, 1245>1, 0345  , 0126>0, 0136>0, 0236>0, 0146>0, 0246>0, 0346>0, 0156>0, 0256>0, 0356>0, 0456>0}
G[29019] min_theta=29 / 14
  {0123  , 0124  , 0134  , 0234  , 1234  , 0125  , 0135>0, 0235>0, 1245>1, 0345>0}
  {0123  , 0124  , 0134  , 0234  , 1234  , 0125  , 0135>0, 0235>0, 1245>1, 0345>0, 0126>0, 0136>0, 0236>0, 0146>0, 0246>0, 0346>0, 0156>0, 0256>0, 0356>0, 0456>0}
G[29020] min_theta=29 / 13
  {0123  , 0124  , 0134  , 0234  , 1234  , 0125  , 0135>0, 0235>0, 1245>1, 0345>3}
  {0123  , 0124  , 0134  , 0234  , 1234  , 0125  , 0135>0, 0235>0, 1245>1, 0345>3, 0126>0, 0136>0, 0236>0, 0146>0, 0246>0, 0346>0, 0156>0, 0256>0, 0356>0}
G[29021] min_theta=26 / 11
  {0123  , 0124  , 0134  , 0234  , 1234  , 0125  , 0235  , 1235  , 0145  , 0345>0}
  {0123  , 0124  , 0134  , 0234  , 1234  , 0125  , 0235  , 1235  , 0145  , 0345>0, 0146>4, 0246>4, 1246>4, 0346>4, 1346>4, 2346>4, 0256>2, 1256>5, 1356>5, 2356>5}
G[29022] min_theta=29 / 14
  {0123  , 0124  , 0134  , 0234  , 1234  , 0125  , 0235>0, 1245>1, 0345>3, 1345>4}
  {0123  , 0124  , 0134  , 0234  , 1234  , 0125  , 0235>0, 1245>1, 0345>3, 1345>4, 0136>1, 1236>3, 0146>0, 0246>4, 2346>2, 0156>6, 1356>6, 2356>6, 0456>6, 2456>6}
G[29023] min_theta=13 / 6
  {0123  , 0124  , 0134  , 0234  , 1234  , 0125  , 1235  , 0145>0, 0245>0, 0345  }
  {0123  , 0124  , 0134  , 0234  , 1234  , 0125  , 1235  , 0145>0, 0245>0, 0345  , 0146>4, 0246>4, 1246>4, 0346  , 1346>4, 2346>4, 1256>5, 0356>0, 1356>5, 2356>5, 0456>0}
G[29024] min_theta=20 / 9
  {0123  , 0124  , 0134  , 0234  , 1234  , 0125>0, 0135  , 0235  , 0145  , 0245  }
  {0123  , 0124  , 0134  , 0234  , 1234  , 0125>0, 0135  , 0235  , 0145  , 0245  , 1236  , 0146>4, 0246>4, 1246  , 0346>4, 1346  , 2346  , 1256>6, 1356>6, 2356>6, 0456>4, 1456  , 2456  , 3456>6}
G[29025] min_theta=23 / 11
  {0123  , 0124  , 0134  , 0234  , 1234  , 0125>0, 0135  , 0235>0, 0145>0, 0245  }
  {0123  , 0124  , 0134  , 0234  , 1234  , 0125>0, 0135  , 0235>0, 0145>0, 0245  , 1236  , 0146>4, 0246>4, 1246  , 0346>4, 1346  , 2346  , 1256>6, 1356>6, 2356>6, 0456>4, 2456  , 3456>6}
G[29026] min_theta=2 / 1
  {0123  , 0124  , 0134  , 0234  , 1234  , 0125>0, 0135>0, 0235>0, 0145>0, 0245>0}
  {0123  , 0124  , 0134  , 0234  , 1234  , 0125>0, 0135>0, 0235>0, 0145>0, 0245>0, 0126>0, 0136>0, 0236>0, 0146>0, 0246>0, 0346>0, 0156>0, 0256>0, 0356>0, 0456>0}
G[29027] min_theta=2 / 1
  {0123  , 0124  , 0134  , 0234  , 1234  , 0125>1, 0135>0, 1245>2, 0345>3, 2345>4}
  {0123  , 0124  , 0134  , 0234  , 1234  , 0125>1, 0135>0, 1245>2, 0345>3, 2345>4, 0236>2, 1236>3, 0146>4, 0246>0, 1346>1, 0256>6, 1356>6, 2356>6, 0456>6, 1456>6}
G[29028] min_theta=5 / 2
  {0123  , 0124  , 0134  , 0234  , 1234  , 0135  , 0235  , 1235  , 0145  , 0245  }
  {0123  , 0124  , 0134  , 0234  , 1234  , 0135  , 0235  , 1235  , 0145  , 0245  , 0146>4, 0246>4, 1246>4, 0346>4, 1346>4, 2346>4, 1256>5, 0356>3, 1356>5, 2356>5}
G[29029] min_theta=26 / 11
  {0123  , 0124  , 0134  , 0234  , 1234  , 0135  , 0235  , 0145  , 1245  , 2345>2}
  {0123  , 0124  , 0134  , 0234  , 1234  , 0135  , 0235  , 0145  , 1245  , 2345>2, 0126>0, 0136>0, 0236>0, 0146>0, 0246>0, 0346>0, 0156>0, 0256>0, 0356>0, 0456>0}
G[29030] min_theta=28 / 13
  {0123  , 0124  , 0134  , 0234  , 1234  , 0135  , 1235>1, 0245  , 1245>2, 0345>0}
  {0123  , 0124  , 0134  , 0234  , 1234  , 0135  , 1235>1, 0245  , 1245>2, 0345>0, 0126>0, 0136>0, 0236>0, 0146>0, 0246>0, 0346>0, 0156>0, 0256>0, 0356>0, 0456>0}
G[29031] min_theta=9 / 4
  {0123  , 0124  , 0134  , 0234  , 1234  , 0235  , 1235  , 0145  , 1245>1, 0345>0}
  {0123  , 0124  , 0134  , 0234  , 1234  , 0235  , 1235  , 0145  , 1245>1, 0345>0, 0126>0, 0136>0, 0236>0, 0146>0, 0246>0, 0346>0, 0156>0, 0256>0, 0356>0, 0456>0}
G[29032] min_theta=19 / 8
  {0123  , 0124  , 0134  , 0234  , 0125  , 0135  , 0235  , 0145  , 0245  , 0345  }
  {0123  , 0124  , 0134  , 0234  , 0125  , 0135  , 0235  , 0145  , 0245  , 0345  , 1236>6, 0146>4, 0246>4, 1246  , 0346>4, 1346  , 2346  , 1256>6, 1356>6, 2356>6, 0456>4, 1456  , 2456  , 3456  }
G[29033] min_theta=20 / 9
  {0123  , 0124  , 0134  , 0234  , 0125  , 0135  , 0235  , 0145  , 0245  , 0345>0}
  {0123  , 0124  , 0134  , 0234  , 0125  , 0135  , 0235  , 0145  , 0245  , 0345>0, 0126>2, 0236>2, 1236  , 0246>2, 1246  , 1346>6, 2346  , 0256>2, 1256  , 1356>6, 2356  , 1456>6, 2456  , 3456>6}
G[29034] min_theta=26 / 11
  {0123  , 0124  , 0134  , 0234  , 0125  , 0135  , 0235  , 0145  , 0245  , 1345>1}
  {0123  , 0124  , 0134  , 0234  , 0125  , 0135  , 0235  , 0145  , 0245  , 1345>1, 0126>0, 0136>0, 0236>0, 0146>0, 0246>0, 0346>0, 0156>0, 0256>0, 0356>0, 0456>0}
G[29035] min_theta=21 / 10
  {0123  , 0124  , 0134  , 0234  , 0125  , 0135  , 0235  , 0145  , 0245>0, 0345>0}
  {0123  , 0124  , 0134  , 0234  , 0125  , 0135  , 0235  , 0145  , 0245>0, 0345>0, 0126>1, 0136>1, 1236  , 0146>1, 1246  , 1346  , 2346>6, 0156>1, 1256  , 1356  , 2356>6, 1456  , 2456>6, 3456>6}
G[29036] min_theta=5 / 2
  {0123  , 0124  , 0134  , 0234  , 0125  , 0135  , 0235  , 0145  , 1245  , 1345  }
  {0123  , 0124  , 0134  , 0234  , 0125  , 0135  , 0235  , 0145  , 1245  , 1345  , 0126>0, 0136>0, 0236>0, 0146>0, 0246>0, 0346>0, 0156>0, 0256>0, 0356>0, 0456>0}
G[29037] min_theta=26 / 11
  {0123  , 0124  , 0134  , 0234  , 0125  , 0135  , 0235  , 0145  , 1245  , 1345>1}
  {0123  , 0124  , 0134  , 0234  , 0125  , 0135  , 0235  , 0145  , 1245  , 1345>1, 0126>0, 0136>0, 0236>0, 0146>0, 0246>0, 0346>0, 0156>0, 0256>0, 0356>0, 0456>0}
G[29038] min_theta=26 / 11
  {0123  , 0124  , 0134  , 0234  , 0125  , 0135  , 0235  , 0145  , 1245  , 2345>3}
  {0123  , 0124  , 0134  , 0234  , 0125  , 0135  , 0235  , 0145  , 1245  , 2345>3, 0126>0, 0136>0, 0236>0, 0146>0, 0246>0, 0346>0, 0156>0, 0256>0, 0356>0, 0456>0}
G[29039] min_theta=9 / 4
  {0123  , 0124  , 0134  , 0234  , 0125  , 0135  , 0235  , 0145  , 1245>1, 0345>0}
  {0123  , 0124  , 0134  , 0234  , 0125  , 0135  , 0235  , 0145  , 1245>1, 0345>0, 0126>0, 0136>0, 0236>0, 0146>0, 0246>0, 0346>0, 0156>0, 0256>0, 0356>0, 0456>0}
G[29040] min_theta=9 / 4
  {0123  , 0124  , 0134  , 0234  , 0125  , 0135  , 0235  , 0145  , 1245>1, 1345>1}
  {0123  , 0124  , 0134  , 0234  , 0125  , 0135  , 0235  , 0145  , 1245>1, 1345>1, 0126>0, 0136>0, 0236>0, 0146>0, 0246>0, 0346>0, 0156>0, 0256>0, 0356>0, 0456>0}
G[29041] min_theta=26 / 11
  {0123  , 0124  , 0134  , 0234  , 0125  , 0135  , 0235  , 0145  , 1245>1, 2345  }
  {0123  , 0124  , 0134  , 0234  , 0125  , 0135  , 0235  , 0145  , 1245>1, 2345  , 0126>0, 0136>0, 0236>0, 0146>0, 0246>0, 0346>0, 0156>0, 0256>0, 0356>0, 0456>0}
G[29042] min_theta=9 / 4
  {0123  , 0124  , 0134  , 0234  , 0125  , 0135  , 0235  , 0145  , 1245>1, 2345>2}
  {0123  , 0124  , 0134  , 0234  , 0125  , 0135  , 0235  , 0145  , 1245>1, 2345>2, 0126>0, 0136>0, 0236>0, 0146>0, 0246>0, 0346>0, 0156>0, 0256>0, 0356>0, 0456>0}
G[29043] min_theta=9 / 4
  {0123  , 0124  , 0134  , 0234  , 0125  , 0135  , 0235  , 0145  , 1345>1, 2345>2}
  {0123  , 0124  , 0134  , 0234  , 0125  , 0135  , 0235  , 0145  , 1345>1, 2345>2, 0126>0, 0136>0, 0236>0, 0146>0, 0246>0, 0346>0, 0156>0, 0256>0, 0356>0, 0456>0}
G[29044] min_theta=23 / 11
  {0123  , 0124  , 0134  , 0234  , 0125  , 0135  , 0235  , 0145>0, 0245>0, 0345>0}
  {0123  , 0124  , 0134  , 0234  , 0125  , 0135  , 0235  , 0145>0, 0245>0, 0345>0, 0136>3, 0236>3, 1236  , 1246>6, 0346>3, 1346  , 2346  , 1256>6, 0356>3, 1356  , 2356  , 1456>6, 2456>6}
G[29045] min_theta=9 / 4
  {0123  , 0124  , 0134  , 0234  , 0125  , 0135  , 0235  , 0145>1, 1245  , 1345>1}
  {0123  , 0124  , 0134  , 0234  , 0125  , 0135  , 0235  , 0145>1, 1245  , 1345>1, 0126>1, 0136>1, 1236>1, 0146>1, 1246>1, 1346>1, 0156>1, 1256>1, 1356>1, 1456>1}
G[29046] min_theta=9 / 4
  {0123  , 0124  , 0134  , 0234  , 0125  , 0135  , 0235  , 0145>1, 1245  , 2345>3}
  {0123  , 0124  , 0134  , 0234  , 0125  , 0135  , 0235  , 0145>1, 1245  , 2345>3, 0126>1, 0136>1, 1236>1, 0146>1, 1246>1, 1346>1, 0156>1, 1256>1, 1356>1, 1456>1}
G[29047] min_theta=28 / 13
  {0123  , 0124  , 0134  , 0234  , 0125  , 0135  , 0235  , 0145>1, 1245>1, 1345>1}
  {0123  , 0124  , 0134  , 0234  , 0125  , 0135  , 0235  , 0145>1, 1245>1, 1345>1, 0126>1, 0136>1, 1236>1, 0146>1, 1246>1, 1346>1, 0156>1, 1256>1, 1356>1, 1456>1}
G[29048] min_theta=28 / 13
  {0123  , 0124  , 0134  , 0234  , 0125  , 0135  , 0235  , 0145>1, 1245>1, 2345>2}
  {0123  , 0124  , 0134  , 0234  , 0125  , 0135  , 0235  , 0145>1, 1245>1, 2345>2, 0126>1, 0136>1, 1236>1, 0146>1, 1246>1, 1346>1, 0156>1, 1256>1, 1356>1, 1456>1}
G[29049] min_theta=28 / 13
  {0123  , 0124  , 0134  , 0234  , 0125  , 0135  , 0235  , 0145>1, 1345>1, 2345>2}
  {0123  , 0124  , 0134  , 0234  , 0125  , 0135  , 0235  , 0145>1, 1345>1, 2345>2, 0126>1, 0136>1, 1236>1, 0146>1, 1246>1, 1346>1, 0156>1, 1256>1, 1356>1, 1456>1}
G[29050] min_theta=26 / 11
  {0123  , 0124  , 0134  , 0234  , 0125  , 0135  , 0235  , 0245>2, 1245  , 1345  }
  {0123  , 0124  , 0134  , 0234  , 0125  , 0135  , 0235  , 0245>2, 1245  , 1345  , 0126>1, 0136>1, 1236>1, 0146>1, 1246>1, 1346>1, 0156>1, 1256>1, 1356>1, 1456>1}
G[29051] min_theta=9 / 4
  {0123  , 0124  , 0134  , 0234  , 0125  , 0135  , 0235  , 0245>2, 1245  , 1345>1}
  {0123  , 0124  , 0134  , 0234  , 0125  , 0135  , 0235  , 0245>2, 1245  , 1345>1, 0126>1, 0136>1, 1236>1, 0146>1, 1246>1, 1346>1, 0156>1, 1256>1, 1356>1, 1456>1}
G[29052] min_theta=9 / 4
  {0123  , 0124  , 0134  , 0234  , 0125  , 0135  , 0235  , 1245  , 0345>3, 1345>3}
  {0123  , 0124  , 0134  , 0234  , 0125  , 0135  , 0235  , 1245  , 0345>3, 1345>3, 0126>2, 0236>2, 1236>2, 0246>2, 1246>2, 2346>2, 0256>2, 1256>2, 2356>2, 2456>2}
G[29053] min_theta=2 / 1
  {0123  , 0124  , 0134  , 0234  , 0125  , 0135  , 0235>0, 0145  , 0245>0, 0345>0}
  {0123  , 0124  , 0134  , 0234  , 0125  , 0135  , 0235>0, 0145  , 0245>0, 0345>0, 0126>1, 0136>1, 1236  , 0146>1, 1246  , 1346  , 2346>6, 0156>1, 1256  , 1356  , 2356>6, 1456  , 2456>6, 3456>6}
G[29054] min_theta=28 / 13
  {0123  , 0124  , 0134  , 0234  , 0125  , 0135  , 0235>0, 0145  , 1245>1, 1345>1}
  {0123  , 0124  , 0134  , 0234  , 0125  , 0135  , 0235>0, 0145  , 1245>1, 1345>1, 0126>0, 0136>0, 0236>0, 0146>0, 0246>0, 0346>0, 0156>0, 0256>0, 0356>0, 0456>0}
G[29055] min_theta=11 / 5
  {0123  , 0124  , 0134  , 0234  , 0125  , 0135  , 0235>0, 0145>0, 0245  , 0345  }
  {0123  , 0124  , 0134  , 0234  , 0125  , 0135  , 0235>0, 0145>0, 0245  , 0345  , 1236>6, 0146>4, 0246>4, 1246  , 0346>4, 1346  , 2346  , 1256>6, 1356>6, 2356>6, 0456>4, 2456  , 3456  }
G[29056] min_theta=23 / 11
  {0123  , 0124  , 0134  , 0234  , 0125  , 0135  , 0235>0, 0145>0, 0245  , 0345>0}
  {0123  , 0124  , 0134  , 0234  , 0125  , 0135  , 0235>0, 0145>0, 0245  , 0345>0, 0126>2, 0236>2, 1236  , 0246>2, 1246  , 1346>6, 2346  , 0256>2, 1256  , 1356>6, 1456>6, 2456  , 3456>6}
G[29057] min_theta=2 / 1
  {0123  , 0124  , 0134  , 0234  , 0125  , 0135  , 0235>0, 0145>0, 0245>0, 0345>0}
  {0123  , 0124  , 0134  , 0234  , 0125  , 0135  , 0235>0, 0145>0, 0245>0, 0345>0, 0126>1, 0136>1, 1236  , 0146>1, 1246  , 1346  , 2346>6, 0156>1, 1256  , 1356  , 2356>6, 2456>6, 3456>6}
G[29058] min_theta=29 / 14
  {0123  , 0124  , 0134  , 0234  , 0125  , 0135  , 0235>0, 0145>1, 1245>1, 1345>1}
  {0123  , 0124  , 0134  , 0234  , 0125  , 0135  , 0235>0, 0145>1, 1245>1, 1345>1, 0126>1, 0136>1, 1236>1, 0146>1, 1246>1, 1346>1, 0156>1, 1256>1, 1356>1, 1456>1}
G[29059] min_theta=28 / 13
  {0123  , 0124  , 0134  , 0234  , 0125  , 0135  , 0235>0, 0245>2, 1245  , 1345>3}
  {0123  , 0124  , 0134  , 0234  , 0125  , 0135  , 0235>0, 0245>2, 1245  , 1345>3, 0126>2, 0236>0, 0246>2, 1246>2, 1346>3, 0256>2, 1256>2, 1356>3, 2456>2, 3456>3}
G[29060] min_theta=28 / 13
  {0123  , 0124  , 0134  , 0234  , 0125  , 0135  , 0235>0, 0245>2, 1245>2, 1345>1}
  {0123  , 0124  , 0134  , 0234  , 0125  , 0135  , 0235>0, 0245>2, 1245>2, 1345>1, 1236>3, 0146>4, 0346>4, 1346  , 2346>3, 0156>5, 0256>5, 1256>5, 0356>0, 2456>2}
G[29061] min_theta=29 / 14
  {0123  , 0124  , 0134  , 0234  , 0125  , 0135  , 0235>0, 0245>2, 1245>2, 1345>3}
  {0123  , 0124  , 0134  , 0234  , 0125  , 0135  , 0235>0, 0245>2, 1245>2, 1345>3, 0126>2, 0236>0, 0246>2, 1246>2, 1346>3, 0256>2, 1256>2, 1356>3, 2456>2, 3456>3}
G[29062] min_theta=28 / 13
  {0123  , 0124  , 0134  , 0234  , 0125  , 0135  , 0235>0, 1245  , 0345>3, 1345>3}
  {0123  , 0124  , 0134  , 0234  , 0125  , 0135  , 0235>0, 1245  , 0345>3, 1345>3, 0126>2, 0236>0, 0246>2, 1246>2, 1346>3, 0256>2, 1256>2, 1356>3, 2456>2, 3456>3}
G[29063] min_theta=9 / 4
  {0123  , 0124  , 0134  , 0234  , 0125  , 0135  , 1235  , 0145  , 0245>0, 1345>1}
  {0123  , 0124  , 0134  , 0234  , 0125  , 0135  , 1235  , 0145  , 0245>0, 1345>1, 0126>0, 0136>0, 0236>0, 0146>0, 0246>0, 0346>0, 0156>0, 0256>0, 0356>0, 0456>0}
G[29064] min_theta=28 / 13
  {0123  , 0124  , 0134  , 0234  , 0125  , 0135  , 1235>1, 0145  , 0245>0, 0345>0}
  {0123  , 0124  , 0134  , 0234  , 0125  , 0135  , 1235>1, 0145  , 0245>0, 0345>0, 0126>0, 0136>0, 0236>0, 0146>0, 0246>0, 0346>0, 0156>0, 0256>0, 0356>0, 0456>0}
G[29065] min_theta=28 / 13
  {0123  , 0124  , 0134  , 0234  , 0125  , 0135  , 1235>1, 0145  , 1245>1, 1345>1}
  {0123  , 0124  , 0134  , 0234  , 0125  , 0135  , 1235>1, 0145  , 1245>1, 1345>1, 0126>0, 0136>0, 0236>0, 0146>0, 0246>0, 0346>0, 0156>0, 0256>0, 0356>0, 0456>0}
G[29066] min_theta=9 / 4
  {0123  , 0124  , 0134  , 0234  , 0125  , 0135  , 1235>1, 0145>0, 0245  , 0345  }
  {0123  , 0124  , 0134  , 0234  , 0125  , 0135  , 1235>1, 0145>0, 0245  , 0345  , 0126>0, 0136>0, 0236>0, 0146>0, 0246>0, 0346>0, 0156>0, 0256>0, 0356>0, 0456>0}
G[29067] min_theta=28 / 13
  {0123  , 0124  , 0134  , 0234  , 0125  , 0135  , 1235>1, 0145>0, 0245  , 0345>0}
  {0123  , 0124  , 0134  , 0234  , 0125  , 0135  , 1235>1, 0145>0, 0245  , 0345>0, 0126>0, 0136>0, 0236>0, 0146>0, 0246>0, 0346>0, 0156>0, 0256>0, 0356>0, 0456>0}
G[29068] min_theta=29 / 14
  {0123  , 0124  , 0134  , 0234  , 0125  , 0135  , 1235>1, 0145>0, 0245>0, 0345>0}
  {0123  , 0124  , 0134  , 0234  , 0125  , 0135  , 1235>1, 0145>0, 0245>0, 0345>0, 0126>0, 0136>0, 0236>0, 0146>0, 0246>0, 0346>0, 0156>0, 0256>0, 0356>0, 0456>0}
G[29069] min_theta=29 / 14
  {0123  , 0124  , 0134  , 0234  , 0125  , 0135  , 1235>1, 0145>1, 1245>1, 1345>1}
  {0123  , 0124  , 0134  , 0234  , 0125  , 0135  , 1235>1, 0145>1, 1245>1, 1345>1, 0126>1, 0136>1, 1236>1, 0146>1, 1246>1, 1346>1, 0156>1, 1256>1, 1356>1, 1456>1}
G[29070] min_theta=9 / 4
  {0123  , 0124  , 0134  , 0234  , 0125  , 0135  , 1235>1, 0245  , 1245>2, 0345  }
  {0123  , 0124  , 0134  , 0234  , 0125  , 0135  , 1235>1, 0245  , 1245>2, 0345  , 0126>0, 0136>0, 0236>0, 0146>0, 0246>0, 0346>0, 0156>0, 0256>0, 0356>0, 0456>0}
G[29071] min_theta=28 / 13
  {0123  , 0124  , 0134  , 0234  , 0125  , 0135  , 1235>1, 0245  , 1245>2, 0345>0}
  {0123  , 0124  , 0134  , 0234  , 0125  , 0135  , 1235>1, 0245  , 1245>2, 0345>0, 0126>0, 0136>0, 0236>0, 0146>0, 0246>0, 0346>0, 0156>0, 0256>0, 0356>0, 0456>0}
G[29072] min_theta=28 / 13
  {0123  , 0124  , 0134  , 0234  , 0125  , 0135>0, 0235  , 0145  , 1245>1, 2345>3}
  {0123  , 0124  , 0134  , 0234  , 0125  , 0135>0, 0235  , 0145  , 1245>1, 2345>3, 0126>0, 0136>0, 0236>0, 0146>0, 0246>0, 0346>0, 0156>0, 0256>0, 0356>0, 0456>0}
G[29073] min_theta=29 / 14
  {0123  , 0124  , 0134  , 0234  , 0125  , 0135>0, 0235>0, 0145>0, 0245>0, 0345  }
  {0123  , 0124  , 0134  , 0234  , 0125  , 0135>0, 0235>0, 0145>0, 0245>0, 0345  , 0126>0, 0136>0, 0236>0, 0146>0, 0246>0, 0346>0, 0156>0, 0256>0, 0356>0, 0456>0}
G[29074] min_theta=2 / 1
  {0123  , 0124  , 0134  , 0234  , 0125  , 0135>0, 0235>0, 0145>0, 0245>0, 0345>0}
  {0123  , 0124  , 0134  , 0234  , 0125  , 0135>0, 0235>0, 0145>0, 0245>0, 0345>0, 0126>0, 0136>0, 0236>0, 0146>0, 0246>0, 0346>0, 0156>0, 0256>0, 0356>0, 0456>0}
G[29075] min_theta=2 / 1
  {0123  , 0124  , 0134  , 0234  , 0125  , 0135>1, 1235>1, 0145>1, 1245>1, 1345>1}
  {0123  , 0124  , 0134  , 0234  , 0125  , 0135>1, 1235>1, 0145>1, 1245>1, 1345>1, 0126>1, 0136>1, 1236>1, 0146>1, 1246>1, 1346>1, 0156>1, 1256>1, 1356>1, 1456>1}
G[29076] min_theta=9 / 4
  {0123  , 0124  , 0134  , 0234  , 0125  , 0235  , 1235  , 0145  , 0245>0, 1345>4}
  {0123  , 0124  , 0134  , 0234  , 0125  , 0235  , 1235  , 0145  , 0245>0, 1345>4, 0126>0, 0136>0, 0236>0, 0146>0, 0246>0, 0346>0, 0156>0, 0256>0, 0356>0, 0456>0}
G[29077] min_theta=9 / 4
  {0123  , 0124  , 0134  , 0234  , 0125  , 0235  , 1235  , 0145  , 1245>1, 1345>1}
  {0123  , 0124  , 0134  , 0234  , 0125  , 0235  , 1235  , 0145  , 1245>1, 1345>1, 0126>0, 0136>0, 0236>0, 0146>0, 0246>0, 0346>0, 0156>0, 0256>0, 0356>0, 0456>0}
G[29078] min_theta=9 / 4
  {0123  , 0124  , 0134  , 0234  , 0125  , 0235  , 1235>2, 0145  , 0245>0, 1345  }
  {0123  , 0124  , 0134  , 0234  , 0125  , 0235  , 1235>2, 0145  , 0245>0, 1345  , 0126>0, 0136>0, 0236>0, 0146>0, 0246>0, 0346>0, 0156>0, 0256>0, 0356>0, 0456>0}
G[29079] min_theta=28 / 13
  {0123  , 0124  , 0134  , 0234  , 0125  , 0235  , 1235>2, 0145  , 0245>0, 1345>1}
  {0123  , 0124  , 0134  , 0234  , 0125  , 0235  , 1235>2, 0145  , 0245>0, 1345>1, 0126>0, 0136>0, 0236>0, 0146>0, 0246>0, 0346>0, 0156>0, 0256>0, 0356>0, 0456>0}
G[29080] min_theta=28 / 13
  {0123  , 0124  , 0134  , 0234  , 0125  , 0235>2, 1235  , 0145  , 0245>0, 1345>1}
  {0123  , 0124  , 0134  , 0234  , 0125  , 0235>2, 1235  , 0145  , 0245>0, 1345>1, 0126>1, 0136>1, 1236>1, 0146>1, 1246>1, 1346>1, 0156>1, 1256>1, 1356>1, 1456>1}
G[29081] min_theta=31 / 16
  {0123  , 0124  , 0134  , 0234  , 0125>0, 0135>0, 0235>0, 0145>0, 0245>0, 0345>0}
  {0123  , 0124  , 0134  , 0234  , 0125>0, 0135>0, 0235>0, 0145>0, 0245>0, 0345>0, 0126>0, 0136>0, 0236>0, 0146>0, 0246>0, 0346>0, 0156>0, 0256>0, 0356>0, 0456>0}
G[29082] min_theta=31 / 16
  {0123  , 0124  , 0134  , 0234  , 0125>1, 0135>1, 1235>1, 0145>1, 1245>1, 1345>1}
  {0123  , 0124  , 0134  , 0234  , 0125>1, 0135>1, 1235>1, 0145>1, 1245>1, 1345>1, 0126>1, 0136>1, 1236>1, 0146>1, 1246>1, 1346>1, 0156>1, 1256>1, 1356>1, 1456>1}
G[29083] min_theta=26 / 11
  {0123  , 0124  , 0134  , 0234  , 0135  , 0235  , 1235  , 0145  , 0245  , 1245>4}
  {0123  , 0124  , 0134  , 0234  , 0135  , 0235  , 1235  , 0145  , 0245  , 1245>4, 0126>0, 0136>0, 0236>0, 0146>0, 0246>0, 0346>0, 0156>0, 0256>0, 0356>0, 0456>0}
G[29084] min_theta=9 / 4
  {0123  , 0124  , 0134  , 0234  , 0135  , 0235  , 0145  , 0245  , 1345>1, 2345>2}
  {0123  , 0124  , 0134  , 0234  , 0135  , 0235  , 0145  , 0245  , 1345>1, 2345>2, 0126>0, 0136>0, 0236>0, 0146>0, 0246>0, 0346>0, 0156>0, 0256>0, 0356>0, 0456>0}
G[29085] min_theta=23 / 12
  {0123  , 0124  , 0134  , 0234>0, 0125  , 0135  , 0235>0, 0145  , 0245>0, 0345>0}
  {0123  , 0124  , 0134  , 0234>0, 0125  , 0135  , 0235>0, 0145  , 0245>0, 0345>0, 0126>1, 0136>1, 1236  , 0146>1, 1246  , 1346  , 2346>6, 0156>1, 1256  , 1356  , 2356>6, 1456  , 2456>6, 3456>6}
G[29086] min_theta=29 / 14
  {0123  , 0124  , 0134  , 0234>0, 0125  , 0135  , 0235>0, 0145  , 1245>1, 1345>1}
  {0123  , 0124  , 0134  , 0234>0, 0125  , 0135  , 0235>0, 0145  , 1245>1, 1345>1, 0126>0, 0136>0, 0236>0, 0146>0, 0246>0, 0346>0, 0156>0, 0256>0, 0356>0, 0456>0}
G[29087] min_theta=25 / 13
  {0123  , 0124  , 0134  , 0234>0, 0125  , 0135  , 0235>0, 0145>0, 0245>0, 0345>0}
  {0123  , 0124  , 0134  , 0234>0, 0125  , 0135  , 0235>0, 0145>0, 0245>0, 0345>0, 0126>1, 0136>1, 1236  , 0146>1, 1246  , 1346  , 2346>6, 0156>1, 1256  , 1356  , 2356>6, 2456>6, 3456>6}
G[29088] min_theta=29 / 14
  {0123  , 0124  , 0134  , 0234>0, 0125  , 0135  , 0235>0, 0245  , 1245>2, 1345>3}
  {0123  , 0124  , 0134  , 0234>0, 0125  , 0135  , 0235>0, 0245  , 1245>2, 1345>3, 0126>0, 0136>0, 0236>0, 0146>0, 0246>0, 0346>0, 0156>0, 0256>0, 0356>0, 0456>0}
G[29089] min_theta=25 / 12
  {0123  , 0124  , 0134  , 0234>0, 0125  , 0135  , 0235>0, 0245>2, 1245>2, 1345>1}
  {0123  , 0124  , 0134  , 0234>0, 0125  , 0135  , 0235>0, 0245>2, 1245>2, 1345>1, 0126>1, 0136>1, 1236  , 0146>1, 1246  , 1346  , 2346>6, 0156>1, 1256  , 1356  , 2356>6, 2456>2}
G[29090] min_theta=2 / 1
  {0123  , 0124  , 0134  , 0234>0, 0125  , 0135  , 0235>0, 0245>2, 1245>2, 1345>3}
  {0123  , 0124  , 0134  , 0234>0, 0125  , 0135  , 0235>0, 0245>2, 1245>2, 1345>3, 0126>2, 0236>0, 0246>2, 1246>2, 1346>3, 0256>2, 1256>2, 1356>3, 2456>2, 3456>3}
G[29091] min_theta=28 / 13
  {0123  , 0124  , 0134  , 0234>0, 0125  , 0135  , 0245  , 1245>2, 0345  , 1345>3}
  {0123  , 0124  , 0134  , 0234>0, 0125  , 0135  , 0245  , 1245>2, 0345  , 1345>3, 0126>0, 0136>0, 0236>0, 0146>0, 0246>0, 0346>0, 0156>0, 0256>0, 0356>0, 0456>0}
G[29092] min_theta=29 / 14
  {0123  , 0124  , 0134  , 0234>0, 0125  , 0135>0, 0235  , 0145>0, 0245>0, 0345  }
  {0123  , 0124  , 0134  , 0234>0, 0125  , 0135>0, 0235  , 0145>0, 0245>0, 0345  , 0126>0, 0136>0, 0236>0, 0146>0, 0246>0, 0346>0, 0156>0, 0256>0, 0356>0, 0456>0}
G[29093] min_theta=2 / 1
  {0123  , 0124  , 0134  , 0234>0, 0125  , 0135>0, 0235  , 0145>0, 0245>0, 0345>0}
  {0123  , 0124  , 0134  , 0234>0, 0125  , 0135>0, 0235  , 0145>0, 0245>0, 0345>0, 0126>0, 0136>0, 0236>0, 0146>0, 0246>0, 0346>0, 0156>0, 0256>0, 0356>0, 0456>0}
G[29094] min_theta=2 / 1
  {0123  , 0124  , 0134  , 0234>0, 0125  , 0135>0, 0235>0, 0145>0, 0245>0, 0345  }
  {0123  , 0124  , 0134  , 0234>0, 0125  , 0135>0, 0235>0, 0145>0, 0245>0, 0345  , 0126>0, 0136>0, 0236>0, 0146>0, 0246>0, 0346>0, 0156>0, 0256>0, 0356>0, 0456>0}
G[29095] min_theta=27 / 14
  {0123  , 0124  , 0134  , 0234>0, 0125  , 0135>0, 0235>0, 0145>0, 0245>0, 0345>0}
  {0123  , 0124  , 0134  , 0234>0, 0125  , 0135>0, 0235>0, 0145>0, 0245>0, 0345>0, 0126>1, 0136>1, 1236  , 0146>1, 1246  , 1346  , 2346>6, 0156>1, 1256  , 2356>6, 2456>6, 3456>6}
G[29096] min_theta=31 / 16
  {0123  , 0124  , 0134  , 0234>0, 0125>0, 0135>0, 0235  , 0145>0, 0245>0, 0345>0}
  {0123  , 0124  , 0134  , 0234>0, 0125>0, 0135>0, 0235  , 0145>0, 0245>0, 0345>0, 0126>0, 0136>0, 0236>0, 0146>0, 0246>0, 0346>0, 0156>0, 0256>0, 0356>0, 0456>0}
G[29097] min_theta=32 / 17
  {0123  , 0124  , 0134  , 0234>0, 0125>0, 0135>0, 0235>0, 0145>0, 0245>0, 0345>0}
  {0123  , 0124  , 0134  , 0234>0, 0125>0, 0135>0, 0235>0, 0145>0, 0245>0, 0345>0, 0126>0, 0136>0, 0236>0, 0146>0, 0246>0, 0346>0, 0156>0, 0256>0, 0356>0, 0456>0}
G[29098] min_theta=5 / 2
  {0123  , 0124  , 0134  , 1234  , 0125  , 0135  , 0235  , 0145  , 0245  , 0345  }
  {0123  , 0124  , 0134  , 1234  , 0125  , 0135  , 0235  , 0145  , 0245  , 0345  , 0126>0, 0136>0, 0236>0, 0146>0, 0246>0, 0346>0, 0156>0, 0256>0, 0356>0, 0456>0}
G[29099] min_theta=26 / 11
  {0123  , 0124  , 0134  , 1234  , 0125  , 0135  , 0235  , 0145  , 0245  , 0345>0}
  {0123  , 0124  , 0134  , 1234  , 0125  , 0135  , 0235  , 0145  , 0245  , 0345>0, 0126>0, 0136>0, 0236>0, 0146>0, 0246>0, 0346>0, 0156>0, 0256>0, 0356>0, 0456>0}
G[29100] min_theta=26 / 11
  {0123  , 0124  , 0134  , 1234  , 0125  , 0135  , 0235  , 0145  , 0245  , 2345>2}
  {0123  , 0124  , 0134  , 1234  , 0125  , 0135  , 0235  , 0145  , 0245  , 2345>2, 0126>0, 0136>0, 0236>0, 0146>0, 0246>0, 0346>0, 0156>0, 0256>0, 0356>0, 0456>0}
G[29101] min_theta=20 / 9
  {0123  , 0124  , 0134  , 1234  , 0125  , 0135  , 0235  , 0145  , 0245>0, 0345>0}
  {0123  , 0124  , 0134  , 1234  , 0125  , 0135  , 0235  , 0145  , 0245>0, 0345>0, 0126>1, 0136>1, 1236  , 0146>1, 1246  , 1346  , 2346  , 0156>1, 1256  , 1356  , 2356>6, 1456  , 2456>6, 3456>6}
G[29102] min_theta=26 / 11
  {0123  , 0124  , 0134  , 1234  , 0125  , 0135  , 0235  , 0145>0, 0245  , 0345  }
  {0123  , 0124  , 0134  , 1234  , 0125  , 0135  , 0235  , 0145>0, 0245  , 0345  , 0126>0, 0136>0, 0236>0, 0146>0, 0246>0, 0346>0, 0156>0, 0256>0, 0356>0, 0456>0}
G[29103] min_theta=20 / 9
  {0123  , 0124  , 0134  , 1234  , 0125  , 0135  , 0235  , 0145>0, 0245  , 0345>0}
  {0123  , 0124  , 0134  , 1234  , 0125  , 0135  , 0235  , 0145>0, 0245  , 0345>0, 0126>2, 0236>2, 1236  , 0246>2, 1246  , 1346  , 2346  , 0256>2, 1256  , 1356>6, 2356  , 1456>6, 2456  , 3456>6}
G[29104] min_theta=28 / 13
  {0123  , 0124  , 0134  , 1234  , 0125  , 0135  , 0235  , 0145>0, 0245>0, 0345>0}
  {0123  , 0124  , 0134  , 1234  , 0125  , 0135  , 0235  , 0145>0, 0245>0, 0345>0, 0126>0, 0136>0, 0236>0, 0146>0, 0246>0, 0346>0, 0156>0, 0256>0, 0356>0, 0456>0}
G[29105] min_theta=28 / 13
  {0123  , 0124  , 0134  , 1234  , 0125  , 0135  , 0235  , 0245>2, 1245>2, 2345>2}
  {0123  , 0124  , 0134  , 1234  , 0125  , 0135  , 0235  , 0245>2, 1245>2, 2345>2, 0146>4, 0246>4, 1246>4, 0346>4, 1346>4, 2346>4, 0156>5, 0356>5, 1356>5, 2456>2}
G[29106] min_theta=9 / 4
  {0123  , 0124  , 0134  , 1234  , 0125  , 0135  , 0235>0, 0145>0, 0245  , 0345  }
  {0123  , 0124  , 0134  , 1234  , 0125  , 0135  , 0235>0, 0145>0, 0245  , 0345  , 0126>0, 0136>0, 0236>0, 0146>0, 0246>0, 0346>0, 0156>0, 0256>0, 0356>0, 0456>0}
G[29107] min_theta=28 / 13
  {0123  , 0124  , 0134  , 1234  , 0125  , 0135  , 0235>0, 0145>0, 0245  , 0345>0}
  {0123  , 0124  , 0134  , 1234  , 0125  , 0135  , 0235>0, 0145>0, 0245  , 0345>0, 0126>0, 0136>0, 0236>0, 0146>0, 0246>0, 0346>0, 0156>0, 0256>0, 0356>0, 0456>0}
G[29108] min_theta=26 / 11
  {0123  , 0124  , 0134  , 1234  , 0125  , 0135  , 1235  , 0145>0, 0245  , 0345  }
  {0123  , 0124  , 0134  , 1234  , 0125  , 0135  , 1235  , 0145>0, 0245  , 0345  , 0126>0, 0136>0, 0236>0, 0146>0, 0246>0, 0346>0, 0156>0, 0256>0, 0356>0, 0456>0}
G[29109] min_theta=28 / 13
  {0123  , 0124  , 0134  , 1234  , 0125  , 0135>0, 0235  , 0145  , 1245>1, 0345>0}
  {0123  , 0124  , 0134  , 1234  , 0125  , 0135>0, 0235  , 0145  , 1245>1, 0345>0, 0126>0, 0136>0, 0236>0, 0146>0, 0246>0, 0346>0, 0156>0, 0256>0, 0356>0, 0456>0}
G[29110] min_theta=28 / 13
  {0123  , 0124  , 0134  , 1234  , 0125  , 0135>0, 0235  , 0145>0, 0245>0, 0345  }
  {0123  , 0124  , 0134  , 1234  , 0125  , 0135>0, 0235  , 0145>0, 0245>0, 0345  , 0126>0, 0136>0, 0236>0, 0146>0, 0246>0, 0346>0, 0156>0, 0256>0, 0356>0, 0456>0}
G[29111] min_theta=29 / 14
  {0123  , 0124  , 0134  , 1234  , 0125  , 0135>0, 0235  , 0145>0, 0245>0, 0345>0}
  {0123  , 0124  , 0134  , 1234  , 0125  , 0135>0, 0235  , 0145>0, 0245>0, 0345>0, 0126>0, 0136>0, 0236>0, 0146>0, 0246>0, 0346>0, 0156>0, 0256>0, 0356>0, 0456>0}
G[29112] min_theta=29 / 14
  {0123  , 0124  , 0134  , 1234  , 0125  , 0135>0, 0235>0, 0145>0, 0245>0, 0345  }
  {0123  , 0124  , 0134  , 1234  , 0125  , 0135>0, 0235>0, 0145>0, 0245>0, 0345  , 0126>0, 0136>0, 0236>0, 0146>0, 0246>0, 0346>0, 0156>0, 0256>0, 0356>0, 0456>0}
G[29113] min_theta=26 / 11
  {0123  , 0124  , 0134  , 1234  , 0125  , 0235  , 1235  , 0145  , 0245>0, 0345  }
  {0123  , 0124  , 0134  , 1234  , 0125  , 0235  , 1235  , 0145  , 0245>0, 0345  , 0126>0, 0136>0, 0236>0, 0146>0, 0246>0, 0346>0, 0156>0, 0256>0, 0356>0, 0456>0}
G[29114] min_theta=9 / 4
  {0123  , 0124  , 0134  , 1234  , 0125  , 0235  , 1235>2, 0145  , 0245>0, 0345  }
  {0123  , 0124  , 0134  , 1234  , 0125  , 0235  , 1235>2, 0145  , 0245>0, 0345  , 0126>0, 0136>0, 0236>0, 0146>0, 0246>0, 0346>0, 0156>0, 0256>0, 0356>0, 0456>0}
G[29115] min_theta=28 / 13
  {0123  , 0124  , 0134  , 1234  , 0125  , 0235  , 1235>2, 0145  , 0245>0, 0345>0}
  {0123  , 0124  , 0134  , 1234  , 0125  , 0235  , 1235>2, 0145  , 0245>0, 0345>0, 0126>0, 0136>0, 0236>0, 0146>0, 0246>0, 0346>0, 0156>0, 0256>0, 0356>0, 0456>0}
G[29116] min_theta=9 / 4
  {0123  , 0124  , 0134  , 1234  , 0125  , 0235  , 1235>2, 0145  , 1245>1, 0345  }
  {0123  , 0124  , 0134  , 1234  , 0125  , 0235  , 1235>2, 0145  , 1245>1, 0345  , 0126>0, 0136>0, 0236>0, 0146>0, 0246>0, 0346>0, 0156>0, 0256>0, 0356>0, 0456>0}
G[29117] min_theta=9 / 4
  {0123  , 0124  , 0134  , 1234  , 0125  , 0235  , 1235>2, 0145  , 0345  , 2345>3}
  {0123  , 0124  , 0134  , 1234  , 0125  , 0235  , 1235>2, 0145  , 0345  , 2345>3, 0126>0, 0136>0, 0236>0, 0146>0, 0246>0, 0346>0, 0156>0, 0256>0, 0356>0, 0456>0}
G[29118] min_theta=9 / 4
  {0123  , 0124  , 0134  , 1234  , 0125>0, 0135  , 0235  , 0145  , 0245  , 1345>1}
  {0123  , 0124  , 0134  , 1234  , 0125>0, 0135  , 0235  , 0145  , 0245  , 1345>1, 0126>0, 0136>0, 0236>0, 0146>0, 0246>0, 0346>0, 0156>0, 0256>0, 0356>0, 0456>0}
G[29119] min_theta=9 / 4
  {0123  , 0124  , 0134  , 1234  , 0125>0, 0135  , 0235  , 0145  , 0245  , 2345>2}
  {0123  , 0124  , 0134  , 1234  , 0125>0, 0135  , 0235  , 0145  , 0245  , 2345>2, 0126>0, 0136>0, 0236>0, 0146>0, 0246>0, 0346>0, 0156>0, 0256>0, 0356>0, 0456>0}
G[29120] min_theta=9 / 4
  {0123  , 0124  , 0134  , 1234  , 0125>0, 0135  , 0235  , 0145  , 0245  , 2345>5}
  {0123  , 0124  , 0134  , 1234  , 0125>0, 0135  , 0235  , 0145  , 0245  , 2345>5, 0126>0, 0136>0, 0236>0, 0146>0, 0246>0, 0346>0, 0156>0, 0256>0, 0356>0, 0456>0}
G[29121] min_theta=2 / 1
  {0123  , 0124  , 0134  , 1234  , 0125>0, 0135>0, 0235  , 0145>0, 0245>0, 0345>0}
  {0123  , 0124  , 0134  , 1234  , 0125>0, 0135>0, 0235  , 0145>0, 0245>0, 0345>0, 0126>0, 0136>0, 0236>0, 0146>0, 0246>0, 0346>0, 0156>0, 0256>0, 0356>0, 0456>0}
G[29122] min_theta=26 / 11
  {0123  , 0124  , 0134  , 1234  , 0135  , 0235  , 1235  , 0145  , 0245  , 2345>2}
  {0123  , 0124  , 0134  , 1234  , 0135  , 0235  , 1235  , 0145  , 0245  , 2345>2, 0126>0, 0136>0, 0236>0, 0146>0, 0246>0, 0346>0, 0156>0, 0256>0, 0356>0, 0456>0}
G[29123] min_theta=29 / 14
  {0123  , 0124  , 0134  , 1234>1, 0125  , 0135  , 0235>0, 0145  , 0245>0, 0345>0}
  {0123  , 0124  , 0134  , 1234>1, 0125  , 0135  , 0235>0, 0145  , 0245>0, 0345>0, 0126>0, 0136>0, 0236>0, 0146>0, 0246>0, 0346>0, 0156>0, 0256>0, 0356>0, 0456>0}
G[29124] min_theta=28 / 13
  {0123  , 0124  , 0134  , 1234>1, 0125  , 0135  , 0235>0, 0145>0, 0245  , 0345  }
  {0123  , 0124  , 0134  , 1234>1, 0125  , 0135  , 0235>0, 0145>0, 0245  , 0345  , 0126>0, 0136>0, 0236>0, 0146>0, 0246>0, 0346>0, 0156>0, 0256>0, 0356>0, 0456>0}
G[29125] min_theta=29 / 14
  {0123  , 0124  , 0134  , 1234>1, 0125  , 0135  , 0235>0, 0145>0, 0245  , 0345>0}
  {0123  , 0124  , 0134  , 1234>1, 0125  , 0135  , 0235>0, 0145>0, 0245  , 0345>0, 0126>0, 0136>0, 0236>0, 0146>0, 0246>0, 0346>0, 0156>0, 0256>0, 0356>0, 0456>0}
G[29126] min_theta=2 / 1
  {0123  , 0124  , 0134  , 1234>1, 0125  , 0135  , 0235>0, 0145>0, 0245>0, 0345>0}
  {0123  , 0124  , 0134  , 1234>1, 0125  , 0135  , 0235>0, 0145>0, 0245>0, 0345>0, 0126>0, 0136>0, 0236>0, 0146>0, 0246>0, 0346>0, 0156>0, 0256>0, 0356>0, 0456>0}
G[29127] min_theta=2 / 1
  {0123  , 0124  , 0134  , 1234>1, 0125  , 0135  , 1235>1, 0145>0, 0245>0, 0345>0}
  {0123  , 0124  , 0134  , 1234>1, 0125  , 0135  , 1235>1, 0145>0, 0245>0, 0345>0, 0126>0, 0136>0, 0236>0, 0146>0, 0246>0, 0346>0, 0156>0, 0256>0, 0356>0, 0456>0}
G[29128] min_theta=29 / 14
  {0123  , 0124  , 0134  , 1234>1, 0125  , 0135  , 1235>1, 0245  , 1245>2, 0345>3}
  {0123  , 0124  , 0134  , 1234>1, 0125  , 0135  , 1235>1, 0245  , 1245>2, 0345>3, 0126>2, 1236>1, 0246>2, 1246>2, 0346>3, 0256>2, 1256>2, 0356>3, 2456>2, 3456>3}
G[29129] min_theta=29 / 14
  {0123  , 0124  , 0134  , 1234>1, 0125  , 0135  , 1235>1, 0245  , 0345>3, 1345>3}
  {0123  , 0124  , 0134  , 1234>1, 0125  , 0135  , 1235>1, 0245  , 0345>3, 1345>3, 0126>2, 1236>1, 0246>2, 1246>2, 0346>3, 0256>2, 1256>2, 0356>3, 2456>2, 3456>3}
G[29130] min_theta=29 / 14
  {0123  , 0124  , 0134  , 1234>1, 0125  , 0135>0, 0235  , 0145>0, 0245>0, 0345  }
  {0123  , 0124  , 0134  , 1234>1, 0125  , 0135>0, 0235  , 0145>0, 0245>0, 0345  , 0126>0, 0136>0, 0236>0, 0146>0, 0246>0, 0346>0, 0156>0, 0256>0, 0356>0, 0456>0}
G[29131] min_theta=2 / 1
  {0123  , 0124  , 0134  , 1234>1, 0125  , 0135>0, 0235  , 0145>0, 0245>0, 0345>0}
  {0123  , 0124  , 0134  , 1234>1, 0125  , 0135>0, 0235  , 0145>0, 0245>0, 0345>0, 0126>0, 0136>0, 0236>0, 0146>0, 0246>0, 0346>0, 0156>0, 0256>0, 0356>0, 0456>0}
G[29132] min_theta=2 / 1
  {0123  , 0124  , 0134  , 1234>1, 0125  , 0135>0, 0235>0, 0145>0, 0245>0, 0345  }
  {0123  , 0124  , 0134  , 1234>1, 0125  , 0135>0, 0235>0, 0145>0, 0245>0, 0345  , 0126>0, 0136>0, 0236>0, 0146>0, 0246>0, 0346>0, 0156>0, 0256>0, 0356>0, 0456>0}
G[29133] min_theta=31 / 16
  {0123  , 0124  , 0134  , 1234>1, 0125  , 0135>0, 0235>0, 0145>0, 0245>0, 0345>0}
  {0123  , 0124  , 0134  , 1234>1, 0125  , 0135>0, 0235>0, 0145>0, 0245>0, 0345>0, 0126>0, 0136>0, 0236>0, 0146>0, 0246>0, 0346>0, 0156>0, 0256>0, 0356>0, 0456>0}
G[29134] min_theta=29 / 14
  {0123  , 0124  , 0134  , 1234>1, 0125  , 0235  , 1235>2, 0145>0, 0245>0, 0345  }
  {0123  , 0124  , 0134  , 1234>1, 0125  , 0235  , 1235>2, 0145>0, 0245>0, 0345  , 0126>0, 0136>0, 0236>0, 0146>0, 0246>0, 0346>0, 0156>0, 0256>0, 0356>0, 0456>0}
G[29135] min_theta=2 / 1
  {0123  , 0124  , 0134  , 1234>1, 0125  , 0235  , 1235>2, 0145>0, 0245>0, 0345>0}
  {0123  , 0124  , 0134  , 1234>1, 0125  , 0235  , 1235>2, 0145>0, 0245>0, 0345>0, 0126>0, 0136>0, 0236>0, 0146>0, 0246>0, 0346>0, 0156>0, 0256>0, 0356>0, 0456>0}
G[29136] min_theta=9 / 4
  {0123  , 0124  , 0134  , 1234>1, 0125>0, 0135  , 0235  , 0145  , 0245  , 2345  }
  {0123  , 0124  , 0134  , 1234>1, 0125>0, 0135  , 0235  , 0145  , 0245  , 2345  , 0126>0, 0136>0, 0236>0, 0146>0, 0246>0, 0346>0, 0156>0, 0256>0, 0356>0, 0456>0}
G[29137] min_theta=28 / 13
  {0123  , 0124  , 0134  , 1234>1, 0125>0, 0135  , 0235  , 0145  , 0245  , 2345>2}
  {0123  , 0124  , 0134  , 1234>1, 0125>0, 0135  , 0235  , 0145  , 0245  , 2345>2, 0126>0, 0136>0, 0236>0, 0146>0, 0246>0, 0346>0, 0156>0, 0256>0, 0356>0, 0456>0}
G[29138] min_theta=31 / 16
  {0123  , 0124  , 0134  , 1234>1, 0125>0, 0135>0, 0235  , 0145>0, 0245>0, 0345>0}
  {0123  , 0124  , 0134  , 1234>1, 0125>0, 0135>0, 0235  , 0145>0, 0245>0, 0345>0, 0126>0, 0136>0, 0236>0, 0146>0, 0246>0, 0346>0, 0156>0, 0256>0, 0356>0, 0456>0}
G[29139] min_theta=32 / 17
  {0123  , 0124  , 0134  , 1234>1, 0125>0, 0135>0, 0235>0, 0145>0, 0245>0, 0345>0}
  {0123  , 0124  , 0134  , 1234>1, 0125>0, 0135>0, 0235>0, 0145>0, 0245>0, 0345>0, 0126>0, 0136>0, 0236>0, 0146>0, 0246>0, 0346>0, 0156>0, 0256>0, 0356>0, 0456>0}
G[29140] min_theta=23 / 11
  {0123  , 0124  , 0134>0, 0234  , 0125  , 0135  , 0235>0, 0145  , 0245>0, 0345  }
  {0123  , 0124  , 0134>0, 0234  , 0125  , 0135  , 0235>0, 0145  , 0245>0, 0345  , 0126>1, 0136>1, 1236  , 0146>1, 1246  , 2346>6, 0156>1, 1256  , 1356  , 2356>6, 1456  , 2456>6, 3456>6}
G[29141] min_theta=2 / 1
  {0123  , 0124  , 0134>0, 0234  , 0125  , 0135  , 0235>0, 0145  , 0245>0, 0345>0}
  {0123  , 0124  , 0134>0, 0234  , 0125  , 0135  , 0235>0, 0145  , 0245>0, 0345>0, 0126>1, 0136>1, 1236  , 0146>1, 1246  , 2346>6, 0156>1, 1256  , 1356  , 2356>6, 1456  , 2456>6, 3456>6}
G[29142] min_theta=29 / 14
  {0123  , 0124  , 0134>0, 0234  , 0125  , 0135  , 1235>1, 0145  , 1245>1, 0345>0}
  {0123  , 0124  , 0134>0, 0234  , 0125  , 0135  , 1235>1, 0145  , 1245>1, 0345>0, 0126>0, 0136>0, 0236>0, 0146>0, 0246>0, 0346>0, 0156>0, 0256>0, 0356>0, 0456>0}
G[29143] min_theta=2 / 1
  {0123  , 0124  , 0134>0, 0234  , 0125>0, 0135  , 0235>0, 0145  , 0245>0, 0345>0}
  {0123  , 0124  , 0134>0, 0234  , 0125>0, 0135  , 0235>0, 0145  , 0245>0, 0345>0, 0126>0, 0136>0, 0236>0, 0146>0, 0246>0, 0346>0, 0156>0, 0256>0, 0356>0, 0456>0}
G[29144] min_theta=29 / 14
  {0123  , 0124  , 0134>0, 0234  , 0135  , 1235  , 0145  , 0245>4, 1245>4, 0345>0}
  {0123  , 0124  , 0134>0, 0234  , 0135  , 1235  , 0145  , 0245>4, 1245>4, 0345>0, 0136>3, 0236>3, 1236>3, 1246>4, 0346>0, 0356>3, 1356>3, 2356>3, 1456>4, 2456>4}
G[29145] min_theta=31 / 16
  {0123  , 0124  , 0134>0, 0234>0, 0125  , 0135>0, 0235>0, 0145>0, 0245>0, 0345  }
  {0123  , 0124  , 0134>0, 0234>0, 0125  , 0135>0, 0235>0, 0145>0, 0245>0, 0345  , 0126>0, 0136>0, 0236>0, 0146>0, 0246>0, 0346>0, 0156>0, 0256>0, 0356>0, 0456>0}
G[29146] min_theta=32 / 17
  {0123  , 0124  , 0134>0, 0234>0, 0125  , 0135>0, 0235>0, 0145>0, 0245>0, 0345>0}
  {0123  , 0124  , 0134>0, 0234>0, 0125  , 0135>0, 0235>0, 0145>0, 0245>0, 0345>0, 0126>0, 0136>0, 0236>0, 0146>0, 0246>0, 0346>0, 0156>0, 0256>0, 0356>0, 0456>0}
G[29147] min_theta=27 / 14
  {0123  , 0124  , 0134>0, 0234>0, 0125>0, 0135  , 0235>0, 0145  , 0245>0, 0345>0}
  {0123  , 0124  , 0134>0, 0234>0, 0125>0, 0135  , 0235>0, 0145  , 0245>0, 0345>0, 0126>1, 0136>1, 1236  , 0146>1, 1246  , 2346>6, 0156>1, 1356  , 2356>6, 1456  , 2456>6, 3456>6}
G[29148] min_theta=2 / 1
  {0123  , 0124  , 0134>0, 0234>0, 0125>0, 0135  , 0235>0, 0145>0, 0245  , 0345  }
  {0123  , 0124  , 0134>0, 0234>0, 0125>0, 0135  , 0235>0, 0145>0, 0245  , 0345  , 0126>0, 0136>0, 0236>0, 0146>0, 0246>0, 0346>0, 0156>0, 0256>0, 0356>0, 0456>0}
G[29149] min_theta=32 / 17
  {0123  , 0124  , 0134>0, 0234>0, 0125>0, 0135  , 0235>0, 0145>0, 0245>0, 0345>0}
  {0123  , 0124  , 0134>0, 0234>0, 0125>0, 0135  , 0235>0, 0145>0, 0245>0, 0345>0, 0126>0, 0136>0, 0236>0, 0146>0, 0246>0, 0346>0, 0156>0, 0256>0, 0356>0, 0456>0}
G[29150] min_theta=32 / 17
  {0123  , 0124  , 0134>0, 0234>0, 0125>0, 0135>0, 0235>0, 0145>0, 0245>0, 0345  }
  {0123  , 0124  , 0134>0, 0234>0, 0125>0, 0135>0, 0235>0, 0145>0, 0245>0, 0345  , 0126>0, 0136>0, 0236>0, 0146>0, 0246>0, 0346>0, 0156>0, 0256>0, 0356>0, 0456>0}
G[29151] min_theta=11 / 6
  {0123  , 0124  , 0134>0, 0234>0, 0125>0, 0135>0, 0235>0, 0145>0, 0245>0, 0345>0}
  {0123  , 0124  , 0134>0, 0234>0, 0125>0, 0135>0, 0235>0, 0145>0, 0245>0, 0345>0, 0126>0, 0136>0, 0236>0, 0146>0, 0246>0, 0346>0, 0156>0, 0256>0, 0356>0, 0456>0}
G[29152] min_theta=5 / 2
  {0123  , 0124  , 0234  , 1234  , 0125  , 0135  , 0235  , 0145  , 0245  , 1345  }
  {0123  , 0124  , 0234  , 1234  , 0125  , 0135  , 0235  , 0145  , 0245  , 1345  , 0126>0, 0136>0, 0236>0, 0146>0, 0246>0, 0346>0, 0156>0, 0256>0, 0356>0, 0456>0}
G[29153] min_theta=26 / 11
  {0123  , 0124  , 0234  , 1234  , 0125  , 0135  , 0235  , 0145  , 0245>0, 1345  }
  {0123  , 0124  , 0234  , 1234  , 0125  , 0135  , 0235  , 0145  , 0245>0, 1345  , 0126>0, 0136>0, 0236>0, 0146>0, 0246>0, 0346>0, 0156>0, 0256>0, 0356>0, 0456>0}
G[29154] min_theta=9 / 4
  {0123  , 0124  , 0234  , 1234  , 0125  , 0135  , 0235  , 0145  , 0245>0, 1345>1}
  {0123  , 0124  , 0234  , 1234  , 0125  , 0135  , 0235  , 0145  , 0245>0, 1345>1, 0126>0, 0136>0, 0236>0, 0146>0, 0246>0, 0346>0, 0156>0, 0256>0, 0356>0, 0456>0}
G[29155] min_theta=26 / 11
  {0123  , 0124  , 0234  , 1234  , 0125  , 0135  , 0235  , 0145  , 1245>1, 0345  }
  {0123  , 0124  , 0234  , 1234  , 0125  , 0135  , 0235  , 0145  , 1245>1, 0345  , 0126>0, 0136>0, 0236>0, 0146>0, 0246>0, 0346>0, 0156>0, 0256>0, 0356>0, 0456>0}
G[29156] min_theta=9 / 4
  {0123  , 0124  , 0234  , 1234  , 0125  , 0135  , 0235  , 0145  , 1245>1, 0345>0}
  {0123  , 0124  , 0234  , 1234  , 0125  , 0135  , 0235  , 0145  , 1245>1, 0345>0, 0126>0, 0136>0, 0236>0, 0146>0, 0246>0, 0346>0, 0156>0, 0256>0, 0356>0, 0456>0}
G[29157] min_theta=20 / 9
  {0123  , 0124  , 0234  , 1234  , 0125  , 0135  , 0235>0, 0145  , 0245>0, 0345  }
  {0123  , 0124  , 0234  , 1234  , 0125  , 0135  , 0235>0, 0145  , 0245>0, 0345  , 0126>1, 0136>1, 1236  , 0146>1, 1246  , 1346  , 2346  , 0156>1, 1256  , 1356  , 2356>6, 1456  , 2456>6, 3456>6}
G[29158] min_theta=21 / 10
  {0123  , 0124  , 0234  , 1234  , 0125  , 0135  , 0235>0, 0145  , 0245>0, 0345>0}
  {0123  , 0124  , 0234  , 1234  , 0125  , 0135  , 0235>0, 0145  , 0245>0, 0345>0, 0126>1, 0136>1, 1236  , 0146>1, 1246  , 1346  , 2346  , 0156>1, 1256  , 1356  , 2356>6, 1456  , 2456>6, 3456>6}
G[29159] min_theta=28 / 13
  {0123  , 0124  , 0234  , 1234  , 0125  , 0135  , 0235>0, 0145  , 0245>0, 1345>1}
  {0123  , 0124  , 0234  , 1234  , 0125  , 0135  , 0235>0, 0145  , 0245>0, 1345>1, 0126>0, 0136>0, 0236>0, 0146>0, 0246>0, 0346>0, 0156>0, 0256>0, 0356>0, 0456>0}
G[29160] min_theta=28 / 13
  {0123  , 0124  , 0234  , 1234  , 0125  , 0135  , 0235>0, 0145  , 0245>0, 1345>5}
  {0123  , 0124  , 0234  , 1234  , 0125  , 0135  , 0235>0, 0145  , 0245>0, 1345>5, 0126>0, 0136>0, 0236>0, 0146>0, 0246>0, 0346>0, 0156>0, 0256>0, 0356>0, 0456>0}
G[29161] min_theta=5 / 2
  {0123  , 0124  , 0234  , 1234  , 0125  , 0135  , 1235  , 0145  , 0245  , 0345  }
  {0123  , 0124  , 0234  , 1234  , 0125  , 0135  , 1235  , 0145  , 0245  , 0345  , 0126>0, 0136>0, 0236>0, 0146>0, 0246>0, 0346>0, 0156>0, 0256>0, 0356>0, 0456>0}
G[29162] min_theta=26 / 11
  {0123  , 0124  , 0234  , 1234  , 0125  , 0135  , 1235  , 0145  , 0245  , 0345>0}
  {0123  , 0124  , 0234  , 1234  , 0125  , 0135  , 1235  , 0145  , 0245  , 0345>0, 0126>0, 0136>0, 0236>0, 0146>0, 0246>0, 0346>0, 0156>0, 0256>0, 0356>0, 0456>0}
G[29163] min_theta=5 / 2
  {0123  , 0124  , 0234  , 1234  , 0125  , 0135  , 1235  , 0145  , 0345  , 2345  }
  {0123  , 0124  , 0234  , 1234  , 0125  , 0135  , 1235  , 0145  , 0345  , 2345  , 0126>0, 0136>0, 0236>0, 0146>0, 0246>0, 0346>0, 0156>0, 0256>0, 0356>0, 0456>0}
G[29164] min_theta=9 / 4
  {0123  , 0124  , 0234  , 1234  , 0125  , 0135  , 1235  , 0145>0, 0245>0, 0345  }
  {0123  , 0124  , 0234  , 1234  , 0125  , 0135  , 1235  , 0145>0, 0245>0, 0345  , 0126>0, 0136>0, 0236>0, 0146>0, 0246>0, 0346>0, 0156>0, 0256>0, 0356>0, 0456>0}
G[29165] min_theta=9 / 4
  {0123  , 0124  , 0234  , 1234  , 0125  , 0135  , 1235>1, 0145  , 0245>0, 0345  }
  {0123  , 0124  , 0234  , 1234  , 0125  , 0135  , 1235>1, 0145  , 0245>0, 0345  , 0126>0, 0136>0, 0236>0, 0146>0, 0246>0, 0346>0, 0156>0, 0256>0, 0356>0, 0456>0}
G[29166] min_theta=28 / 13
  {0123  , 0124  , 0234  , 1234  , 0125  , 0135  , 1235>1, 0145  , 0245>0, 0345>0}
  {0123  , 0124  , 0234  , 1234  , 0125  , 0135  , 1235>1, 0145  , 0245>0, 0345>0, 0126>0, 0136>0, 0236>0, 0146>0, 0246>0, 0346>0, 0156>0, 0256>0, 0356>0, 0456>0}
G[29167] min_theta=9 / 4
  {0123  , 0124  , 0234  , 1234  , 0125  , 0135  , 1235>1, 0145  , 1245>1, 0345  }
  {0123  , 0124  , 0234  , 1234  , 0125  , 0135  , 1235>1, 0145  , 1245>1, 0345  , 0126>0, 0136>0, 0236>0, 0146>0, 0246>0, 0346>0, 0156>0, 0256>0, 0356>0, 0456>0}
G[29168] min_theta=28 / 13
  {0123  , 0124  , 0234  , 1234  , 0125  , 0135  , 1235>1, 0145>0, 0245>0, 0345  }
  {0123  , 0124  , 0234  , 1234  , 0125  , 0135  , 1235>1, 0145>0, 0245>0, 0345  , 0126>0, 0136>0, 0236>0, 0146>0, 0246>0, 0346>0, 0156>0, 0256>0, 0356>0, 0456>0}
G[29169] min_theta=29 / 14
  {0123  , 0124  , 0234  , 1234  , 0125  , 0135  , 1235>1, 0145>0, 0245>0, 0345>0}
  {0123  , 0124  , 0234  , 1234  , 0125  , 0135  , 1235>1, 0145>0, 0245>0, 0345>0, 0126>0, 0136>0, 0236>0, 0146>0, 0246>0, 0346>0, 0156>0, 0256>0, 0356>0, 0456>0}
G[29170] min_theta=26 / 11
  {0123  , 0124  , 0234  , 1234  , 0125  , 0135  , 1235>1, 0245  , 0345  , 1345  }
  {0123  , 0124  , 0234  , 1234  , 0125  , 0135  , 1235>1, 0245  , 0345  , 1345  , 0126>0, 0136>0, 0236>0, 0146>0, 0246>0, 0346>0, 0156>0, 0256>0, 0356>0, 0456>0}
G[29171] min_theta=5 / 2
  {0123  , 0124  , 0234  , 1234  , 0125  , 0235  , 1235  , 0145  , 0345  , 1345  }
  {0123  , 0124  , 0234  , 1234  , 0125  , 0235  , 1235  , 0145  , 0345  , 1345  , 0126>0, 0136>0, 0236>0, 0146>0, 0246>0, 0346>0, 0156>0, 0256>0, 0356>0, 0456>0}
G[29172] min_theta=26 / 11
  {0123  , 0124  , 0234  , 1234  , 0125>0, 0135  , 0235  , 0145  , 0245  , 1345  }
  {0123  , 0124  , 0234  , 1234  , 0125>0, 0135  , 0235  , 0145  , 0245  , 1345  , 0126>0, 0136>0, 0236>0, 0146>0, 0246>0, 0346>0, 0156>0, 0256>0, 0356>0, 0456>0}
G[29173] min_theta=28 / 13
  {0123  , 0124  , 0234  , 1234  , 0125>0, 0135  , 0235  , 0145  , 0245>0, 1345>1}
  {0123  , 0124  , 0234  , 1234  , 0125>0, 0135  , 0235  , 0145  , 0245>0, 1345>1, 0126>0, 0136>0, 0236>0, 0146>0, 0246>0, 0346>0, 0156>0, 0256>0, 0356>0, 0456>0}
G[29174] min_theta=28 / 13
  {0123  , 0124  , 0234  , 1234  , 0125>0, 0135  , 0235  , 0145  , 0245>0, 1345>5}
  {0123  , 0124  , 0234  , 1234  , 0125>0, 0135  , 0235  , 0145  , 0245>0, 1345>5, 0126>0, 0136>0, 0236>0, 0146>0, 0246>0, 0346>0, 0156>0, 0256>0, 0356>0, 0456>0}
G[29175] min_theta=29 / 14
  {0123  , 0124  , 0234  , 1234  , 0125>0, 0135  , 0235>0, 0145  , 0245>0, 0345>0}
  {0123  , 0124  , 0234  , 1234  , 0125>0, 0135  , 0235>0, 0145  , 0245>0, 0345>0, 0126>0, 0136>0, 0236>0, 0146>0, 0246>0, 0346>0, 0156>0, 0256>0, 0356>0, 0456>0}
G[29176] min_theta=29 / 14
  {0123  , 0124  , 0234  , 1234  , 0125>0, 0135  , 0235>0, 0145  , 0245>0, 1345>1}
  {0123  , 0124  , 0234  , 1234  , 0125>0, 0135  , 0235>0, 0145  , 0245>0, 1345>1, 0126>0, 0136>0, 0236>0, 0146>0, 0246>0, 0346>0, 0156>0, 0256>0, 0356>0, 0456>0}
G[29177] min_theta=29 / 14
  {0123  , 0124  , 0234  , 1234  , 0125>0, 0135  , 0235>0, 0145  , 0245>0, 1345>5}
  {0123  , 0124  , 0234  , 1234  , 0125>0, 0135  , 0235>0, 0145  , 0245>0, 1345>5, 0126>0, 0136>0, 0236>0, 0146>0, 0246>0, 0346>0, 0156>0, 0256>0, 0356>0, 0456>0}
G[29178] min_theta=9 / 4
  {0123  , 0124  , 0234  , 1234  , 0135  , 0235  , 1235  , 0145  , 0245>0, 1345>1}
  {0123  , 0124  , 0234  , 1234  , 0135  , 0235  , 1235  , 0145  , 0245>0, 1345>1, 0126>0, 0136>0, 0236>0, 0146>0, 0246>0, 0346>0, 0156>0, 0256>0, 0356>0, 0456>0}
G[29179] min_theta=28 / 13
  {0123  , 0124  , 0234  , 1234>2, 0125  , 0135  , 0235>0, 0145  , 0245>0, 0345  }
  {0123  , 0124  , 0234  , 1234>2, 0125  , 0135  , 0235>0, 0145  , 0245>0, 0345  , 0126>0, 0136>0, 0236>0, 0146>0, 0246>0, 0346>0, 0156>0, 0256>0, 0356>0, 0456>0}
G[29180] min_theta=29 / 14
  {0123  , 0124  , 0234  , 1234>2, 0125  , 0135  , 0235>0, 0145  , 0245>0, 0345>0}
  {0123  , 0124  , 0234  , 1234>2, 0125  , 0135  , 0235>0, 0145  , 0245>0, 0345>0, 0126>0, 0136>0, 0236>0, 0146>0, 0246>0, 0346>0, 0156>0, 0256>0, 0356>0, 0456>0}
G[29181] min_theta=28 / 13
  {0123  , 0124  , 0234  , 1234>2, 0125  , 0135  , 0235>0, 0145  , 0245>0, 1345  }
  {0123  , 0124  , 0234  , 1234>2, 0125  , 0135  , 0235>0, 0145  , 0245>0, 1345  , 0126>0, 0136>0, 0236>0, 0146>0, 0246>0, 0346>0, 0156>0, 0256>0, 0356>0, 0456>0}
G[29182] min_theta=29 / 14
  {0123  , 0124  , 0234  , 1234>2, 0125  , 0135  , 0235>0, 0145  , 0245>0, 1345>1}
  {0123  , 0124  , 0234  , 1234>2, 0125  , 0135  , 0235>0, 0145  , 0245>0, 1345>1, 0126>0, 0136>0, 0236>0, 0146>0, 0246>0, 0346>0, 0156>0, 0256>0, 0356>0, 0456>0}
G[29183] min_theta=28 / 13
  {0123  , 0124  , 0234  , 1234>2, 0125  , 0135  , 1235>1, 0145  , 0245>0, 0345  }
  {0123  , 0124  , 0234  , 1234>2, 0125  , 0135  , 1235>1, 0145  , 0245>0, 0345  , 0126>0, 0136>0, 0236>0, 0146>0, 0246>0, 0346>0, 0156>0, 0256>0, 0356>0, 0456>0}
G[29184] min_theta=29 / 14
  {0123  , 0124  , 0234  , 1234>2, 0125  , 0135  , 1235>1, 0145  , 0245>0, 0345>0}
  {0123  , 0124  , 0234  , 1234>2, 0125  , 0135  , 1235>1, 0145  , 0245>0, 0345>0, 0126>0, 0136>0, 0236>0, 0146>0, 0246>0, 0346>0, 0156>0, 0256>0, 0356>0, 0456>0}
G[29185] min_theta=28 / 13
  {0123  , 0124  , 0234  , 1234>2, 0125  , 0135  , 1235>1, 0145  , 1245>1, 0345  }
  {0123  , 0124  , 0234  , 1234>2, 0125  , 0135  , 1235>1, 0145  , 1245>1, 0345  , 0126>0, 0136>0, 0236>0, 0146>0, 0246>0, 0346>0, 0156>0, 0256>0, 0356>0, 0456>0}
G[29186] min_theta=29 / 14
  {0123  , 0124  , 0234  , 1234>2, 0125  , 0135  , 1235>1, 0145  , 1245>1, 0345>0}
  {0123  , 0124  , 0234  , 1234>2, 0125  , 0135  , 1235>1, 0145  , 1245>1, 0345>0, 0126>0, 0136>0, 0236>0, 0146>0, 0246>0, 0346>0, 0156>0, 0256>0, 0356>0, 0456>0}
G[29187] min_theta=29 / 14
  {0123  , 0124  , 0234  , 1234>2, 0125>0, 0135  , 0235  , 0145  , 0245>0, 1345>1}
  {0123  , 0124  , 0234  , 1234>2, 0125>0, 0135  , 0235  , 0145  , 0245>0, 1345>1, 0126>0, 0136>0, 0236>0, 0146>0, 0246>0, 0346>0, 0156>0, 0256>0, 0356>0, 0456>0}
G[29188] min_theta=2 / 1
  {0123  , 0124  , 0234  , 1234>2, 0125>0, 0135  , 0235>0, 0145  , 0245>0, 0345>0}
  {0123  , 0124  , 0234  , 1234>2, 0125>0, 0135  , 0235>0, 0145  , 0245>0, 0345>0, 0126>0, 0136>0, 0236>0, 0146>0, 0246>0, 0346>0, 0156>0, 0256>0, 0356>0, 0456>0}
G[29189] min_theta=2 / 1
  {0123  , 0124  , 0234  , 1234>2, 0125>0, 0135  , 0235>0, 0145  , 0245>0, 1345>1}
  {0123  , 0124  , 0234  , 1234>2, 0125>0, 0135  , 0235>0, 0145  , 0245>0, 1345>1, 0126>0, 0136>0, 0236>0, 0146>0, 0246>0, 0346>0, 0156>0, 0256>0, 0356>0, 0456>0}
G[29190] min_theta=2 / 1
  {0123  , 0124  , 0234  , 1234>2, 0125>0, 0135  , 0235>0, 0145  , 0245>0, 1345>5}
  {0123  , 0124  , 0234  , 1234>2, 0125>0, 0135  , 0235>0, 0145  , 0245>0, 1345>5, 0126>0, 0136>0, 0236>0, 0146>0, 0246>0, 0346>0, 0156>0, 0256>0, 0356>0, 0456>0}
G[29191] min_theta=15 / 7
  {0123  , 0124  , 0234  , 1234>2, 0125>1, 0135  , 1235>1, 0145  , 1245>1, 0345>0}
  {0123  , 0124  , 0234  , 1234>2, 0125>1, 0135  , 1235>1, 0145  , 1245>1, 0345>0, 0126>0, 0136>0, 0236>0, 0146>0, 0246>0, 0346>0, 0156>0, 0356>0, 0456>0}
G[29192] min_theta=2 / 1
  {0123  , 0124  , 0234  , 1234>2, 0125>1, 0135  , 1235>1, 0145  , 1245>1, 0345>5}
  {0123  , 0124  , 0234  , 1234>2, 0125>1, 0135  , 1235>1, 0145  , 1245>1, 0345>5, 0126>2, 0236>2, 1236>2, 0246>2, 1246>2, 2346>2, 1256>1, 0356>5, 0456>5, 3456>5}
G[29193] min_theta=9 / 4
  {0123  , 0124  , 0234>2, 1234  , 0125>0, 0135  , 0235  , 0145  , 0245  , 1345  }
  {0123  , 0124  , 0234>2, 1234  , 0125>0, 0135  , 0235  , 0145  , 0245  , 1345  , 0126>2, 0236>2, 1236>2, 0246>2, 1246>2, 2346>2, 0256>0, 1356>5, 1456>5, 3456>5}
G[29194] min_theta=24 / 11
  {0123  , 0124  , 0234>2, 1234  , 0125>0, 0135  , 0235  , 0145  , 0245  , 1345>1}
  {0123  , 0124  , 0234>2, 1234  , 0125>0, 0135  , 0235  , 0145  , 0245  , 1345>1, 0136  , 1236>1, 0146  , 1246>1, 0346>6, 0156>0, 0256>5, 0356  , 2356>5, 0456  , 2456>5, 3456>6}
G[29195] min_theta=28 / 13
  {0123  , 0124  , 0234>2, 1234  , 0125>0, 0135  , 0235  , 0145  , 0245>0, 1345>1}
  {0123  , 0124  , 0234>2, 1234  , 0125>0, 0135  , 0235  , 0145  , 0245>0, 1345>1, 0136>3, 0146>4, 0246>4, 1246>4, 2346>2, 1256>5, 0356>3, 1356  , 2356>5, 0456>0}
G[29196] min_theta=26 / 11
  {0123  , 0124  , 0234>2, 1234  , 0135  , 0235  , 1235>3, 0145  , 0245  , 1345  }
  {0123  , 0124  , 0234>2, 1234  , 0135  , 0235  , 1235>3, 0145  , 0245  , 1345  , 0136>1, 1236>3, 0146>1, 1346  , 2346>3, 0156>1, 0256>2, 1356>1, 1456>1, 2456>2}
G[29197] min_theta=9 / 4
  {0123  , 0124  , 0234>2, 1234  , 0135  , 0235  , 1235>3, 0145  , 0245  , 1345>1}
  {0123  , 0124  , 0234>2, 1234  , 0135  , 0235  , 1235>3, 0145  , 0245  , 1345>1, 0136>1, 1236>3, 0146>1, 1346  , 2346>3, 0156>1, 0256>2, 1356>1, 1456>1, 2456>2}
G[29198] min_theta=29 / 13
  {0123  , 0124  , 0234>2, 1234  , 0135  , 0235  , 1235>3, 0145  , 0245>0, 1345>1}
  {0123  , 0124  , 0234>2, 1234  , 0135  , 0235  , 1235>3, 0145  , 0245>0, 1345>1, 0126>0, 0136>0, 0236>0, 0146>0, 0246>0, 0156>0, 0256>0, 0356>0, 0456>0}
G[29199] min_theta=31 / 15
  {0123  , 0124  , 0234>2, 1234>2, 0125>0, 0135  , 0235>0, 0145  , 0245>0, 1345>1}
  {0123  , 0124  , 0234>2, 1234>2, 0125>0, 0135  , 0235>0, 0145  , 0245>0, 1345>1, 0126>0, 0136>0, 0236>0, 0146>0, 0246>0, 0156>0, 0256>0, 0356>0, 0456>0}
G[29200] min_theta=29 / 14
  {0123  , 0124>0, 0134  , 0234  , 0125  , 0135  , 1235>1, 0145>0, 0245  , 2345>4}
  {0123  , 0124>0, 0134  , 0234  , 0125  , 0135  , 1235>1, 0145>0, 0245  , 2345>4, 0126>0, 0136>0, 0236>0, 0146>0, 0246>0, 0346>0, 0156>0, 0256>0, 0356>0, 0456>0}
G[29201] min_theta=24 / 11
  {0123  , 0124>0, 0134  , 0234  , 0125  , 0135>1, 1235  , 0145  , 0245>0, 1345>1}
  {0123  , 0124>0, 0134  , 0234  , 0125  , 0135>1, 1235  , 0145  , 0245>0, 1345>1, 0136>3, 0236>3, 1236  , 1246>6, 0346>3, 1346  , 2346  , 0256>5, 1256  , 1356>1, 0456>5, 1456  }
G[29202] min_theta=29 / 14
  {0123  , 0124>0, 0134  , 0234  , 0125  , 0235>2, 1235  , 0145  , 0245>0, 1345>4}
  {0123  , 0124>0, 0134  , 0234  , 0125  , 0235>2, 1235  , 0145  , 0245>0, 1345>4, 0126>2, 0236>2, 1236>2, 0246>0, 1346>4, 0256>2, 1256>2, 2356>2, 1456>4, 3456>4}
G[29203] min_theta=29 / 14
  {0123  , 0124>0, 0134  , 0234  , 0125  , 0235>2, 1235>2, 0145  , 0245>0, 1345>1}
  {0123  , 0124>0, 0134  , 0234  , 0125  , 0235>2, 1235>2, 0145  , 0245>0, 1345>1, 0136>3, 1246>4, 0346>3, 1346  , 2346>4, 0156>5, 0256>5, 1256>5, 2356>2, 0456>0}
G[29204] min_theta=31 / 16
  {0123  , 0124>0, 0134  , 0234>0, 0125  , 0135>0, 0235>0, 0145>0, 0245  , 0345>0}
  {0123  , 0124>0, 0134  , 0234>0, 0125  , 0135>0, 0235>0, 0145>0, 0245  , 0345>0, 0126>0, 0136>0, 0236>0, 0146>0, 0246>0, 0346>0, 0156>0, 0256>0, 0356>0, 0456>0}
G[29205] min_theta=11 / 6
  {0123  , 0124>0, 0134>0, 0234>0, 0125>0, 0135>0, 0235>0, 0145  , 0245>0, 0345>0}
  {0123  , 0124>0, 0134>0, 0234>0, 0125>0, 0135>0, 0235>0, 0145  , 0245>0, 0345>0, 0126>0, 0136>0, 0236>0, 0146>0, 0246>0, 0346>0, 0156>0, 0256>0, 0356>0, 0456>0}
G[29206] min_theta=34 / 19
  {0123  , 0124>0, 0134>0, 0234>0, 0125>0, 0135>0, 0235>0, 0145>0, 0245>0, 0345>0}
  {0123  , 0124>0, 0134>0, 0234>0, 0125>0, 0135>0, 0235>0, 0145>0, 0245>0, 0345>0, 0126>0, 0136>0, 0236>0, 0146>0, 0246>0, 0346>0, 0156>0, 0256>0, 0356>0, 0456>0}
G[29207] min_theta=9 / 4
  {0123  , 0134  , 0234  , 1234  , 0125  , 0135  , 1235>1, 0245  , 1245  , 0345>0}
  {0123  , 0134  , 0234  , 1234  , 0125  , 0135  , 1235>1, 0245  , 1245  , 0345>0, 0126>0, 0136>0, 0236>0, 0146>0, 0246>0, 0346>0, 0156>0, 0256>0, 0356>0, 0456>0}
G[29208] min_theta=9 / 4
  {0123  , 0134  , 0234  , 1234  , 0125  , 0135>0, 0235  , 0145  , 1245  , 0345>0}
  {0123  , 0134  , 0234  , 1234  , 0125  , 0135>0, 0235  , 0145  , 1245  , 0345>0, 0126>0, 0136>0, 0236>0, 0146>0, 0246>0, 0346>0, 0156>0, 0256>0, 0356>0, 0456>0}
G[29209] min_theta=28 / 13
  {0123  , 0134  , 0234  , 1234  , 0125  , 0235  , 1235>2, 0145  , 1245>1, 0345>0}
  {0123  , 0134  , 0234  , 1234  , 0125  , 0235  , 1235>2, 0145  , 1245>1, 0345>0, 0126>0, 0136>0, 0236>0, 0146>0, 0246>0, 0346>0, 0156>0, 0256>0, 0356>0, 0456>0}
G[29210] min_theta=28 / 13
  {0123  , 0134  , 0234  , 1234>3, 0125  , 0135>0, 0235  , 0145  , 1245  , 0345>0}
  {0123  , 0134  , 0234  , 1234>3, 0125  , 0135>0, 0235  , 0145  , 1245  , 0345>0, 0126>0, 0136>0, 0236>0, 0146>0, 0246>0, 0346>0, 0156>0, 0256>0, 0356>0, 0456>0}
G[29211] min_theta=28 / 13
  {0123  , 0134  , 0234  , 1234>3, 0125  , 0135>1, 1235  , 0145  , 0245  , 1345>1}
  {0123  , 0134  , 0234  , 1234>3, 0125  , 0135>1, 1235  , 0145  , 0245  , 1345>1, 0136>3, 0236>3, 1236>3, 0346>3, 1346>3, 2346>3, 0256>5, 1356>1, 0456>5, 2456>5}
G[29212] min_theta=28 / 13
  {0123>0, 0124  , 0134  , 0234  , 0125  , 0135  , 0235  , 0145  , 1245>1, 1345>1}
  {0123>0, 0124  , 0134  , 0234  , 0125  , 0135  , 0235  , 0145  , 1245>1, 1345>1, 0126>0, 0136>0, 0236>0, 0146>0, 0246>0, 0346>0, 0156>0, 0256>0, 0356>0, 0456>0}
G[29213] min_theta=28 / 13
  {0123>0, 0124  , 0134  , 0234  , 0125  , 0135  , 0235  , 0145  , 1345>1, 2345>2}
  {0123>0, 0124  , 0134  , 0234  , 0125  , 0135  , 0235  , 0145  , 1345>1, 2345>2, 0126>0, 0136>0, 0236>0, 0146>0, 0246>0, 0346>0, 0156>0, 0256>0, 0356>0, 0456>0}
G[29214] min_theta=29 / 14
  {0123>0, 0124  , 0134  , 0234  , 0125  , 0135  , 0235  , 0145>0, 0245>0, 0345>0}
  {0123>0, 0124  , 0134  , 0234  , 0125  , 0135  , 0235  , 0145>0, 0245>0, 0345>0, 0126>0, 0136>0, 0236>0, 0146>0, 0246>0, 0346>0, 0156>0, 0256>0, 0356>0, 0456>0}
G[29215] min_theta=9 / 4
  {0123>0, 0124  , 0134  , 0234  , 0125  , 0135  , 0235  , 0145>1, 1245  , 1345  }
  {0123>0, 0124  , 0134  , 0234  , 0125  , 0135  , 0235  , 0145>1, 1245  , 1345  , 0146>4, 0246>4, 1246>4, 0346>4, 1346>4, 2346>4, 0256>5, 0356>5, 2356>5, 1456>1}
G[29216] min_theta=28 / 13
  {0123>0, 0124  , 0134  , 0234  , 0125  , 0135  , 0235  , 0145>1, 1245  , 1345>1}
  {0123>0, 0124  , 0134  , 0234  , 0125  , 0135  , 0235  , 0145>1, 1245  , 1345>1, 0146>4, 0246>4, 1246>4, 0346>4, 1346>4, 2346>4, 0256>5, 0356>5, 2356>5, 1456>1}
G[29217] min_theta=28 / 13
  {0123>0, 0124  , 0134  , 0234  , 0125  , 0135  , 0235  , 0145>1, 1245  , 2345>3}
  {0123>0, 0124  , 0134  , 0234  , 0125  , 0135  , 0235  , 0145>1, 1245  , 2345>3, 0126>1, 0136>0, 0146>1, 1246>1, 2346>3, 0156>1, 1256>1, 2356>3, 1456>1, 3456>3}
G[29218] min_theta=29 / 14
  {0123>0, 0124  , 0134  , 0234  , 0125  , 0135  , 0235  , 0145>1, 1245>1, 1345>1}
  {0123>0, 0124  , 0134  , 0234  , 0125  , 0135  , 0235  , 0145>1, 1245>1, 1345>1, 0146>4, 0246>4, 1246>4, 0346>4, 1346>4, 2346>4, 0256>5, 0356>5, 2356>5, 1456>1}
G[29219] min_theta=25 / 12
  {0123>0, 0124  , 0134  , 0234  , 0125  , 0135  , 0235  , 0145>1, 1245>1, 2345>2}
  {0123>0, 0124  , 0134  , 0234  , 0125  , 0135  , 0235  , 0145>1, 1245>1, 2345>2, 0126>2, 0236>0, 0246  , 1246>2, 0346  , 1346>3, 0256  , 1256>2, 0356  , 1356>3, 0456>6, 3456>6}
G[29220] min_theta=29 / 14
  {0123>0, 0124  , 0134  , 0234  , 0125  , 0135  , 0235  , 0145>1, 1345>1, 2345>2}
  {0123>0, 0124  , 0134  , 0234  , 0125  , 0135  , 0235  , 0145>1, 1345>1, 2345>2, 0126>0, 0136>1, 0146>1, 1346>1, 2346>2, 0156>1, 1356>1, 2356>2, 1456>1, 2456>2}
G[29221] min_theta=28 / 13
  {0123>0, 0124  , 0134  , 0234  , 0125  , 0135  , 0235  , 1245  , 0345>3, 1345>3}
  {0123>0, 0124  , 0134  , 0234  , 0125  , 0135  , 0235  , 1245  , 0345>3, 1345>3, 0126>2, 0236>0, 0246>2, 1246>2, 1346>3, 0256>2, 1256>2, 1356>3, 2456>2, 3456>3}
G[29222] min_theta=26 / 11
  {0123>0, 0124  , 0134  , 0234  , 0125  , 0135  , 0235  , 1245  , 1345  , 2345  }
  {0123>0, 0124  , 0134  , 0234  , 0125  , 0135  , 0235  , 1245  , 1345  , 2345  , 0126>0, 0136>0, 0236>0, 0146>0, 0246>0, 0346>0, 0156>0, 0256>0, 0356>0, 0456>0}
G[29223] min_theta=25 / 12
  {0123>0, 0124  , 0134  , 0234  , 0125  , 0135  , 0235>0, 0145>1, 1245>1, 1345>1}
  {0123>0, 0124  , 0134  , 0234  , 0125  , 0135  , 0235>0, 0145>1, 1245>1, 1345>1, 1236>6, 0146>4, 0246>4, 1246  , 0346>4, 1346  , 2346  , 0256>5, 1256  , 0356>5, 1356  , 1456>1}
G[29224] min_theta=2 / 1
  {0123>0, 0124  , 0134  , 0234  , 0125  , 0135  , 0235>0, 0245>2, 1245>2, 1345>3}
  {0123>0, 0124  , 0134  , 0234  , 0125  , 0135  , 0235>0, 0245>2, 1245>2, 1345>3, 0126>2, 0236>0, 0246>2, 1246>2, 1346>3, 0256>2, 1256>2, 1356>3, 2456>2, 3456>3}
G[29225] min_theta=31 / 15
  {0123>0, 0124  , 0134  , 0234>0, 0125  , 0135  , 0235>0, 0145>1, 1245>1, 1345>1}
  {0123>0, 0124  , 0134  , 0234>0, 0125  , 0135  , 0235>0, 0145>1, 1245>1, 1345>1, 0126>0, 0136>0, 0236>0, 0146>0, 0246>0, 0346>0, 0156>0, 0256>0, 0356>0}
G[29226] min_theta=27 / 14
  {0123>0, 0124  , 0134  , 0234>0, 0125  , 0135  , 0235>0, 0245>2, 1245>2, 1345>3}
  {0123>0, 0124  , 0134  , 0234>0, 0125  , 0135  , 0235>0, 0245>2, 1245>2, 1345>3, 0126>2, 0236>0, 0246  , 1246>2, 0346  , 1346>3, 0256  , 1256>2, 0356  , 1356>3, 2456>2, 3456>3}
G[29227] min_theta=7 / 4
  {0123>0, 0124>0, 0134>0, 0234>0, 0125>0, 0135>0, 0235>0, 0145>0, 0245>0, 0345>0}
  {0123>0, 0124>0, 0134>0, 0234>0, 0125>0, 0135>0, 0235>0, 0145>0, 0245>0, 0345>0, 0126>0, 0136>0, 0236>0, 0146>0, 0246>0, 0346>0, 0156>0, 0256>0, 0356>0, 0456>0}
G[29228] min_theta=5 / 2
  {0124  , 0134  , 0234  , 1234  , 0125  , 0135  , 0235  , 1235  , 0145  , 0245  }
  {0124  , 0134  , 0234  , 1234  , 0125  , 0135  , 0235  , 1235  , 0145  , 0245  , 0146>4, 0246>4, 1246>4, 0346>4, 1346>4, 2346>4, 1256>5, 0356>3, 1356>5, 2356>5}
G[29229] min_theta=26 / 11
  {0124  , 0134  , 0234  , 1234  , 0125  , 0135  , 0235  , 1235  , 0145  , 0245>0}
  {0124  , 0134  , 0234  , 1234  , 0125  , 0135  , 0235  , 1235  , 0145  , 0245>0, 0146>4, 0246>4, 1246>4, 0346>4, 1346>4, 2346>4, 1256>5, 0356>3, 1356>5, 2356>5}
G[29230] min_theta=5 / 2
  {0124  , 0134  , 0234  , 1234  , 0125  , 0135  , 0235  , 1235  , 0145  , 2345  }
  {0124  , 0134  , 0234  , 1234  , 0125  , 0135  , 0235  , 1235  , 0145  , 2345  , 0146>4, 0246>4, 1246>4, 0346>4, 1346>4, 2346>4, 0256>5, 1256>5, 0356>5, 1356>5}
G[29231] min_theta=26 / 11
  {0124  , 0134  , 0234  , 1234  , 0125  , 0135  , 0235  , 1235  , 0145  , 2345>2}
  {0124  , 0134  , 0234  , 1234  , 0125  , 0135  , 0235  , 1235  , 0145  , 2345>2, 0146>4, 0246>4, 1246>4, 0346>4, 1346>4, 2346>4, 0256>5, 1256>5, 0356>5, 1356>5}
G[29232] min_theta=20 / 9
  {0124  , 0134  , 0234  , 1234  , 0125  , 0135  , 0235  , 1235  , 0145>0, 0245>0}
  {0124  , 0134  , 0234  , 1234  , 0125  , 0135  , 0235  , 1235  , 0145>0, 0245>0, 0136>3, 0236>3, 1236  , 1246  , 0346>3, 1346  , 2346  , 1256  , 0356>3, 1356  , 2356  , 1456>6, 2456>6, 3456>6}
G[29233] min_theta=9 / 4
  {0124  , 0134  , 0234  , 1234  , 0125  , 0135  , 0235  , 1235  , 0245>0, 1345>1}
  {0124  , 0134  , 0234  , 1234  , 0125  , 0135  , 0235  , 1235  , 0245>0, 1345>1, 0146>4, 0246>4, 1246>4, 0346>4, 1346>4, 2346>4, 0156>5, 1256>5, 0356>5, 2356>5}
G[29234] min_theta=9 / 4
  {0124  , 0134  , 0234  , 1234  , 0125  , 0135  , 0235  , 1235>5, 0145  , 0245>0}
  {0124  , 0134  , 0234  , 1234  , 0125  , 0135  , 0235  , 1235>5, 0145  , 0245>0, 0146>4, 0246>4, 1246>4, 0346>4, 1346>4, 2346>4, 1256>5, 0356>3, 1356>5, 2356>5}
G[29235] min_theta=28 / 13
  {0124  , 0134  , 0234  , 1234  , 0125  , 0135  , 0235  , 1235>5, 0145>0, 0245>0}
  {0124  , 0134  , 0234  , 1234  , 0125  , 0135  , 0235  , 1235>5, 0145>0, 0245>0, 0146>4, 0246>4, 1246>4, 0346>4, 1346>4, 2346>4, 1256>5, 0356>3, 1356>5, 2356>5}
G[29236] min_theta=28 / 13
  {0124  , 0134  , 0234  , 1234  , 0125  , 0135  , 0235  , 0145>0, 0245>0, 0345>0}
  {0124  , 0134  , 0234  , 1234  , 0125  , 0135  , 0235  , 0145>0, 0245>0, 0345>0, 0126>0, 0136>0, 0236>0, 0146>0, 0246>0, 0346>0, 0156>0, 0256>0, 0356>0, 0456>0}
G[29237] min_theta=28 / 13
  {0124  , 0134  , 0234  , 1234  , 0125  , 0135  , 0235  , 0145>1, 1245>1, 1345>1}
  {0124  , 0134  , 0234  , 1234  , 0125  , 0135  , 0235  , 0145>1, 1245>1, 1345>1, 0126>1, 0136>1, 1236>1, 0146>1, 1246>1, 1346>1, 0156>1, 1256>1, 1356>1, 1456>1}
G[29238] min_theta=29 / 14
  {0124  , 0134  , 0234  , 1234>4, 0125  , 0135  , 0235  , 1235>5, 0145>0, 0245>0}
  {0124  , 0134  , 0234  , 1234>4, 0125  , 0135  , 0235  , 1235>5, 0145>0, 0245>0, 0146>4, 0246>4, 1246>4, 0346>4, 1346>4, 2346>4, 1256>5, 0356>3, 1356>5, 2356>5}
G[29239] min_theta=29 / 14
  {0124  , 0134  , 0234  , 1234>4, 0125  , 0135  , 0235  , 0145>0, 0245>0, 0345>0}
  {0124  , 0134  , 0234  , 1234>4, 0125  , 0135  , 0235  , 0145>0, 0245>0, 0345>0, 0126>0, 0136>0, 0236>0, 0146>0, 0246>0, 0346>0, 0156>0, 0256>0, 0356>0, 0456>0}
G[29240] min_theta=29 / 14
  {0124  , 0134  , 0234  , 1234>4, 0125  , 0135  , 0235  , 0145>1, 1245>1, 1345>1}
  {0124  , 0134  , 0234  , 1234>4, 0125  , 0135  , 0235  , 0145>1, 1245>1, 1345>1, 0146>4, 0246>4, 1246>4, 0346>4, 1346>4, 2346>4, 0256>5, 0356>5, 2356>5, 1456>1}
G[29241] min_theta=29 / 14
  {0124  , 0134  , 0234  , 1234>4, 0125  , 0135  , 1235  , 0145>0, 0245>0, 0345>0}
  {0124  , 0134  , 0234  , 1234>4, 0125  , 0135  , 1235  , 0145>0, 0245>0, 0345>0, 0126>0, 0136>0, 0236>0, 0146>0, 0246>0, 0346>0, 0156>0, 0256>0, 0356>0, 0456>0}
G[29242] min_theta=2 / 1
  {0124  , 0134  , 0234  , 0125  , 0135  , 0235>5, 1235>5, 0145>1, 1245>1, 1345>1}
  {0124  , 0134  , 0234  , 0125  , 0135  , 0235>5, 1235>5, 0145>1, 1245>1, 1345>1, 0146>4, 0246>4, 1246>4, 0346>4, 1346>4, 2346>4, 0256>5, 0356>5, 2356>5, 1456>1}
G[29243] min_theta=12 / 5
  {0123  , 0124  , 0134  , 0234  , 1234  , 0125  , 0135  , 0235  , 1235  , 0145  , 0245  }
  {0123  , 0124  , 0134  , 0234  , 1234  , 0125  , 0135  , 0235  , 1235  , 0145  , 0245  , 0146>4, 0246>4, 1246>4, 0346>4, 1346>4, 2346>4, 1256>5, 0356>3, 1356>5, 2356>5}
G[29244] min_theta=9 / 4
  {0123  , 0124  , 0134  , 0234  , 1234  , 0125  , 0135  , 0235  , 1235  , 0145  , 0245>0}
  {0123  , 0124  , 0134  , 0234  , 1234  , 0125  , 0135  , 0235  , 1235  , 0145  , 0245>0, 0136>3, 0236>3, 1236  , 1246  , 0346>3, 1346  , 2346  , 1256  , 0356>3, 1356  , 2356  , 1456>6, 2456>6, 3456>6}
G[29245] min_theta=12 / 5
  {0123  , 0124  , 0134  , 0234  , 1234  , 0125  , 0135  , 0235  , 1235  , 0145  , 2345  }
  {0123  , 0124  , 0134  , 0234  , 1234  , 0125  , 0135  , 0235  , 1235  , 0145  , 2345  , 0146>4, 0246>4, 1246>4, 0346>4, 1346>4, 2346>4, 0256>5, 1256>5, 0356>5, 1356>5}
G[29246] min_theta=25 / 11
  {0123  , 0124  , 0134  , 0234  , 1234  , 0125  , 0135  , 0235  , 1235  , 0145  , 2345>2}
  {0123  , 0124  , 0134  , 0234  , 1234  , 0125  , 0135  , 0235  , 1235  , 0145  , 2345>2, 0146>4, 0246>4, 1246>4, 0346>4, 1346>4, 2346>4, 0256>5, 1256>5, 0356>5, 1356>5}
G[29247] min_theta=19 / 9
  {0123  , 0124  , 0134  , 0234  , 1234  , 0125  , 0135  , 0235  , 1235  , 0145>0, 0245>0}
  {0123  , 0124  , 0134  , 0234  , 1234  , 0125  , 0135  , 0235  , 1235  , 0145>0, 0245>0, 0136>3, 0236>3, 1236  , 1246  , 0346>3, 1346  , 2346  , 1256  , 0356>3, 1356  , 2356  , 1456>6, 2456>6, 3456>6}
G[29248] min_theta=13 / 6
  {0123  , 0124  , 0134  , 0234  , 1234  , 0125  , 0135  , 0235  , 1235  , 0245>0, 1345>1}
  {0123  , 0124  , 0134  , 0234  , 1234  , 0125  , 0135  , 0235  , 1235  , 0245>0, 1345>1, 0146>4, 0246>4, 1246>4, 0346>4, 1346>4, 2346>4, 0156>5, 1256>5, 0356>5, 2356>5}
G[29249] min_theta=12 / 5
  {0123  , 0124  , 0134  , 0234  , 1234  , 0125  , 0135  , 0235  , 0145  , 0245  , 0345  }
  {0123  , 0124  , 0134  , 0234  , 1234  , 0125  , 0135  , 0235  , 0145  , 0245  , 0345  , 0126>0, 0136>0, 0236>0, 0146>0, 0246>0, 0346>0, 0156>0, 0256>0, 0356>0, 0456>0}
G[29250] min_theta=9 / 4
  {0123  , 0124  , 0134  , 0234  , 1234  , 0125  , 0135  , 0235  , 0145  , 0245  , 0345>0}
  {0123  , 0124  , 0134  , 0234  , 1234  , 0125  , 0135  , 0235  , 0145  , 0245  , 0345>0, 0126>2, 0236>2, 1236  , 0246>2, 1246  , 1346  , 2346  , 0256>2, 1256  , 1356>6, 2356  , 1456>6, 2456  , 3456>6}
G[29251] min_theta=25 / 11
  {0123  , 0124  , 0134  , 0234  , 1234  , 0125  , 0135  , 0235  , 0145  , 0245  , 1345>1}
  {0123  , 0124  , 0134  , 0234  , 1234  , 0125  , 0135  , 0235  , 0145  , 0245  , 1345>1, 0126>0, 0136>0, 0236>0, 0146>0, 0246>0, 0346>0, 0156>0, 0256>0, 0356>0, 0456>0}
G[29252] min_theta=19 / 9
  {0123  , 0124  , 0134  , 0234  , 1234  , 0125  , 0135  , 0235  , 0145  , 0245>0, 0345>0}
  {0123  , 0124  , 0134  , 0234  , 1234  , 0125  , 0135  , 0235  , 0145  , 0245>0, 0345>0, 0126>1, 0136>1, 1236  , 0146>1, 1246  , 1346  , 2346  , 0156>1, 1256  , 1356  , 2356>6, 1456  , 2456>6, 3456>6}
G[29253] min_theta=13 / 6
  {0123  , 0124  , 0134  , 0234  , 1234  , 0125  , 0135  , 0235  , 0145  , 1245>1, 0345>0}
  {0123  , 0124  , 0134  , 0234  , 1234  , 0125  , 0135  , 0235  , 0145  , 1245>1, 0345>0, 0126>0, 0136>0, 0236>0, 0146>0, 0246>0, 0346>0, 0156>0, 0256>0, 0356>0, 0456>0}
G[29254] min_theta=13 / 6
  {0123  , 0124  , 0134  , 0234  , 1234  , 0125  , 0135  , 0235  , 0145  , 1245>1, 1345>1}
  {0123  , 0124  , 0134  , 0234  , 1234  , 0125  , 0135  , 0235  , 0145  , 1245>1, 1345>1, 0126>0, 0136>0, 0236>0, 0146>0, 0246>0, 0346>0, 0156>0, 0256>0, 0356>0, 0456>0}
G[29255] min_theta=27 / 13
  {0123  , 0124  , 0134  , 0234  , 1234  , 0125  , 0135  , 0235  , 0145>0, 0245>0, 0345>0}
  {0123  , 0124  , 0134  , 0234  , 1234  , 0125  , 0135  , 0235  , 0145>0, 0245>0, 0345>0, 0126>0, 0136>0, 0236>0, 0146>0, 0246>0, 0346>0, 0156>0, 0256>0, 0356>0, 0456>0}
G[29256] min_theta=27 / 13
  {0123  , 0124  , 0134  , 0234  , 1234  , 0125  , 0135  , 0235  , 0145>1, 1245>1, 1345>1}
  {0123  , 0124  , 0134  , 0234  , 1234  , 0125  , 0135  , 0235  , 0145>1, 1245>1, 1345>1, 0126>1, 0136>1, 1236>1, 0146>1, 1246>1, 1346>1, 0156>1, 1256>1, 1356>1, 1456>1}
G[29257] min_theta=2 / 1
  {0123  , 0124  , 0134  , 0234  , 1234  , 0125  , 0135  , 0235>0, 0145  , 0245>0, 0345>0}
  {0123  , 0124  , 0134  , 0234  , 1234  , 0125  , 0135  , 0235>0, 0145  , 0245>0, 0345>0, 0126>1, 0136>1, 1236  , 0146>1, 1246  , 1346  , 2346  , 0156>1, 1256  , 1356  , 2356>6, 1456  , 2456>6, 3456>6}
G[29258] min_theta=13 / 6
  {0123  , 0124  , 0134  , 0234  , 1234  , 0125  , 0135  , 0235>0, 0145>0, 0245  , 0345  }
  {0123  , 0124  , 0134  , 0234  , 1234  , 0125  , 0135  , 0235>0, 0145>0, 0245  , 0345  , 0126>0, 0136>0, 0236>0, 0146>0, 0246>0, 0346>0, 0156>0, 0256>0, 0356>0, 0456>0}
G[29259] min_theta=27 / 13
  {0123  , 0124  , 0134  , 0234  , 1234  , 0125  , 0135  , 0235>0, 0145>0, 0245  , 0345>0}
  {0123  , 0124  , 0134  , 0234  , 1234  , 0125  , 0135  , 0235>0, 0145>0, 0245  , 0345>0, 0126>0, 0136>0, 0236>0, 0146>0, 0246>0, 0346>0, 0156>0, 0256>0, 0356>0, 0456>0}
G[29260] min_theta=2 / 1
  {0123  , 0124  , 0134  , 0234  , 1234  , 0125  , 0135  , 0235>0, 0145>0, 0245>0, 0345>0}
  {0123  , 0124  , 0134  , 0234  , 1234  , 0125  , 0135  , 0235>0, 0145>0, 0245>0, 0345>0, 0126>0, 0136>0, 0236>0, 0146>0, 0246>0, 0346>0, 0156>0, 0256>0, 0356>0, 0456>0}
G[29261] min_theta=12 / 5
  {0123  , 0124  , 0134  , 0234  , 1234  , 0125  , 0135  , 1235  , 0145  , 0245  , 0345  }
  {0123  , 0124  , 0134  , 0234  , 1234  , 0125  , 0135  , 1235  , 0145  , 0245  , 0345  , 0126>0, 0136>0, 0236>0, 0146>0, 0246>0, 0346>0, 0156>0, 0256>0, 0356>0, 0456>0}
G[29262] min_theta=25 / 11
  {0123  , 0124  , 0134  , 0234  , 1234  , 0125  , 0135  , 1235  , 0145  , 0245  , 0345>0}
  {0123  , 0124  , 0134  , 0234  , 1234  , 0125  , 0135  , 1235  , 0145  , 0245  , 0345>0, 0126>0, 0136>0, 0236>0, 0146>0, 0246>0, 0346>0, 0156>0, 0256>0, 0356>0, 0456>0}
G[29263] min_theta=12 / 5
  {0123  , 0124  , 0134  , 0234  , 1234  , 0125  , 0135  , 1235  , 0145  , 0245  , 2345  }
  {0123  , 0124  , 0134  , 0234  , 1234  , 0125  , 0135  , 1235  , 0145  , 0245  , 2345  , 0126>0, 0136>0, 0236>0, 0146>0, 0246>0, 0346>0, 0156>0, 0256>0, 0356>0, 0456>0}
G[29264] min_theta=25 / 11
  {0123  , 0124  , 0134  , 0234  , 1234  , 0125  , 0135  , 1235  , 0145  , 0245  , 2345>2}
  {0123  , 0124  , 0134  , 0234  , 1234  , 0125  , 0135  , 1235  , 0145  , 0245  , 2345>2, 0126>0, 0136>0, 0236>0, 0146>0, 0246>0, 0346>0, 0156>0, 0256>0, 0356>0, 0456>0}
G[29265] min_theta=25 / 11
  {0123  , 0124  , 0134  , 0234  , 1234  , 0125  , 0135  , 1235  , 0145>0, 0245  , 0345  }
  {0123  , 0124  , 0134  , 0234  , 1234  , 0125  , 0135  , 1235  , 0145>0, 0245  , 0345  , 0126>0, 0136>0, 0236>0, 0146>0, 0246>0, 0346>0, 0156>0, 0256>0, 0356>0, 0456>0}
G[29266] min_theta=13 / 6
  {0123  , 0124  , 0134  , 0234  , 1234  , 0125  , 0135  , 1235  , 0145>0, 0245  , 0345>0}
  {0123  , 0124  , 0134  , 0234  , 1234  , 0125  , 0135  , 1235  , 0145>0, 0245  , 0345>0, 0126>0, 0136>0, 0236>0, 0146>0, 0246>0, 0346>0, 0156>0, 0256>0, 0356>0, 0456>0}
G[29267] min_theta=27 / 13
  {0123  , 0124  , 0134  , 0234  , 1234  , 0125  , 0135  , 1235>1, 0145  , 0245>0, 0345>0}
  {0123  , 0124  , 0134  , 0234  , 1234  , 0125  , 0135  , 1235>1, 0145  , 0245>0, 0345>0, 0126>0, 0136>0, 0236>0, 0146>0, 0246>0, 0346>0, 0156>0, 0256>0, 0356>0, 0456>0}
G[29268] min_theta=13 / 6
  {0123  , 0124  , 0134  , 0234  , 1234  , 0125  , 0135  , 1235>1, 0145>0, 0245  , 0345  }
  {0123  , 0124  , 0134  , 0234  , 1234  , 0125  , 0135  , 1235>1, 0145>0, 0245  , 0345  , 0126>0, 0136>0, 0236>0, 0146>0, 0246>0, 0346>0, 0156>0, 0256>0, 0356>0, 0456>0}
G[29269] min_theta=27 / 13
  {0123  , 0124  , 0134  , 0234  , 1234  , 0125  , 0135  , 1235>1, 0145>0, 0245  , 0345>0}
  {0123  , 0124  , 0134  , 0234  , 1234  , 0125  , 0135  , 1235>1, 0145>0, 0245  , 0345>0, 0126>0, 0136>0, 0236>0, 0146>0, 0246>0, 0346>0, 0156>0, 0256>0, 0356>0, 0456>0}
G[29270] min_theta=2 / 1
  {0123  , 0124  , 0134  , 0234  , 1234  , 0125  , 0135  , 1235>1, 0145>0, 0245>0, 0345>0}
  {0123  , 0124  , 0134  , 0234  , 1234  , 0125  , 0135  , 1235>1, 0145>0, 0245>0, 0345>0, 0126>0, 0136>0, 0236>0, 0146>0, 0246>0, 0346>0, 0156>0, 0256>0, 0356>0, 0456>0}
G[29271] min_theta=13 / 6
  {0123  , 0124  , 0134  , 0234  , 1234  , 0125  , 0135  , 1235>1, 0245  , 1245>2, 0345  }
  {0123  , 0124  , 0134  , 0234  , 1234  , 0125  , 0135  , 1235>1, 0245  , 1245>2, 0345  , 0126>0, 0136>0, 0236>0, 0146>0, 0246>0, 0346>0, 0156>0, 0256>0, 0356>0, 0456>0}
G[29272] min_theta=27 / 13
  {0123  , 0124  , 0134  , 0234  , 1234  , 0125  , 0135  , 1235>1, 0245  , 1245>2, 0345>0}
  {0123  , 0124  , 0134  , 0234  , 1234  , 0125  , 0135  , 1235>1, 0245  , 1245>2, 0345>0, 0126>0, 0136>0, 0236>0, 0146>0, 0246>0, 0346>0, 0156>0, 0256>0, 0356>0, 0456>0}
G[29273] min_theta=2 / 1
  {0123  , 0124  , 0134  , 0234  , 1234  , 0125  , 0135>0, 0235>0, 0145>0, 0245>0, 0345  }
  {0123  , 0124  , 0134  , 0234  , 1234  , 0125  , 0135>0, 0235>0, 0145>0, 0245>0, 0345  , 0126>0, 0136>0, 0236>0, 0146>0, 0246>0, 0346>0, 0156>0, 0256>0, 0356>0, 0456>0}
G[29274] min_theta=29 / 15
  {0123  , 0124  , 0134  , 0234  , 1234  , 0125  , 0135>0, 0235>0, 0145>0, 0245>0, 0345>0}
  {0123  , 0124  , 0134  , 0234  , 1234  , 0125  , 0135>0, 0235>0, 0145>0, 0245>0, 0345>0, 0126>0, 0136>0, 0236>0, 0146>0, 0246>0, 0346>0, 0156>0, 0256>0, 0356>0, 0456>0}
G[29275] min_theta=25 / 11
  {0123  , 0124  , 0134  , 0234  , 1234  , 0125  , 0235  , 1235  , 0145  , 1245>1, 0345  }
  {0123  , 0124  , 0134  , 0234  , 1234  , 0125  , 0235  , 1235  , 0145  , 1245>1, 0345  , 0126>0, 0136>0, 0236>0, 0146>0, 0246>0, 0346>0, 0156>0, 0256>0, 0356>0, 0456>0}
G[29276] min_theta=13 / 6
  {0123  , 0124  , 0134  , 0234  , 1234  , 0125  , 0235  , 1235  , 0145  , 1245>1, 0345>0}
  {0123  , 0124  , 0134  , 0234  , 1234  , 0125  , 0235  , 1235  , 0145  , 1245>1, 0345>0, 0126>0, 0136>0, 0236>0, 0146>0, 0246>0, 0346>0, 0156>0, 0256>0, 0356>0, 0456>0}
G[29277] min_theta=15 / 8
  {0123  , 0124  , 0134  , 0234  , 1234  , 0125>0, 0135>0, 0235>0, 0145>0, 0245>0, 0345>0}
  {0123  , 0124  , 0134  , 0234  , 1234  , 0125>0, 0135>0, 0235>0, 0145>0, 0245>0, 0345>0, 0126>0, 0136>0, 0236>0, 0146>0, 0246>0, 0346>0, 0156>0, 0256>0, 0356>0, 0456>0}
G[29278] min_theta=12 / 5
  {0123  , 0124  , 0134  , 0234  , 1234  , 0135  , 0235  , 1235  , 0145  , 0245  , 1245  }
  {0123  , 0124  , 0134  , 0234  , 1234  , 0135  , 0235  , 1235  , 0145  , 0245  , 1245  , 0126>0, 0136>0, 0236>0, 0146>0, 0246>0, 0346>0, 0156>0, 0256>0, 0356>0, 0456>0}
G[29279] min_theta=25 / 11
  {0123  , 0124  , 0134  , 0234  , 0125  , 0135  , 0235  , 0145  , 0245  , 1345  , 2345>2}
  {0123  , 0124  , 0134  , 0234  , 0125  , 0135  , 0235  , 0145  , 0245  , 1345  , 2345>2, 0126>0, 0136>0, 0236>0, 0146>0, 0246>0, 0346>0, 0156>0, 0256>0, 0356>0, 0456>0}
G[29280] min_theta=13 / 6
  {0123  , 0124  , 0134  , 0234  , 0125  , 0135  , 0235  , 0145  , 0245  , 1345>1, 2345>2}
  {0123  , 0124  , 0134  , 0234  , 0125  , 0135  , 0235  , 0145  , 0245  , 1345>1, 2345>2, 0126>0, 0136>0, 0236>0, 0146>0, 0246>0, 0346>0, 0156>0, 0256>0, 0356>0, 0456>0}
G[29281] min_theta=12 / 5
  {0123  , 0124  , 0134  , 0234  , 0125  , 0135  , 0235  , 0145  , 1245  , 1345  , 2345  }
  {0123  , 0124  , 0134  , 0234  , 0125  , 0135  , 0235  , 0145  , 1245  , 1345  , 2345  , 0126>0, 0136>0, 0236>0, 0146>0, 0246>0, 0346>0, 0156>0, 0256>0, 0356>0, 0456>0}
G[29282] min_theta=27 / 13
  {0123  , 0124  , 0134  , 0234  , 0125>0, 0135  , 0235  , 0145  , 0245  , 1345>1, 2345>2}
  {0123  , 0124  , 0134  , 0234  , 0125>0, 0135  , 0235  , 0145  , 0245  , 1345>1, 2345>2, 0126>0, 0136>0, 0236>0, 0146>0, 0246>0, 0346>0, 0156>0, 0256>0, 0356>0, 0456>0}
G[29283] min_theta=13 / 6
  {0123  , 0124  , 0134  , 0234  , 0135  , 0235  , 1235  , 0145  , 0245  , 1245>4, 0345>0}
  {0123  , 0124  , 0134  , 0234  , 0135  , 0235  , 1235  , 0145  , 0245  , 1245>4, 0345>0, 0126>0, 0136>0, 0236>0, 0146>0, 0246>0, 0346>0, 0156>0, 0256>0, 0356>0, 0456>0}
G[29284] min_theta=2 / 1
  {0123  , 0124  , 0134  , 0234>0, 0125  , 0135  , 0235>0, 0245  , 1245>2, 0345  , 1345>3}
  {0123  , 0124  , 0134  , 0234>0, 0125  , 0135  , 0235>0, 0245  , 1245>2, 0345  , 1345>3, 0126>0, 0136>0, 0236>0, 0146>0, 0246>0, 0346>0, 0156>0, 0256>0, 0356>0, 0456>0}
G[29285] min_theta=25 / 11
  {0123  , 0124  , 0134  , 1234  , 0125  , 0135  , 1235  , 0145>0, 0245  , 0345  , 2345  }
  {0123  , 0124  , 0134  , 1234  , 0125  , 0135  , 1235  , 0145>0, 0245  , 0345  , 2345  , 0126>0, 0136>0, 0236>0, 0146>0, 0246>0, 0346>0, 0156>0, 0256>0, 0356>0, 0456>0}
G[29286] min_theta=20 / 9
  {0123>0, 0124  , 0134  , 0234  , 0125  , 0135  , 0235  , 0145>1, 1245  , 1345  , 2345  }
  {0123>0, 0124  , 0134  , 0234  , 0125  , 0135  , 0235  , 0145>1, 1245  , 1345  , 2345  , 1236>6, 0146>4, 0246>4, 1246  , 0346>4, 1346  , 2346  , 0256>5, 1256  , 0356>5, 1356  , 2356  , 1456>1}
G[29287] min_theta=12 / 5
  {0124  , 0134  , 0234  , 1234  , 0125  , 0135  , 0235  , 1235  , 0145  , 0245  , 0345  }
  {0124  , 0134  , 0234  , 1234  , 0125  , 0135  , 0235  , 1235  , 0145  , 0245  , 0345  , 0126>0, 0136>0, 0236>0, 0146>0, 0246>0, 0346>0, 0156>0, 0256>0, 0356>0, 0456>0}
G[29288] min_theta=25 / 11
  {0124  , 0134  , 0234  , 1234  , 0125  , 0135  , 0235  , 1235  , 0145  , 0245  , 0345>0}
  {0124  , 0134  , 0234  , 1234  , 0125  , 0135  , 0235  , 1235  , 0145  , 0245  , 0345>0, 0126>0, 0136>0, 0236>0, 0146>0, 0246>0, 0346>0, 0156>0, 0256>0, 0356>0, 0456>0}
G[29289] min_theta=12 / 5
  {0124  , 0134  , 0234  , 1234  , 0125  , 0135  , 0235  , 1235  , 0145  , 0245  , 1345  }
  {0124  , 0134  , 0234  , 1234  , 0125  , 0135  , 0235  , 1235  , 0145  , 0245  , 1345  , 0126>0, 0136>0, 0236>0, 0146>0, 0246>0, 0346>0, 0156>0, 0256>0, 0356>0, 0456>0}
G[29290] min_theta=25 / 11
  {0124  , 0134  , 0234  , 1234  , 0125  , 0135  , 0235  , 1235  , 0145  , 0245  , 1345>1}
  {0124  , 0134  , 0234  , 1234  , 0125  , 0135  , 0235  , 1235  , 0145  , 0245  , 1345>1, 0126>0, 0136>0, 0236>0, 0146>0, 0246>0, 0346>0, 0156>0, 0256>0, 0356>0, 0456>0}
G[29291] min_theta=13 / 6
  {0124  , 0134  , 0234  , 1234  , 0125  , 0135  , 0235  , 1235  , 0145  , 0245>0, 0345>0}
  {0124  , 0134  , 0234  , 1234  , 0125  , 0135  , 0235  , 1235  , 0145  , 0245>0, 0345>0, 0126>0, 0136>0, 0236>0, 0146>0, 0246>0, 0346>0, 0156>0, 0256>0, 0356>0, 0456>0}
G[29292] min_theta=13 / 6
  {0124  , 0134  , 0234  , 1234  , 0125  , 0135  , 0235  , 1235  , 0145  , 0245>0, 1345>1}
  {0124  , 0134  , 0234  , 1234  , 0125  , 0135  , 0235  , 1235  , 0145  , 0245>0, 1345>1, 0126>0, 0136>0, 0236>0, 0146>0, 0246>0, 0346>0, 0156>0, 0256>0, 0356>0, 0456>0}
G[29293] min_theta=27 / 13
  {0124  , 0134  , 0234  , 1234  , 0125  , 0135  , 0235  , 1235  , 0145>0, 0245>0, 0345>0}
  {0124  , 0134  , 0234  , 1234  , 0125  , 0135  , 0235  , 1235  , 0145>0, 0245>0, 0345>0, 0126>0, 0136>0, 0236>0, 0146>0, 0246>0, 0346>0, 0156>0, 0256>0, 0356>0, 0456>0}
G[29294] min_theta=27 / 13
  {0124  , 0134  , 0234  , 1234  , 0125  , 0135  , 0235  , 1235>5, 0145  , 0245>0, 0345>0}
  {0124  , 0134  , 0234  , 1234  , 0125  , 0135  , 0235  , 1235>5, 0145  , 0245>0, 0345>0, 0126>0, 0136>0, 0236>0, 0146>0, 0246>0, 0346>0, 0156>0, 0256>0, 0356>0, 0456>0}
G[29295] min_theta=2 / 1
  {0124  , 0134  , 0234  , 1234  , 0125  , 0135  , 0235  , 1235>5, 0145>0, 0245>0, 0345>0}
  {0124  , 0134  , 0234  , 1234  , 0125  , 0135  , 0235  , 1235>5, 0145>0, 0245>0, 0345>0, 0126>0, 0136>0, 0236>0, 0146>0, 0246>0, 0346>0, 0156>0, 0256>0, 0356>0, 0456>0}
G[29296] min_theta=23 / 12
  {0124  , 0134  , 0234  , 1234>4, 0125  , 0135  , 0235  , 1235>5, 0145>0, 0245>0, 0345>0}
  {0124  , 0134  , 0234  , 1234>4, 0125  , 0135  , 0235  , 1235>5, 0145>0, 0245>0, 0345>0, 0146  , 0246  , 1246>4, 0346  , 1346>4, 2346>4, 0156  , 0256  , 1256>5, 0356  , 1356>5, 2356>5, 0456>0}
G[29297] min_theta=23 / 10
  {0123  , 0124  , 0134  , 0234  , 1234  , 0125  , 0135  , 0235  , 1235  , 0145  , 0245  , 1245  }
  {0123  , 0124  , 0134  , 0234  , 1234  , 0125  , 0135  , 0235  , 1235  , 0145  , 0245  , 1245  , 0126>0, 0136>0, 0236>0, 0146>0, 0246>0, 0346>0, 0156>0, 0256>0, 0356>0, 0456>0}
G[29298] min_theta=23 / 10
  {0123  , 0124  , 0134  , 0234  , 1234  , 0125  , 0135  , 0235  , 1235  , 0145  , 0245  , 0345  }
  {0123  , 0124  , 0134  , 0234  , 1234  , 0125  , 0135  , 0235  , 1235  , 0145  , 0245  , 0345  , 0126>0, 0136>0, 0236>0, 0146>0, 0246>0, 0346>0, 0156>0, 0256>0, 0356>0, 0456>0}
G[29299] min_theta=24 / 11
  {0123  , 0124  , 0134  , 0234  , 1234  , 0125  , 0135  , 0235  , 1235  , 0145  , 0245  , 0345>0}
  {0123  , 0124  , 0134  , 0234  , 1234  , 0125  , 0135  , 0235  , 1235  , 0145  , 0245  , 0345>0, 0126>0, 0136>0, 0236>0, 0146>0, 0246>0, 0346>0, 0156>0, 0256>0, 0356>0, 0456>0}
G[29300] min_theta=23 / 10
  {0123  , 0124  , 0134  , 0234  , 1234  , 0125  , 0135  , 0235  , 1235  , 0145  , 0245  , 1345  }
  {0123  , 0124  , 0134  , 0234  , 1234  , 0125  , 0135  , 0235  , 1235  , 0145  , 0245  , 1345  , 0126>0, 0136>0, 0236>0, 0146>0, 0246>0, 0346>0, 0156>0, 0256>0, 0356>0, 0456>0}
G[29301] min_theta=24 / 11
  {0123  , 0124  , 0134  , 0234  , 1234  , 0125  , 0135  , 0235  , 1235  , 0145  , 0245  , 1345>1}
  {0123  , 0124  , 0134  , 0234  , 1234  , 0125  , 0135  , 0235  , 1235  , 0145  , 0245  , 1345>1, 0126>0, 0136>0, 0236>0, 0146>0, 0246>0, 0346>0, 0156>0, 0256>0, 0356>0, 0456>0}
G[29302] min_theta=25 / 12
  {0123  , 0124  , 0134  , 0234  , 1234  , 0125  , 0135  , 0235  , 1235  , 0145  , 0245>0, 0345>0}
  {0123  , 0124  , 0134  , 0234  , 1234  , 0125  , 0135  , 0235  , 1235  , 0145  , 0245>0, 0345>0, 0126>0, 0136>0, 0236>0, 0146>0, 0246>0, 0346>0, 0156>0, 0256>0, 0356>0, 0456>0}
G[29303] min_theta=25 / 12
  {0123  , 0124  , 0134  , 0234  , 1234  , 0125  , 0135  , 0235  , 1235  , 0145  , 0245>0, 1345>1}
  {0123  , 0124  , 0134  , 0234  , 1234  , 0125  , 0135  , 0235  , 1235  , 0145  , 0245>0, 1345>1, 0126>0, 0136>0, 0236>0, 0146>0, 0246>0, 0346>0, 0156>0, 0256>0, 0356>0, 0456>0}
G[29304] min_theta=2 / 1
  {0123  , 0124  , 0134  , 0234  , 1234  , 0125  , 0135  , 0235  , 1235  , 0145>0, 0245>0, 0345>0}
  {0123  , 0124  , 0134  , 0234  , 1234  , 0125  , 0135  , 0235  , 1235  , 0145>0, 0245>0, 0345>0, 0126>0, 0136>0, 0236>0, 0146>0, 0246>0, 0346>0, 0156>0, 0256>0, 0356>0, 0456>0}
G[29305] min_theta=23 / 10
  {0123  , 0124  , 0134  , 0234  , 1234  , 0135  , 0235  , 1235  , 0145  , 0245  , 1245  , 0345  }
  {0123  , 0124  , 0134  , 0234  , 1234  , 0135  , 0235  , 1235  , 0145  , 0245  , 1245  , 0345  , 0126>0, 0136>0, 0236>0, 0146>0, 0246>0, 0346>0, 0156>0, 0256>0, 0356>0, 0456>0}
G[29306] min_theta=24 / 11
  {0123  , 0124  , 0134  , 0234  , 1234  , 0135  , 0235  , 1235  , 0145  , 0245  , 1245  , 0345>0}
  {0123  , 0124  , 0134  , 0234  , 1234  , 0135  , 0235  , 1235  , 0145  , 0245  , 1245  , 0345>0, 0126>0, 0136>0, 0236>0, 0146>0, 0246>0, 0346>0, 0156>0, 0256>0, 0356>0, 0456>0}
G[29307] min_theta=23 / 10
  {0123  , 0124  , 0134  , 0234  , 0135  , 0235  , 1235  , 0145  , 0245  , 1245  , 1345  , 2345  }
  {0123  , 0124  , 0134  , 0234  , 0135  , 0235  , 1235  , 0145  , 0245  , 1245  , 1345  , 2345  , 0126>0, 0136>0, 0236>0, 0146>0, 0246>0, 0346>0, 0156>0, 0256>0, 0356>0, 0456>0}
G[29308] min_theta=11 / 5
  {0123  , 0124  , 0134  , 0234  , 1234  , 0125  , 0135  , 0235  , 1235  , 0145  , 0245  , 1245  , 0345  }
  {0123  , 0124  , 0134  , 0234  , 1234  , 0125  , 0135  , 0235  , 1235  , 0145  , 0245  , 1245  , 0345  , 0126>0, 0136>0, 0236>0, 0146>0, 0246>0, 0346>0, 0156>0, 0256>0, 0356>0, 0456>0}
G[29309] min_theta=23 / 11
  {0123  , 0124  , 0134  , 0234  , 1234  , 0125  , 0135  , 0235  , 1235  , 0145  , 0245  , 1245  , 0345>0}
  {0123  , 0124  , 0134  , 0234  , 1234  , 0125  , 0135  , 0235  , 1235  , 0145  , 0245  , 1245  , 0345>0, 0126>0, 0136>0, 0236>0, 0146>0, 0246>0, 0346>0, 0156>0, 0256>0, 0356>0, 0456>0}
G[29310] min_theta=11 / 5
  {0123  , 0124  , 0134  , 0234  , 1234  , 0125  , 0135  , 0235  , 1235  , 0145  , 0245  , 1345  , 2345  }
  {0123  , 0124  , 0134  , 0234  , 1234  , 0125  , 0135  , 0235  , 1235  , 0145  , 0245  , 1345  , 2345  , 0126>0, 0136>0, 0236>0, 0146>0, 0246>0, 0346>0, 0156>0, 0256>0, 0356>0, 0456>0}
G[29311] min_theta=21 / 10
  {0123  , 0124  , 0134  , 0234  , 1234  , 0125  , 0135  , 0235  , 1235  , 0145  , 0245  , 1245  , 0345  , 1345  }
  {0123  , 0124  , 0134  , 0234  , 1234  , 0125  , 0135  , 0235  , 1235  , 0145  , 0245  , 1245  , 0345  , 1345  , 0126>0, 0136>0, 0236>0, 0146>0, 0246>0, 0346>0, 0156>0, 0256>0, 0356>0, 0456>0}
G[29312] min_theta=2 / 1
  {0123  , 0124  , 0134  , 0234  , 1234  , 0125  , 0135  , 0235  , 1235  , 0145  , 0245  , 1245  , 0345  , 1345  , 2345  }
  {0123  , 0124  , 0134  , 0234  , 1234  , 0125  , 0135  , 0235  , 1235  , 0145  , 0245  , 1245  , 0345  , 1345  , 2345  , 0126>0, 0136>0, 0236>0, 0146>0, 0246>0, 0346>0, 0156>0, 0256>0, 0356>0, 0456>0}
